Scenario - Test trials
Logfile written - 01/12/2015 20:16:46

Subject	Trial	Event Type	Code	Time	TTime	Uncertainty	Duration	Uncertainty	ReqTime	ReqDur	Stim Type	Pair Index

EL-23C	1	Video	instructions	-4817	0	1			0		other	0
EL-23C	1	Response	2	15379	20196	1
EL-23C	2	Response	2	77497	61083	2
EL-23C	3	Video	P15A.mpeg	84790	0	2			0		other	0
EL-23C	4	Video	P15C.mpeg	178746	0	1			0		other	0
EL-23C	4	Response	2	200614	21868	2
EL-23C	6	Video	P4A.mpeg	212683	0	1			0		other	0
EL-23C	7	Video	P4C.mpeg	236088	0	2			0		other	0
EL-23C	7	Response	2	264599	28511	1
EL-23C	9	Video	P14A.mpeg	277047	0	2			0		other	0
EL-23C	9	Response	2	306856	29809	2
EL-23C	10	Video	P14C.mpeg	312322	0	2			0		other	0
EL-23C	10	Response	2	359130	46808	1
EL-23C	12	Video	P13A.mpeg	370334	0	1			0		other	0
EL-23C	13	Video	P13C.mpeg	387888	0	1			0		other	0
EL-23C	13	Response	2	410252	22364	2
EL-23C	15	Video	P9A.mpeg	422327	0	1			0		other	0
EL-23C	16	Video	P9C.mpeg	499062	0	2			0		other	0
EL-23C	16	Response	2	521266	22204	1
EL-23C	18	Video	P16A.mpeg	533334	0	2			0		other	0
EL-23C	19	Video	P16C.mpeg	603884	0	2			0		other	0
EL-23C	19	Response	2	651672	47788	2
EL-23C	21	Video	P20A.mpeg	664905	0	1			0		other	0
EL-23C	22	Video	P20C.mpeg	701517	0	2			0		other	0
EL-23C	22	Response	2	750112	48595	2
EL-23C	24	Video	P6A.mpeg	763374	0	1			0		other	0
EL-23C	25	Video	P6C.mpeg	862679	0	1			0		other	0
EL-23C	25	Response	2	883533	20854	2
EL-23C	27	Video	P17A.mpeg	895613	0	2			0		other	0
EL-23C	28	Video	P17C.mpeg	953291	0	1			0		other	0
EL-23C	28	Response	2	978741	25450	2
EL-23C	30	Video	P12A.mpeg	990906	0	1			0		other	0
EL-23C	31	Video	P12C.mpeg	1032868	0	1			0		other	0
EL-23C	31	Response	2	1101403	68535	2
EL-23C	33	Video	P5A.mpeg	1114285	0	1			0		other	0
EL-23C	34	Video	P5C.mpeg	1203392	0	1			0		other	0
EL-23C	34	Response	2	1221501	18109	1
EL-23C	36	Video	P11A.mpeg	1233317	0	1			0		other	0
EL-23C	37	Video	P11C.mpeg	1260400	0	1			0		other	0
EL-23C	37	Response	2	1316450	56050	1
EL-23C	39	Video	P18A.mpeg	1328108	0	1			0		other	0
EL-23C	40	Video	P18C.mpeg	1350677	0	1			0		other	0
EL-23C	40	Response	2	1366391	15714	1
EL-23C	42	Video	P7A.mpeg	1377760	0	2			0		other	0
EL-23C	43	Video	P7C.mpeg	1396819	0	1			0		other	0
EL-23C	43	Response	2	1419792	22973	2
EL-23C	45	Video	P3A.mpeg	1431592	0	2			0		other	0
EL-23C	46	Video	P3C.mpeg	1462019	0	1			0		other	0
EL-23C	46	Response	2	1484060	22041	2
EL-23C	48	Video	P10A.mpeg	1496124	0	1			0		other	0
EL-23C	49	Video	P10C.mpeg	1574364	0	1			0		other	0
EL-23C	49	Response	2	1584085	9721	2
EL-23C	51	Video	P1A.mpeg	1595596	0	1			0		other	0
EL-23C	52	Video	P1C.mpeg	1627026	0	1			0		other	0
EL-23C	52	Response	2	1643417	16391	2
EL-23C	54	Video	P19A.mpeg	1655781	0	1			0		other	0
EL-23C	55	Video	P19C.mpeg	1762442	0	1			0		other	0
EL-23C	55	Response	2	1782110	19668	1
EL-23C	57	Video	P8A.mpeg	1795042	0	1			0		other	0
EL-23C	58	Video	P8C.mpeg	1892508	0	1			0		other	0
EL-23C	58	Response	2	1965598	73090	2
EL-23C	60	Video	P2A.mpeg	1978104	0	1			0		other	0
EL-23C	61	Video	P2C.mpeg	2024914	0	1			0		other	0
EL-23C	61	Response	2	2071670	46756	1
EL-23C	63	Video	instructions	2082257	0	1			0		other	0
EL-23C	64	Response	2	2999197	378621	1
EL-23C	65	Video	25A.mpeg	3005926	0	2			0		other	0
EL-23C	66	Video	25C.mpeg	3078315	0	1			0		other	0
EL-23C	66	Response	2	3094685	16370	2
EL-23C	68	Video	18A.mpeg	3107237	0	1			0		other	0
EL-23C	69	Video	18C.mpeg	3163243	0	1			0		other	0
EL-23C	69	Response	2	3176329	13086	2
EL-23C	71	Video	41A.mpeg	3187985	0	1			0		other	0
EL-23C	72	Video	41C.mpeg	3221087	0	1			0		other	0
EL-23C	72	Response	2	3242904	21817	2
EL-23C	74	Video	28A.mpeg	3254356	0	1			0		other	0
EL-23C	75	Video	28C.mpeg	3284281	0	1			0		other	0
EL-23C	75	Response	2	3308379	24098	18
EL-23C	77	Video	43A.mpeg	3320726	0	1			0		other	0
EL-23C	78	Video	43C.mpeg	3358007	0	2			0		other	0
EL-23C	78	Response	2	3387643	29636	1
EL-23C	80	Video	31A.mpeg	3400973	0	1			0		other	0
EL-23C	81	Video	31C.mpeg	3504959	0	1			0		other	0
EL-23C	81	Response	2	3520963	16004	1
EL-23C	83	Video	10A.mpeg	3532878	0	1			0		other	0
EL-23C	84	Video	10C.mpeg	3583366	0	1			0		other	0
EL-23C	84	Response	2	3611294	27928	2
EL-23C	86	Video	53A.mpeg	3623824	0	1			0		other	0
EL-23C	87	Video	53C.mpeg	3682838	0	1			0		other	0
EL-23C	87	Response	2	3709435	26597	43
EL-23C	89	Video	4A.mpeg	3721289	0	2			0		other	0
EL-23C	90	Video	4C.mpeg	3740181	0	1			0		other	0
EL-23C	90	Response	2	3773439	33258	1
EL-23C	92	Video	52A.mpeg	3785319	0	2			0		other	0
EL-23C	93	Video	52C.mpeg	3833300	0	1			0		other	0
EL-23C	93	Response	2	3866344	33044	2
EL-23C	95	Video	11A.mpeg	3878271	0	2			0		other	0
EL-23C	96	Video	11C.mpeg	3915887	0	1			0		other	0
EL-23C	96	Response	2	3927302	11415	2
EL-23C	98	Video	38A.mpeg	3938791	0	1			0		other	0
EL-23C	99	Video	38C.mpeg	3978579	0	2			0		other	0
EL-23C	99	Response	2	4006000	27421	2
EL-23C	101	Video	20A.mpeg	4017198	0	1			0		other	0
EL-23C	102	Video	20C.mpeg	4042777	0	1			0		other	0
EL-23C	102	Response	2	4059379	16602	44
EL-23C	104	Video	45A.mpeg	4071699	0	1			0		other	0
EL-23C	105	Video	45C.mpeg	4127704	0	1			0		other	0
EL-23C	105	Response	2	4144265	16561	41
EL-23C	107	Video	36A.mpeg	4156292	0	1			0		other	0
EL-23C	108	Video	36C.mpeg	4208118	0	1			0		other	0
EL-23C	108	Response	2	4221419	13301	2
EL-23C	110	Video	55A.mpeg	4233529	0	1			0		other	0
EL-23C	111	Video	55C.mpeg	4279838	0	1			0		other	0
EL-23C	111	Response	2	4295245	15407	2
EL-23C	113	Video	56A.mpeg	4306587	0	1			0		other	0
EL-23C	114	Video	56C.mpeg	4328320	0	1			0		other	0
EL-23C	114	Response	2	4344754	16434	1
EL-23C	116	Video	58A.mpeg	4357911	0	1			0		other	0
EL-23C	117	Video	58C.mpeg	4487141	0	1			0		other	0
EL-23C	117	Response	2	4524874	37733	18
EL-23C	119	Video	12A.mpeg	4537462	0	1			0		other	0
EL-23C	120	Video	12C.mpeg	4568892	0	1			0		other	0
EL-23C	120	Response	2	4583457	14565	45
EL-23C	122	Video	54A.mpeg	4596477	0	1			0		other	0
EL-23C	123	Video	54C.mpeg	4675386	0	1			0		other	0
EL-23C	123	Response	2	4711479	36093	2
EL-23C	125	Video	60A.mpeg	4725038	0	1			0		other	0
EL-23C	126	Video	60C.mpeg	4775861	0	1			0		other	0
EL-23C	126	Response	2	4879343	103482	2
EL-23C	128	Video	26A.mpeg	4892552	0	2			0		other	0
EL-23C	129	Video	26C.mpeg	4965276	0	1			0		other	0
EL-23C	129	Response	2	4988463	23187	2
EL-23C	131	Video	35A.mpeg	5001052	0	1			0		other	0
EL-23C	132	Video	35C.mpeg	5045522	0	1			0		other	0
EL-23C	132	Response	2	5085136	39614	1
EL-23C	134	Video	7A.mpeg	5097682	0	1			0		other	0
EL-23C	135	Video	7C.mpeg	5150511	0	1			0		other	0
EL-23C	135	Response	2	5171288	20777	2
EL-23C	137	Video	44A.mpeg	5182944	0	1			0		other	0
EL-23C	138	Video	44C.mpeg	5221563	0	1			0		other	0
EL-23C	138	Response	2	5238341	16778	2
EL-23C	140	Video	23A.mpeg	5250150	0	2			0		other	0
EL-23C	141	Video	23C.mpeg	5294286	0	1			0		other	0
EL-23C	141	Response	2	5316996	22710	1
EL-23C	143	Video	47A.mpeg	5329561	0	1			0		other	0
EL-23C	144	Video	47C.mpeg	5370018	0	2			0		other	0
EL-23C	144	Response	2	5383661	13643	2
EL-23C	146	Video	46A.mpeg	5395597	0	1			0		other	0
EL-23C	147	Video	46C.mpeg	5455447	0	2			0		other	0
EL-23C	147	Response	2	5484379	28932	43
EL-23C	149	Video	39A.mpeg	5496239	0	1			0		other	0
EL-23C	150	Video	39C.mpeg	5547564	0	1			0		other	0
EL-23C	150	Response	2	5563295	15731	2
EL-23C	152	Video	29A.mpeg	5575315	0	2			0		other	0
EL-23C	153	Video	29C.mpeg	5643190	0	2			0		other	0
EL-23C	153	Response	2	5674375	31185	2
EL-23C	155	Response	2	5715125	28635	2
EL-23C	157	Video	21A.mpeg	5720595	0	1			0		other	0
EL-23C	158	Video	21C.mpeg	5775430	0	1			0		other	0
EL-23C	158	Response	2	5805102	29672	1
EL-23C	160	Video	1A.mpeg	5817058	0	1			0		other	0
EL-23C	161	Video	1C.mpeg	5851998	0	2			0		other	0
EL-23C	161	Response	2	5870176	18178	2
EL-23C	163	Video	9A.mpeg	5882258	0	1			0		other	0
EL-23C	164	Video	9C.mpeg	5927396	0	2			0		other	0
EL-23C	164	Response	2	5963095	35699	2
EL-23C	166	Video	40A.mpeg	5975210	0	1			0		other	0
EL-23C	167	Video	40C.mpeg	6022020	0	1			0		other	0
EL-23C	167	Response	2	6037643	15623	2
EL-23C	169	Video	34A.mpeg	6049772	0	1			0		other	0
EL-23C	170	Video	34C.mpeg	6111963	0	1			0		other	0
EL-23C	170	Response	2	6143951	31988	2
EL-23C	172	Video	6A.mpeg	6156433	0	1			0		other	0
EL-23C	173	Video	6C.mpeg	6189200	0	1			0		other	0
EL-23C	173	Response	2	6223034	33834	2
EL-23C	175	Video	32A.mpeg	6234506	0	1			0		other	0
EL-23C	176	Video	32C.mpeg	6264598	0	2			0		other	0
EL-23C	176	Response	2	6277989	13391	2
EL-23C	178	Video	13A.mpeg	6290344	0	1			0		other	0
EL-23C	179	Video	13C.mpeg	6346684	0	1			0		other	0
EL-23C	179	Response	2	6359437	12753	2
EL-23C	181	Video	2A.mpeg	6370758	0	1			0		other	0
EL-23C	182	Video	2C.mpeg	6403525	0	1			0		other	0
EL-23C	182	Response	2	6417539	14014	2
EL-23C	184	Video	49A.mpeg	6429271	0	1			0		other	0
EL-23C	185	Video	49C.mpeg	6486948	0	1			0		other	0
EL-23C	185	Response	2	6504834	17886	3
EL-23C	187	Video	17A.mpeg	6517040	0	1			0		other	0
EL-23C	188	Video	17C.mpeg	6555157	0	1			0		other	0
EL-23C	188	Response	2	6575206	20049	2
EL-23C	190	Video	3A.mpeg	6586420	0	1			0		other	0
EL-23C	191	Video	3C.mpeg	6615008	0	1			0		other	0
EL-23C	191	Response	2	6628807	13799	2
EL-23C	193	Video	22A.mpeg	6640753	0	2			0		other	0
EL-23C	194	Video	22C.mpeg	6692746	0	2			0		other	0
EL-23C	194	Response	2	6706434	13688	2
EL-23C	196	Video	8A.mpeg	6718994	0	1			0		other	0
EL-23C	197	Video	8C.mpeg	6781352	0	1			0		other	0
EL-23C	197	Response	2	6791137	9785	2
EL-23C	199	Video	50A.mpeg	6803085	0	1			0		other	0
EL-23C	200	Video	50C.mpeg	6837190	0	1			0		other	0
EL-23C	200	Response	2	6853390	16200	2
EL-23C	202	Video	48A.mpeg	6865945	0	1			0		other	0
EL-23C	203	Video	48C.mpeg	6935325	0	1			0		other	0
EL-23C	203	Response	2	6988330	53005	43
EL-23C	205	Video	24A.mpeg	7000692	0	1			0		other	0
EL-23C	206	Video	24C.mpeg	7046332	0	1			0		other	0
EL-23C	206	Response	2	7063830	17498	1
EL-23C	208	Video	30A.mpeg	7075756	0	1			0		other	0
EL-23C	209	Video	30C.mpeg	7133433	0	1			0		other	0
EL-23C	209	Response	2	7154651	21218	2
EL-23C	211	Video	16A.mpeg	7166534	0	2			0		other	0
EL-23C	212	Video	16C.mpeg	7244608	0	1			0		other	0
EL-23C	212	Response	2	7257996	13388	2
EL-23C	214	Video	14A.mpeg	7269183	0	1			0		other	0
EL-23C	215	Video	14C.mpeg	7302786	0	1			0		other	0
EL-23C	215	Response	2	7319687	16901	1
EL-23C	217	Video	57A.mpeg	7332377	0	1			0		other	0
EL-23C	218	Video	57C.mpeg	7435026	0	1			0		other	0
EL-23C	218	Response	2	7463902	28876	1
EL-23C	220	Video	5A.mpeg	7475817	0	2			0		other	0
EL-23C	221	Video	5C.mpeg	7502901	0	1			0		other	0
EL-23C	221	Response	2	7526338	23437	44
EL-23C	223	Video	42A.mpeg	7538510	0	1			0		other	0
EL-23C	224	Video	42C.mpeg	7575457	0	1			0		other	0
EL-23C	224	Response	2	7604522	29065	1
EL-23C	226	Video	51A.mpeg	7616081	0	2			0		other	0
EL-23C	227	Video	51C.mpeg	7660217	0	1			0		other	0
EL-23C	227	Response	2	7676555	16338	1
EL-23C	229	Video	59A.mpeg	7689306	0	1			0		other	0
EL-23C	230	Video	59C.mpeg	7808506	0	1			0		other	0
EL-23C	230	Response	2	7823207	14701	2
EL-23C	232	Video	37A.mpeg	7834753	0	1			0		other	0
EL-23C	233	Video	37C.mpeg	7874542	0	1			0		other	0
EL-23C	233	Response	2	7886801	12259	1
EL-23C	235	Video	27A.mpeg	7899284	0	2			0		other	0
EL-23C	236	Video	27C.mpeg	7969834	0	1			0		other	0
EL-23C	236	Response	2	8013373	43539	2
EL-23C	238	Video	19A.mpeg	8025840	0	1			0		other	0
EL-23C	239	Video	19C.mpeg	8082681	0	1			0		other	0
EL-23C	239	Response	2	8117570	34889	44
EL-23C	241	Video	15A.mpeg	8129826	0	1			0		other	0
EL-23C	242	Video	15C.mpeg	8156741	0	2			0		other	0
EL-23C	242	Response	2	8174199	17458	2
EL-23C	244	Video	33A.mpeg	8186667	0	1			0		other	0
EL-23C	245	Video	33C.mpeg	8243508	0	1			0		other	0
EL-23C	245	Response	2	8261640	18132	43
