Scenario - Test trials
Logfile written - 01/15/2015 10:08:30

Subject	Trial	Event Type	Code	Time	TTime	Uncertainty	Duration	Uncertainty	ReqTime	ReqDur	Stim Type	Pair Index

EL-25B	1	Video	instructions	-5319	0	1			0		other	0
EL-25B	1	Response	2	33080	38399	2
EL-25B	2	Response	2	97207	63073	1
EL-25B	3	Video	P3A.mpeg	103010	0	2			0		other	0
EL-25B	4	Video	P3C.mpeg	133436	0	2			0		other	0
EL-25B	4	Response	2	154674	21238	1
EL-25B	6	Video	P16A.mpeg	167373	0	1			0		other	0
EL-25B	7	Video	P16C.mpeg	237922	0	1			0		other	0
EL-25B	7	Response	2	268208	30286	3
EL-25B	9	Video	P15A.mpeg	280886	0	1			0		other	0
EL-25B	10	Video	P15C.mpeg	374839	0	1			0		other	0
EL-25B	10	Response	2	398569	23730	2
EL-25B	12	Video	P14A.mpeg	410113	0	1			0		other	0
EL-25B	13	Video	P14C.mpeg	445554	0	1			0		other	0
EL-25B	13	Response	2	492578	47024	2
EL-25B	15	Video	P6A.mpeg	505403	0	1			0		other	0
EL-25B	16	Video	P6C.mpeg	604706	0	1			0		other	0
EL-25B	16	Response	2	625853	21147	2
EL-25B	18	Video	P12A.mpeg	638308	0	1			0		other	0
EL-25B	19	Video	P12C.mpeg	679768	0	1			0		other	0
EL-25B	19	Response	2	723098	43330	2
EL-25B	21	Video	P4A.mpeg	734602	0	1			0		other	0
EL-25B	22	Video	P4C.mpeg	758006	0	1			0		other	0
EL-25B	22	Response	2	787792	29786	2
EL-25B	24	Video	P9A.mpeg	800803	0	1			0		other	0
EL-25B	25	Video	P9C.mpeg	877370	0	1			0		other	0
EL-25B	25	Response	2	899974	22604	2
EL-25B	27	Video	P7A.mpeg	911139	0	2			0		other	0
EL-25B	28	Video	P7C.mpeg	930030	0	2			0		other	0
EL-25B	28	Response	2	941632	11602	2
EL-25B	30	Video	P17A.mpeg	953101	0	1			0		other	0
EL-25B	31	Video	P17C.mpeg	1010776	0	2			0		other	0
EL-25B	31	Response	2	1039560	28784	1
EL-25B	33	Video	P13A.mpeg	1050564	0	1			0		other	0
EL-25B	34	Video	P13C.mpeg	1067951	0	1			0		other	0
EL-25B	34	Response	2	1101938	33987	1
EL-25B	36	Video	P11A.mpeg	1114091	0	1			0		other	0
EL-25B	37	Video	P11C.mpeg	1141006	0	2			0		other	0
EL-25B	37	Response	2	1194747	53741	2
EL-25B	39	Video	P19A.mpeg	1207041	0	1			0		other	0
EL-25B	40	Video	P19C.mpeg	1313532	0	1			0		other	0
EL-25B	40	Response	2	1331763	18231	1
EL-25B	42	Video	P5A.mpeg	1344125	0	2			0		other	0
EL-25B	43	Video	P5C.mpeg	1433063	0	1			0		other	0
EL-25B	43	Response	2	1449545	16482	2
EL-25B	45	Video	P10A.mpeg	1460814	0	1			0		other	0
EL-25B	46	Video	P10C.mpeg	1538885	0	2			0		other	0
EL-25B	46	Response	2	1556720	17835	2
EL-25B	48	Video	P18A.mpeg	1567974	0	1			0		other	0
EL-25B	49	Video	P18C.mpeg	1590543	0	1			0		other	0
EL-25B	49	Response	2	1614337	23794	2
EL-25B	51	Video	P20A.mpeg	1625984	0	1			0		other	0
EL-25B	52	Video	P20C.mpeg	1662596	0	1			0		other	0
EL-25B	52	Response	2	1701850	39254	2
EL-25B	54	Video	P8A.mpeg	1714755	0	1			0		other	0
EL-25B	55	Video	P8C.mpeg	1812218	0	2			0		other	0
EL-25B	55	Response	2	1835075	22857	2
EL-25B	57	Video	P2A.mpeg	1846824	0	1			0		other	0
EL-25B	58	Video	P2C.mpeg	1893466	0	1			0		other	0
EL-25B	58	Response	2	1895974	2508	2
EL-25B	60	Video	P1A.mpeg	1907341	0	2			0		other	0
EL-25B	61	Video	P1C.mpeg	1938771	0	1			0		other	0
EL-25B	61	Response	2	1955080	16309	2
EL-25B	63	Video	instructions	1964850	0	1			0		other	0
EL-25B	64	Response	2	2545768	42611	2
EL-25B	65	Video	47A.mpeg	2551972	0	2			0		other	0
EL-25B	66	Video	47C.mpeg	2592429	0	1			0		other	0
EL-25B	66	Response	2	2617359	24930	43
EL-25B	68	Video	12A.mpeg	2629040	0	2			0		other	0
EL-25B	69	Video	12C.mpeg	2660470	0	1			0		other	0
EL-25B	69	Response	2	2675641	15171	1
EL-25B	71	Video	38A.mpeg	2686883	0	1			0		other	0
EL-25B	72	Video	38C.mpeg	2726671	0	2			0		other	0
EL-25B	72	Response	2	2753794	27123	2
EL-25B	74	Video	39A.mpeg	2765623	0	2			0		other	0
EL-25B	75	Video	39C.mpeg	2816946	0	2			0		other	0
EL-25B	75	Response	2	2830692	13746	34
EL-25B	77	Video	10A.mpeg	2842357	0	1			0		other	0
EL-25B	78	Video	10C.mpeg	2893011	0	2			0		other	0
EL-25B	78	Response	2	2917649	24638	1
EL-25B	80	Video	4A.mpeg	2928787	0	1			0		other	0
EL-25B	81	Video	4C.mpeg	2947845	0	1			0		other	0
EL-25B	81	Response	2	2977098	29253	2
EL-25B	83	Video	5A.mpeg	2988135	0	1			0		other	0
EL-25B	84	Video	5C.mpeg	3015050	0	1			0		other	0
EL-25B	84	Response	2	3040227	25177	2
EL-25B	86	Video	42A.mpeg	3052665	0	1			0		other	0
EL-25B	87	Video	42C.mpeg	3089443	0	2			0		other	0
EL-25B	87	Response	2	3115787	26344	2
EL-25B	89	Video	19A.mpeg	3127727	0	1			0		other	0
EL-25B	90	Video	19C.mpeg	3184734	0	1			0		other	0
EL-25B	90	Response	2	3215556	30822	2
EL-25B	92	Video	9A.mpeg	3227698	0	1			0		other	0
EL-25B	93	Video	9C.mpeg	3273003	0	1			0		other	0
EL-25B	93	Response	2	3305188	32185	45
EL-25B	95	Video	2A.mpeg	3316970	0	1			0		other	0
EL-25B	96	Video	2C.mpeg	3349569	0	2			0		other	0
EL-25B	96	Response	2	3367332	17763	43
EL-25B	98	Video	31A.mpeg	3379995	0	1			0		other	0
EL-25B	99	Video	31C.mpeg	3483812	0	1			0		other	0
EL-25B	99	Response	2	3497311	13499	2
EL-25B	101	Video	45A.mpeg	3509055	0	1			0		other	0
EL-25B	102	Video	45C.mpeg	3565226	0	2			0		other	0
EL-25B	102	Response	2	3580951	15725	42
EL-25B	104	Video	44A.mpeg	3592810	0	2			0		other	0
EL-25B	105	Video	44C.mpeg	3631094	0	1			0		other	0
EL-25B	105	Response	2	3650036	18942	1
EL-25B	107	Video	1A.mpeg	3661520	0	1			0		other	0
EL-25B	107	Response	2	3695921	34401	2
EL-25B	108	Video	1C.mpeg	3696460	0	1			0		other	0
EL-25B	109	Response	2	3738763	1011	1
EL-25B	110	Video	46A.mpeg	3749621	0	2			0		other	0
EL-25B	111	Video	46C.mpeg	3809136	0	1			0		other	0
EL-25B	111	Response	2	3826556	17420	1
EL-25B	113	Video	25A.mpeg	3839228	0	1			0		other	0
EL-25B	114	Video	25C.mpeg	3911281	0	1			0		other	0
EL-25B	114	Response	2	3927999	16718	2
EL-25B	116	Video	26A.mpeg	3941038	0	1			0		other	0
EL-25B	117	Video	26C.mpeg	4013760	0	1			0		other	0
EL-25B	117	Response	2	4031044	17284	2
EL-25B	119	Video	28A.mpeg	4042347	0	1			0		other	0
EL-25B	120	Video	28C.mpeg	4072271	0	1			0		other	0
EL-25B	120	Response	2	4092384	20113	1
EL-25B	122	Video	18A.mpeg	4104202	0	1			0		other	0
EL-25B	123	Video	18C.mpeg	4160206	0	1			0		other	0
EL-25B	123	Response	2	4170241	10035	2
EL-25B	125	Video	30A.mpeg	4182273	0	1			0		other	0
EL-25B	126	Video	30C.mpeg	4239949	0	1			0		other	0
EL-25B	126	Response	2	4257905	17956	2
EL-25B	128	Video	29A.mpeg	4270542	0	1			0		other	0
EL-25B	129	Video	29C.mpeg	4338416	0	1			0		other	0
EL-25B	129	Response	2	4369609	31193	1
EL-25B	131	Video	50A.mpeg	4381380	0	1			0		other	0
EL-25B	132	Video	50C.mpeg	4415484	0	1			0		other	0
EL-25B	132	Response	2	4429802	14318	2
EL-25B	134	Video	6A.mpeg	4441730	0	2			0		other	0
EL-25B	135	Video	6C.mpeg	4474497	0	1			0		other	0
EL-25B	135	Response	2	4509446	34949	45
EL-25B	137	Video	60A.mpeg	4522476	0	2			0		other	0
EL-25B	138	Video	60C.mpeg	4573465	0	1			0		other	0
EL-25B	138	Response	2	4681958	108493	2
EL-25B	140	Video	35A.mpeg	4694500	0	2			0		other	0
EL-25B	141	Video	35C.mpeg	4739137	0	1			0		other	0
EL-25B	141	Response	2	4773226	34089	2
EL-25B	143	Video	16A.mpeg	4785611	0	2			0		other	0
EL-25B	144	Video	16C.mpeg	4863515	0	2			0		other	0
EL-25B	144	Response	2	4880792	17277	2
EL-25B	146	Video	11A.mpeg	4892270	0	1			0		other	0
EL-25B	147	Video	11C.mpeg	4929717	0	1			0		other	0
EL-25B	147	Response	2	4941606	11889	3
EL-25B	149	Video	23A.mpeg	4953623	0	2			0		other	0
EL-25B	150	Video	23C.mpeg	4997925	0	1			0		other	0
EL-25B	150	Response	2	5016993	19068	1
EL-25B	152	Video	17A.mpeg	5029187	0	1			0		other	0
EL-25B	153	Video	17C.mpeg	5067303	0	1			0		other	0
EL-25B	153	Response	2	5092778	25475	1
EL-25B	155	Response	2	5731173	626924	2
EL-25B	157	Video	20A.mpeg	5736676	0	1			0		other	0
EL-25B	158	Video	20C.mpeg	5762254	0	1			0		other	0
EL-25B	158	Response	2	5779853	17599	2
EL-25B	160	Video	52A.mpeg	5791677	0	1			0		other	0
EL-25B	161	Video	52C.mpeg	5839656	0	2			0		other	0
EL-25B	161	Response	2	5853348	13692	45
EL-25B	163	Video	36A.mpeg	5865736	0	1			0		other	0
EL-25B	164	Video	36C.mpeg	5917393	0	1			0		other	0
EL-25B	164	Response	2	5930413	13020	31
EL-25B	166	Video	59A.mpeg	5942637	0	1			0		other	0
EL-25B	167	Video	59C.mpeg	6062001	0	1			0		other	0
EL-25B	167	Response	2	6085661	23660	1
EL-25B	169	Video	58A.mpeg	6098111	0	1			0		other	0
EL-25B	170	Video	58C.mpeg	6227338	0	1			0		other	0
EL-25B	170	Response	2	6266130	38792	2
EL-25B	172	Video	54A.mpeg	6279664	0	1			0		other	0
EL-25B	173	Video	54C.mpeg	6358571	0	1			0		other	0
EL-25B	173	Response	2	6395436	36865	2
EL-25B	175	Video	8A.mpeg	6407721	0	1			0		other	0
EL-25B	176	Video	8C.mpeg	6470077	0	1			0		other	0
EL-25B	176	Response	2	6486913	16836	2
EL-25B	178	Video	7A.mpeg	6498497	0	1			0		other	0
EL-25B	179	Video	7C.mpeg	6551492	0	1			0		other	0
EL-25B	179	Response	2	6569979	18487	2
EL-25B	181	Video	24A.mpeg	6581584	0	1			0		other	0
EL-25B	182	Video	24C.mpeg	6627390	0	1			0		other	0
EL-25B	182	Response	2	6648426	21036	2
EL-25B	184	Video	57A.mpeg	6660491	0	1			0		other	0
EL-25B	185	Video	57C.mpeg	6762970	0	1			0		other	0
EL-25B	185	Response	2	6787463	24493	2
EL-25B	187	Video	55A.mpeg	6798913	0	1			0		other	0
EL-25B	188	Video	55C.mpeg	6845387	0	2			0		other	0
EL-25B	188	Response	2	6867412	22025	1
EL-25B	190	Video	22A.mpeg	6879324	0	1			0		other	0
EL-25B	191	Video	22C.mpeg	6931483	0	1			0		other	0
EL-25B	191	Response	2	6946015	14532	44
EL-25B	193	Video	21A.mpeg	6957897	0	1			0		other	0
EL-25B	194	Video	21C.mpeg	7012898	0	1			0		other	0
EL-25B	194	Response	2	7037262	24364	2
EL-25B	196	Video	48A.mpeg	7049008	0	1			0		other	0
EL-25B	197	Video	48C.mpeg	7118386	0	1			0		other	0
EL-25B	197	Response	2	7173479	55093	2
EL-25B	199	Video	51A.mpeg	7185424	0	1			0		other	0
EL-25B	200	Video	51C.mpeg	7229558	0	1			0		other	0
EL-25B	200	Response	2	7255682	26124	40
EL-25B	202	Video	56A.mpeg	7266838	0	1			0		other	0
EL-25B	203	Video	56C.mpeg	7288738	0	2			0		other	0
EL-25B	203	Response	2	7305722	16984	2
EL-25B	205	Video	32A.mpeg	7316322	0	51			0		other	0
EL-25B	206	Video	32C.mpeg	7346581	0	1			0		other	0
EL-25B	206	Response	2	7360175	13594	1
EL-25B	208	Video	33A.mpeg	7371323	0	2			0		other	0
EL-25B	209	Video	33C.mpeg	7428330	0	2			0		other	0
EL-25B	209	Response	2	7442814	14484	2
EL-25B	211	Video	13A.mpeg	7455079	0	1			0		other	0
EL-25B	212	Video	13C.mpeg	7511250	0	1			0		other	0
EL-25B	212	Response	2	7525949	14699	2
EL-25B	214	Video	53A.mpeg	7537831	0	1			0		other	0
EL-25B	215	Video	53C.mpeg	7596844	0	1			0		other	0
EL-25B	215	Response	2	7609467	12623	2
EL-25B	217	Video	27A.mpeg	7621586	0	1			0		other	0
EL-25B	218	Video	27C.mpeg	7692134	0	1			0		other	0
EL-25B	218	Response	2	7714571	22437	1
EL-25B	220	Video	15A.mpeg	7726238	0	1			0		other	0
EL-25B	221	Video	15C.mpeg	7753153	0	2			0		other	0
EL-25B	221	Response	2	7769979	16826	2
EL-25B	223	Video	34A.mpeg	7782075	0	1			0		other	0
EL-25B	224	Video	34C.mpeg	7843930	0	1			0		other	0
EL-25B	224	Response	2	7866771	22841	1
EL-25B	226	Video	3A.mpeg	7877700	0	1			0		other	0
EL-25B	227	Video	3C.mpeg	7906287	0	1			0		other	0
EL-25B	227	Response	2	7920759	14472	2
EL-25B	229	Video	43A.mpeg	7932700	0	43			0		other	0
EL-25B	230	Video	43C.mpeg	7969814	0	1			0		other	0
EL-25B	230	Response	2	7987565	17751	2
EL-25B	232	Video	37A.mpeg	7998902	0	1			0		other	0
EL-25B	233	Video	37C.mpeg	8038523	0	1			0		other	0
EL-25B	233	Response	2	8050990	12467	2
EL-25B	235	Video	41A.mpeg	8061928	0	1			0		other	0
EL-25B	236	Video	41C.mpeg	8095028	0	2			0		other	0
EL-25B	236	Response	2	8117499	22471	2
EL-25B	238	Video	14A.mpeg	8128965	0	1			0		other	0
EL-25B	239	Video	14C.mpeg	8162568	0	1			0		other	0
EL-25B	239	Response	2	8186483	23915	2
EL-25B	241	Video	40A.mpeg	8198510	0	2			0		other	0
EL-25B	242	Video	40C.mpeg	8245487	0	1			0		other	0
EL-25B	242	Response	2	8249275	3788	2
EL-25B	244	Video	49A.mpeg	8260867	0	1			0		other	0
EL-25B	245	Video	49C.mpeg	8318710	0	1			0		other	0
EL-25B	245	Response	2	8337146	18436	2
