Scenario - Test trials
Logfile written - 11/07/2014 14:43:35

Subject	Trial	Event Type	Code	Time	TTime	Uncertainty	Duration	Uncertainty	ReqTime	ReqDur	Stim Type	Pair Index

EL-5	1	Video	instructions	-4817	0	1			0		other	0
EL-5	2	Response	2	1289936	166283	2
EL-5	3	Video	P11A.mpeg	1296853	0	1			0		other	0
EL-5	4	Video	P11C.mpeg	1341825	0	1			0		other	0
EL-5	4	Response	2	1382625	40800	1
EL-5	6	Video	P9A.mpeg	1395490	0	1			0		other	0
EL-5	7	Video	P9C.mpeg	1464368	0	1			0		other	0
EL-5	7	Response	2	1487444	23076	1
EL-5	9	Video	P10A.mpeg	1499643	0	1			0		other	0
EL-5	10	Video	P10C.mpeg	1612992	0	1			0		other	0
EL-5	10	Response	2	1658534	45542	3
EL-5	12	Video	P14A.mpeg	1671171	0	1			0		other	0
EL-5	13	Video	P14C.mpeg	1756433	0	1			0		other	0
EL-5	13	Response	2	1770468	14035	2
EL-5	15	Video	P8A.mpeg	1781845	0	1			0		other	0
EL-5	16	Video	P8C.mpeg	1808092	0	1			0		other	0
EL-5	16	Response	2	1817456	9364	2
EL-5	18	Video	P15A.mpeg	1829826	0	1			0		other	0
EL-5	19	Video	P15C.mpeg	1876636	0	1			0		other	0
EL-5	19	Response	2	1912329	35693	1
EL-5	21	Video	P12A.mpeg	1924450	0	1			0		other	0
EL-5	22	Video	P12C.mpeg	1977948	0	1			0		other	0
EL-5	22	Response	2	2032963	55015	35
EL-5	24	Video	P2A.mpeg	2046492	0	1			0		other	0
EL-5	25	Video	P2C.mpeg	2148640	0	1			0		other	0
EL-5	25	Response	2	2170432	21792	1
EL-5	27	Video	P1A.mpeg	2182912	0	1			0		other	0
EL-5	28	Video	P1C.mpeg	2317158	0	1			0		other	0
EL-5	28	Response	2	2332226	15068	2
EL-5	30	Video	P19A.mpeg	2344241	0	2			0		other	0
EL-5	31	Video	P19C.mpeg	2397739	0	2			0		other	0
EL-5	31	Response	2	2416904	19165	2
EL-5	33	Video	P4A.mpeg	2429169	0	2			0		other	0
EL-5	34	Video	P4C.mpeg	2569434	0	1			0		other	0
EL-5	34	Response	2	2595183	25749	2
EL-5	36	Video	P13A.mpeg	2607719	0	1			0		other	0
EL-5	37	Video	P13C.mpeg	2648176	0	2			0		other	0
EL-5	37	Response	2	2718768	70592	1
EL-5	39	Video	P20A.mpeg	2731098	0	1			0		other	0
EL-5	40	Video	P20C.mpeg	2784596	0	1			0		other	0
EL-5	40	Response	2	2818437	33841	4
EL-5	42	Video	P6A.mpeg	2830404	0	1			0		other	0
EL-5	43	Video	P6C.mpeg	2868019	0	2			0		other	0
EL-5	43	Response	2	2881771	13752	1
EL-5	45	Video	P3A.mpeg	2894100	0	1			0		other	0
EL-5	46	Video	P3C.mpeg	2986383	0	2			0		other	0
EL-5	46	Response	2	3007673	21290	2
EL-5	48	Video	P18A.mpeg	3019820	0	1			0		other	0
EL-5	49	Video	P18C.mpeg	3145038	0	1			0		other	0
EL-5	49	Response	2	3160733	15695	1
EL-5	51	Video	P16A.mpeg	3172456	0	1			0		other	0
EL-5	52	Video	P16C.mpeg	3202548	0	2			0		other	0
EL-5	52	Response	2	3218294	15746	1
EL-5	54	Video	P5A.mpeg	3230635	0	1			0		other	0
EL-5	55	Video	P5C.mpeg	3288312	0	1			0		other	0
EL-5	55	Response	2	3305374	17062	44
EL-5	57	Video	P7A.mpeg	3317903	0	1			0		other	0
EL-5	58	Video	P7C.mpeg	3360367	0	1			0		other	0
EL-5	58	Response	2	3374948	14581	1
EL-5	60	Video	P17A.mpeg	3387785	0	1			0		other	0
EL-5	61	Video	P17C.mpeg	3423227	0	1			0		other	0
EL-5	61	Response	2	3439383	16156	1
EL-5	63	Video	instructions	3449307	0	2			0		other	0
EL-5	64	Response	2	3999973	12343	1
EL-5	65	Video	40A.mpeg	4007190	0	1			0		other	0
EL-5	66	Video	40C.mpeg	4091115	0	1			0		other	0
EL-5	66	Response	2	4120608	29493	1
EL-5	68	Video	17A.mpeg	4132576	0	1			0		other	0
EL-5	69	Video	17C.mpeg	4183901	0	1			0		other	0
EL-5	69	Response	2	4228503	44602	2
EL-5	71	Video	60A.mpeg	4240909	0	1			0		other	0
EL-5	72	Video	60C.mpeg	4307614	0	2			0		other	0
EL-5	72	Response	2	4328800	21186	2
EL-5	74	Video	23A.mpeg	4341218	0	1			0		other	0
EL-5	75	Video	23C.mpeg	4458579	0	1			0		other	0
EL-5	75	Response	2	4472458	13879	2
EL-5	77	Video	42A.mpeg	4484659	0	1			0		other	0
EL-5	78	Video	42C.mpeg	4551197	0	1			0		other	0
EL-5	78	Response	2	4570307	19110	43
EL-5	80	Video	58A.mpeg	4581958	0	1			0		other	0
EL-5	81	Video	58C.mpeg	4611549	0	1			0		other	0
EL-5	81	Response	2	4622044	10495	50
EL-5	83	Video	38A.mpeg	4634453	0	1			0		other	0
EL-5	84	Video	38C.mpeg	4679926	0	2			0		other	0
EL-5	84	Response	2	4691795	11869	2
EL-5	86	Video	55A.mpeg	4704669	0	1			0		other	0
EL-5	87	Video	55C.mpeg	4798123	0	1			0		other	0
EL-5	87	Response	2	4834408	36285	1
EL-5	89	Video	16A.mpeg	4848278	0	1			0		other	0
EL-5	90	Video	16C.mpeg	4945911	0	1			0		other	0
EL-5	90	Response	2	4964625	18714	2
EL-5	92	Video	27A.mpeg	4977007	0	1			0		other	0
EL-5	93	Video	27C.mpeg	5039031	0	1			0		other	0
EL-5	93	Response	2	5063803	24772	1
EL-5	95	Video	31A.mpeg	5076480	0	1			0		other	0
EL-5	96	Video	31C.mpeg	5149370	0	2			0		other	0
EL-5	96	Response	2	5172284	22914	1
EL-5	98	Video	24A.mpeg	5184646	0	1			0		other	0
EL-5	99	Video	24C.mpeg	5234298	0	1			0		other	0
EL-5	99	Response	2	5257126	22828	1
EL-5	101	Video	41A.mpeg	5269239	0	1			0		other	0
EL-5	102	Video	41C.mpeg	5329257	0	1			0		other	0
EL-5	102	Response	2	5342824	13567	2
EL-5	104	Video	11A.mpeg	5355337	0	2			0		other	0
EL-5	105	Video	11C.mpeg	5414687	0	1			0		other	0
EL-5	105	Response	2	5451328	36641	2
EL-5	107	Video	26A.mpeg	5463169	0	1			0		other	0
EL-5	108	Video	26C.mpeg	5490921	0	1			0		other	0
EL-5	108	Response	2	5509094	18173	2
EL-5	110	Video	5A.mpeg	5521181	0	1			0		other	0
EL-5	111	Video	5C.mpeg	5588220	0	2			0		other	0
EL-5	111	Response	2	5604095	15875	2
EL-5	113	Video	6A.mpeg	5615972	0	2			0		other	0
EL-5	114	Video	6C.mpeg	5664956	0	2			0		other	0
EL-5	114	Response	2	5678616	13660	1
EL-5	116	Video	54A.mpeg	5691873	0	1			0		other	0
EL-5	117	Video	54C.mpeg	5767438	0	1			0		other	0
EL-5	117	Response	2	5812948	45510	2
EL-5	119	Video	35A.mpeg	5824781	0	2			0		other	0
EL-5	120	Video	35C.mpeg	5892824	0	1			0		other	0
EL-5	120	Response	2	5927363	34539	2
EL-5	122	Video	59A.mpeg	5939802	0	1			0		other	0
EL-5	123	Video	59C.mpeg	5987448	0	2			0		other	0
EL-5	123	Response	2	6007293	19845	2
EL-5	125	Video	45A.mpeg	6020049	0	1			0		other	0
EL-5	126	Video	45C.mpeg	6057664	0	2			0		other	0
EL-5	126	Response	2	6122031	64367	1
EL-5	128	Video	32A.mpeg	6133397	0	2			0		other	0
EL-5	129	Video	32C.mpeg	6158307	0	2			0		other	0
EL-5	129	Response	2	6178901	20594	2
EL-5	131	Video	36A.mpeg	6191075	0	1			0		other	0
EL-5	132	Video	36C.mpeg	6242399	0	2			0		other	0
EL-5	132	Response	2	6271485	29086	2
EL-5	134	Video	28A.mpeg	6284195	0	1			0		other	0
EL-5	135	Video	28C.mpeg	6339030	0	1			0		other	0
EL-5	135	Response	2	6384667	45637	2
EL-5	135	Response	2	6384668	45638	101644
EL-5	135	Response	2	6384668	45638	101644
EL-5	137	Video	18A.mpeg	6498521	0	1			0		other	0
EL-5	138	Video	18C.mpeg	6595653	0	1			0		other	0
EL-5	138	Response	2	6627935	32282	2
EL-5	140	Video	7A.mpeg	6640123	0	1			0		other	0
EL-5	141	Video	7C.mpeg	6720537	0	1			0		other	0
EL-5	141	Response	2	6763517	42980	44
EL-5	143	Video	14A.mpeg	6776710	0	1			0		other	0
EL-5	144	Video	14C.mpeg	6863978	0	1			0		other	0
EL-5	144	Response	2	6886920	22942	1
EL-5	146	Video	46A.mpeg	6899253	0	1			0		other	0
EL-5	147	Video	46C.mpeg	6948237	0	1			0		other	0
EL-5	147	Response	2	6969803	21566	1
EL-5	149	Video	47A.mpeg	6981841	0	1			0		other	0
EL-5	150	Video	47C.mpeg	7030658	0	1			0		other	0
EL-5	150	Response	2	7051439	20781	2
EL-5	152	Video	57A.mpeg	7063091	0	1			0		other	0
EL-5	153	Video	57C.mpeg	7111907	0	2			0		other	0
EL-5	153	Response	2	7125667	13760	2
EL-5	155	Response	2	7566968	429482	2
EL-5	157	Video	53A.mpeg	7572491	0	1			0		other	0
EL-5	158	Video	53C.mpeg	7603754	0	1			0		other	0
EL-5	158	Response	2	7634679	30925	2
EL-5	160	Video	10A.mpeg	7645883	0	2			0		other	0
EL-5	161	Video	10C.mpeg	7680490	0	1			0		other	0
EL-5	161	Response	2	7702111	21621	2
EL-5	163	Video	37A.mpeg	7713926	0	1			0		other	0
EL-5	164	Video	37C.mpeg	7746526	0	2			0		other	0
EL-5	164	Response	2	7769684	23158	2
EL-5	166	Video	9A.mpeg	7782637	0	2			0		other	0
EL-5	167	Video	9C.mpeg	7829114	0	1			0		other	0
EL-5	167	Response	2	7891267	62153	1
EL-5	169	Video	51A.mpeg	7903509	0	1			0		other	0
EL-5	170	Video	51C.mpeg	7966035	0	1			0		other	0
EL-5	170	Response	2	7994253	28218	2
EL-5	172	Video	43A.mpeg	8006325	0	2			0		other	0
EL-5	173	Video	43C.mpeg	8044777	0	1			0		other	0
EL-5	173	Response	2	8057938	13161	1
EL-5	175	Video	48A.mpeg	8069687	0	1			0		other	0
EL-5	176	Video	48C.mpeg	8098777	0	1			0		other	0
EL-5	176	Response	2	8128610	29833	2
EL-5	178	Video	49A.mpeg	8139903	0	1			0		other	0
EL-5	179	Video	49C.mpeg	8157624	0	1			0		other	0
EL-5	179	Response	2	8173042	15418	1
EL-5	181	Video	29A.mpeg	8184708	0	1			0		other	0
EL-5	182	Video	29C.mpeg	8232354	0	1			0		other	0
EL-5	182	Response	2	8249333	16979	50
EL-5	184	Video	52A.mpeg	8262280	0	1			0		other	0
EL-5	185	Video	52C.mpeg	8330322	0	1			0		other	0
EL-5	185	Response	2	8352264	21942	2
EL-5	187	Video	19A.mpeg	8365263	0	1			0		other	0
EL-5	188	Video	19C.mpeg	8530605	0	1			0		other	0
EL-5	188	Response	2	8549032	18427	1
EL-5	190	Video	30A.mpeg	8561032	0	1			0		other	0
EL-5	191	Video	30C.mpeg	8606171	0	1			0		other	0
EL-5	191	Response	2	8621518	15347	2
EL-5	193	Video	34A.mpeg	8634926	0	1			0		other	0
EL-5	194	Video	34C.mpeg	8735067	0	1			0		other	0
EL-5	194	Response	2	8774869	39802	1
EL-5	196	Video	56A.mpeg	8787562	0	1			0		other	0
EL-5	197	Video	56C.mpeg	8896564	0	1			0		other	0
EL-5	197	Response	2	8915240	18676	17
EL-5	199	Video	3A.mpeg	8928328	0	2			0		other	0
EL-5	200	Video	3C.mpeg	9015597	0	1			0		other	0
EL-5	200	Response	2	9036832	21235	1
EL-5	202	Video	8A.mpeg	9049033	0	1			0		other	0
EL-5	203	Video	8C.mpeg	9126939	0	2			0		other	0
EL-5	203	Response	2	9148182	21243	2
EL-5	205	Video	13A.mpeg	9160208	0	1			0		other	0
EL-5	206	Video	13C.mpeg	9210028	0	1			0		other	0
EL-5	206	Response	2	9217654	7626	1
EL-5	208	Video	21A.mpeg	9229923	0	1			0		other	0
EL-5	209	Video	21C.mpeg	9315018	0	1			0		other	0
EL-5	209	Response	2	9328691	13673	1
EL-5	211	Video	25A.mpeg	9341600	0	1			0		other	0
EL-5	212	Video	25C.mpeg	9449599	0	1			0		other	0
EL-5	212	Response	2	9473482	23883	2
EL-5	214	Video	1A.mpeg	9485710	0	1			0		other	0
EL-5	215	Video	1C.mpeg	9599393	0	1			0		other	0
EL-5	215	Response	2	9613804	14411	2
EL-5	217	Video	4A.mpeg	9626810	0	1			0		other	0
EL-5	218	Video	4C.mpeg	9750524	0	1			0		other	0
EL-5	218	Response	2	9762740	12216	19
EL-5	220	Video	22A.mpeg	9774431	0	1			0		other	0
EL-5	221	Video	22C.mpeg	9822078	0	1			0		other	0
EL-5	221	Response	2	9836736	14658	45
EL-5	223	Video	15A.mpeg	9848158	0	1			0		other	0
EL-5	224	Video	15C.mpeg	9902325	0	1			0		other	0
EL-5	224	Response	2	9921352	19027	19
EL-5	226	Video	50A.mpeg	9934089	0	1			0		other	0
EL-5	227	Video	50C.mpeg	9976386	0	1			0		other	0
EL-5	227	Response	2	10001790	25404	1
EL-5	229	Video	33A.mpeg	10013500	0	1			0		other	0
EL-5	230	Video	33C.mpeg	10062484	0	1			0		other	0
EL-5	230	Response	2	10080767	18283	1
EL-5	232	Video	44A.mpeg	10093747	0	1			0		other	0
EL-5	233	Video	44C.mpeg	10158613	0	1			0		other	0
EL-5	233	Response	2	10178448	19835	1
EL-5	235	Video	12A.mpeg	10190712	0	1			0		other	0
EL-5	236	Video	12C.mpeg	10227993	0	1			0		other	0
EL-5	236	Response	2	10248237	20244	1
EL-5	238	Video	20A.mpeg	10260760	0	2			0		other	0
EL-5	239	Video	20C.mpeg	10342178	0	1			0		other	0
EL-5	239	Response	2	10364617	22439	1
EL-5	241	Video	39A.mpeg	10377620	0	1			0		other	0
EL-5	242	Video	39C.mpeg	10447836	0	1			0		other	0
EL-5	242	Response	2	10486315	38479	48
EL-5	244	Video	2A.mpeg	10498993	0	1			0		other	0
EL-5	245	Video	2C.mpeg	10613512	0	1			0		other	0
EL-5	245	Response	2	10645408	31896	2
