Scenario - Test trials
Logfile written - 11/14/2014 10:24:04

Subject	Trial	Event Type	Code	Time	TTime	Uncertainty	Duration	Uncertainty	ReqTime	ReqDur	Stim Type	Pair Index

EL-6B	1	Video	instructions	-5486	0	1			0		other	0
EL-6B	1	Response	2	12033	17519	6
EL-6B	2	Response	2	70689	57787	1
EL-6B	3	Video	P16A.mpeg	76429	0	1			0		other	0
EL-6B	4	Video	P16C.mpeg	106353	0	1			0		other	0
EL-6B	4	Response	2	119295	12942	1
EL-6B	6	Video	P1A.mpeg	132098	0	1			0		other	0
EL-6B	7	Video	P1C.mpeg	266173	0	1			0		other	0
EL-6B	7	Response	2	275088	8915	1
EL-6B	9	Video	P13A.mpeg	287571	0	1			0		other	0
EL-6B	10	Video	P13C.mpeg	328195	0	1			0		other	0
EL-6B	10	Response	2	396991	68796	2
EL-6B	12	Video	P17A.mpeg	409776	0	1			0		other	0
EL-6B	13	Video	P17C.mpeg	445217	0	1			0		other	0
EL-6B	13	Response	2	481944	36727	2
EL-6B	15	Video	P3A.mpeg	494868	0	1			0		other	0
EL-6B	16	Video	P3C.mpeg	586982	0	1			0		other	0
EL-6B	16	Response	2	609934	22952	1
EL-6B	18	Video	P14A.mpeg	621754	0	1			0		other	0
EL-6B	18	Response	2	701969	80215	42
EL-6B	19	Video	P14C.mpeg	707013	0	1			0		other	0
EL-6B	19	Response	2	731748	24735	1
EL-6B	21	Video	P9A.mpeg	744126	0	1			0		other	0
EL-6B	21	Response	2	812419	68293	2
EL-6B	22	Video	P9C.mpeg	813002	0	1			0		other	0
EL-6B	22	Response	2	843240	30238	1
EL-6B	24	Video	P7A.mpeg	854963	0	1			0		other	0
EL-6B	25	Video	P7C.mpeg	897258	0	2			0		other	0
EL-6B	25	Response	2	930689	33431	4
EL-6B	27	Video	P8A.mpeg	942228	0	2			0		other	0
EL-6B	28	Video	P8C.mpeg	968475	0	1			0		other	0
EL-6B	28	Response	2	970543	2068	2
EL-6B	30	Video	P12A.mpeg	982685	0	1			0		other	0
EL-6B	30	Response	2	1032755	50070	2
EL-6B	31	Video	P12C.mpeg	1036181	0	1			0		other	0
EL-6B	31	Response	2	1084210	48029	2
EL-6B	33	Video	P6A.mpeg	1096531	0	1			0		other	0
EL-6B	33	Response	2	1133484	36953	1
EL-6B	34	Video	P6C.mpeg	1134145	0	2			0		other	0
EL-6B	36	Video	P4A.mpeg	1177945	0	1			0		other	0
EL-6B	36	Response	2	1209952	32007	2
EL-6B	36	Response	2	1270875	92930	2
EL-6B	37	Video	P4C.mpeg	1318038	0	1			0		other	0
EL-6B	37	Response	2	1344199	26161	45
EL-6B	39	Video	P5A.mpeg	1356154	0	1			0		other	0
EL-6B	40	Video	P5C.mpeg	1413829	0	1			0		other	0
EL-6B	40	Response	2	1436908	23079	2
EL-6B	42	Video	P2A.mpeg	1449939	0	1			0		other	0
EL-6B	42	Response	2	1506956	57017	46
EL-6B	43	Video	P2C.mpeg	1552083	0	1			0		other	0
EL-6B	43	Response	2	1587216	35133	1
EL-6B	45	Video	P11A.mpeg	1600062	0	1			0		other	0
EL-6B	46	Video	P11C.mpeg	1644865	0	1			0		other	0
EL-6B	46	Response	2	1687654	42789	2
EL-6B	48	Video	P15A.mpeg	1699699	0	1			0		other	0
EL-6B	49	Video	P15C.mpeg	1746675	0	1			0		other	0
EL-6B	49	Response	2	1783317	36642	2
EL-6B	51	Video	P20A.mpeg	1795490	0	1			0		other	0
EL-6B	52	Video	P20C.mpeg	1848819	0	1			0		other	0
EL-6B	52	Response	2	1884758	35939	2
EL-6B	54	Video	P10A.mpeg	1897132	0	1			0		other	0
EL-6B	54	Response	2	2009975	112843	354
EL-6B	55	Video	P10C.mpeg	2010477	0	1			0		other	0
EL-6B	55	Response	2	2064171	53694	1
EL-6B	57	Video	P19A.mpeg	2076009	0	2			0		other	0
EL-6B	58	Video	P19C.mpeg	2129338	0	2			0		other	0
EL-6B	58	Response	2	2159471	30133	2
EL-6B	60	Video	P18A.mpeg	2171466	0	2			0		other	0
EL-6B	60	Response	2	2294457	122991	35
EL-6B	61	Video	P18C.mpeg	2296681	0	1			0		other	0
EL-6B	61	Response	2	2318587	21906	1
EL-6B	63	Video	instructions	2328778	0	1			0		other	0
EL-6B	64	Response	2	3231710	364795	1
EL-6B	65	Video	2A.mpeg	3237876	0	1			0		other	0
EL-6B	65	Response	2	3351375	113499	31
EL-6B	66	Video	2C.mpeg	3352391	0	1			0		other	0
EL-6B	68	Video	30A.mpeg	3412908	0	2			0		other	0
EL-6B	69	Video	30C.mpeg	3458213	0	1			0		other	0
EL-6B	69	Response	2	3461740	3527	2
EL-6B	71	Video	37A.mpeg	3472924	0	1			0		other	0
EL-6B	72	Video	37C.mpeg	3505356	0	1			0		other	0
EL-6B	72	Response	2	3534254	28898	18
EL-6B	74	Video	41A.mpeg	3546314	0	1			0		other	0
EL-6B	74	Response	2	3603046	56732	1
EL-6B	75	Video	41C.mpeg	3606163	0	1			0		other	0
EL-6B	75	Response	2	3630492	24329	1
EL-6B	77	Video	31A.mpeg	3642941	0	1			0		other	0
EL-6B	77	Response	2	3714430	71489	1
EL-6B	78	Video	31C.mpeg	3715829	0	2			0		other	0
EL-6B	78	Response	2	3747714	31885	2
EL-6B	80	Video	51A.mpeg	3759796	0	2			0		other	0
EL-6B	81	Video	51C.mpeg	3821986	0	1			0		other	0
EL-6B	81	Response	2	3870863	48877	1
EL-6B	83	Video	43A.mpeg	3882837	0	2			0		other	0
EL-6B	84	Video	43C.mpeg	3920953	0	1			0		other	0
EL-6B	84	Response	2	3923734	2781	2
EL-6B	86	Video	7A.mpeg	3935999	0	1			0		other	0
EL-6B	86	Response	2	4013683	77684	2
EL-6B	87	Video	7C.mpeg	4016076	0	1			0		other	0
EL-6B	87	Response	2	4068381	52305	2
EL-6B	89	Video	11A.mpeg	4080605	0	2			0		other	0
EL-6B	89	Response	2	4132834	52229	1
EL-6B	90	Video	11C.mpeg	4139953	0	1			0		other	0
EL-6B	90	Response	2	4191195	51242	1
EL-6B	92	Video	40A.mpeg	4203479	0	1			0		other	0
EL-6B	92	Response	2	4271244	67765	1
EL-6B	93	Video	40C.mpeg	4287568	0	1			0		other	0
EL-6B	93	Response	2	4334257	46689	2
EL-6B	95	Video	52A.mpeg	4346748	0	1			0		other	0
EL-6B	95	Response	2	4396226	49478	2
EL-6B	96	Video	52C.mpeg	4414621	0	1			0		other	0
EL-6B	96	Response	2	4453377	38756	2
EL-6B	98	Video	22A.mpeg	4464774	0	1			0		other	0
EL-6B	98	Response	2	4512084	47310	104
EL-6B	99	Video	22C.mpeg	4512419	0	1			0		other	0
EL-6B	99	Response	2	4544034	31615	2
EL-6B	101	Video	55A.mpeg	4557054	0	1			0		other	0
EL-6B	101	Response	2	4649407	92353	2
EL-6B	102	Video	55C.mpeg	4650338	0	1			0		other	0
EL-6B	102	Response	2	4708770	58432	2
EL-6B	104	Video	26A.mpeg	4720217	0	1			0		other	0
EL-6B	105	Video	26C.mpeg	4747968	0	1			0		other	0
EL-6B	105	Response	2	4775198	27230	2
EL-6B	107	Video	56A.mpeg	4787923	0	1			0		other	0
EL-6B	107	Response	2	4894320	106397	2
EL-6B	108	Video	56C.mpeg	4896754	0	1			0		other	0
EL-6B	108	Response	2	4925334	28580	2
EL-6B	110	Video	38A.mpeg	4937210	0	1			0		other	0
EL-6B	111	Video	38C.mpeg	4982682	0	1			0		other	0
EL-6B	111	Response	2	4982804	122	1
EL-6B	113	Video	44A.mpeg	4994718	0	2			0		other	0
EL-6B	114	Video	44C.mpeg	5059415	0	1			0		other	0
EL-6B	114	Response	2	5060534	1119	1
EL-6B	116	Video	59A.mpeg	5072789	0	1			0		other	0
EL-6B	117	Video	59C.mpeg	5120267	0	1			0		other	0
EL-6B	117	Response	2	5159802	39535	1
EL-6B	119	Video	54A.mpeg	5172258	0	2			0		other	0
EL-6B	119	Response	2	5243918	71660	2
EL-6B	120	Video	54C.mpeg	5247821	0	2			0		other	0
EL-6B	120	Response	2	5300690	52869	48
EL-6B	122	Video	19A.mpeg	5313688	0	2			0		other	0
EL-6B	122	Response	2	5476598	162910	2
EL-6B	123	Video	19C.mpeg	5479025	0	1			0		other	0
EL-6B	123	Response	2	5516025	37000	2
EL-6B	125	Video	36A.mpeg	5528676	0	1			0		other	0
EL-6B	126	Video	36C.mpeg	5579831	0	1			0		other	0
EL-6B	126	Response	2	5580124	293	2
EL-6B	128	Video	24A.mpeg	5591533	0	2			0		other	0
EL-6B	129	Video	24C.mpeg	5641184	0	2			0		other	0
EL-6B	129	Response	2	5675804	34620	40
EL-6B	131	Video	49A.mpeg	5686656	0	1			0		other	0
EL-6B	132	Video	49C.mpeg	5704209	0	2			0		other	0
EL-6B	133	Response	2	5741475	5001	4128
EL-6B	134	Video	23A.mpeg	5748511	0	1			0		other	0
EL-6B	134	Response	2	5864115	115604	2
EL-6B	135	Video	23C.mpeg	5865868	0	1			0		other	0
EL-6B	135	Response	2	5894678	28810	2
EL-6B	137	Video	33A.mpeg	5906324	0	1			0		other	0
EL-6B	138	Video	33C.mpeg	5955139	0	1			0		other	0
EL-6B	138	Response	2	5978804	23665	1
EL-6B	140	Video	50A.mpeg	5990246	0	1			0		other	0
EL-6B	141	Video	50C.mpeg	6032374	0	1			0		other	0
EL-6B	141	Response	2	6055194	22820	1
EL-6B	143	Video	14A.mpeg	6068149	0	2			0		other	0
EL-6B	143	Response	2	6153922	85773	1
EL-6B	144	Video	14C.mpeg	6155248	0	1			0		other	0
EL-6B	144	Response	2	6185033	29785	2
EL-6B	146	Video	47A.mpeg	6196874	0	1			0		other	0
EL-6B	146	Response	2	6244853	47979	381
EL-6B	147	Video	47C.mpeg	6245355	0	1			0		other	0
EL-6B	147	Response	2	6285386	40031	2
EL-6B	149	Video	53A.mpeg	6297012	0	1			0		other	0
EL-6B	150	Video	53C.mpeg	6328107	0	1			0		other	0
EL-6B	150	Response	2	6371725	43618	2
EL-6B	152	Video	28A.mpeg	6384612	0	1			0		other	0
EL-6B	152	Response	2	6438505	53893	31
EL-6B	153	Video	28C.mpeg	6439445	0	1			0		other	0
EL-6B	153	Response	2	6478402	38957	1
EL-6B	155	Response	2	7500727	1010962	1
EL-6B	157	Video	12A.mpeg	7506189	0	1			0		other	0
EL-6B	158	Video	12C.mpeg	7543302	0	1			0		other	0
EL-6B	158	Response	2	7568385	25083	2
EL-6B	160	Video	21A.mpeg	7580080	0	2			0		other	0
EL-6B	160	Response	2	7662263	82183	2
EL-6B	161	Video	21C.mpeg	7665172	0	2			0		other	0
EL-6B	163	Video	10A.mpeg	7713820	0	2			0		other	0
EL-6B	163	Response	2	7746678	32858	1
EL-6B	164	Video	10C.mpeg	7748258	0	2			0		other	0
EL-6B	164	Response	2	7773039	24781	1
EL-6B	166	Video	32A.mpeg	7784201	0	1			0		other	0
EL-6B	167	Video	32C.mpeg	7808943	0	1			0		other	0
EL-6B	167	Response	2	7834867	25924	2
EL-6B	169	Video	6A.mpeg	7846892	0	1			0		other	0
EL-6B	170	Video	6C.mpeg	7895707	0	1			0		other	0
EL-6B	170	Response	2	7895740	33	2
EL-6B	172	Video	9A.mpeg	7908412	0	1			0		other	0
EL-6B	173	Video	9C.mpeg	7954720	0	1			0		other	0
EL-6B	173	Response	2	8016076	61356	2
EL-6B	175	Video	57A.mpeg	8027942	0	1			0		other	0
EL-6B	176	Response	2	8076892	158	1
EL-6B	176	Video	57C.mpeg	8076925	191	307			0		other	0
EL-6B	178	Video	46A.mpeg	8088794	0	1			0		other	0
EL-6B	179	Video	46C.mpeg	8137776	0	2			0		other	0
EL-6B	179	Response	2	8163904	26128	35
EL-6B	181	Video	34A.mpeg	8177062	0	2			0		other	0
EL-6B	181	Response	2	8210064	33002	18
EL-6B	181	Response	2	8271019	93957	2
EL-6B	182	Video	34C.mpeg	8277200	0	1			0		other	0
EL-6B	182	Response	2	8326365	49165	1
EL-6B	184	Video	16A.mpeg	8339557	0	1			0		other	0
EL-6B	184	Response	2	8391391	51834	47
EL-6B	184	Response	2	8436465	96908	1
EL-6B	185	Video	16C.mpeg	8437354	0	1			0		other	0
EL-6B	185	Response	2	8486589	49235	2
EL-6B	187	Video	29A.mpeg	8498707	0	1			0		other	0
EL-6B	187	Response	2	8542842	44135	2
EL-6B	188	Video	29C.mpeg	8546352	0	1			0		other	0
EL-6B	188	Response	2	8577626	31274	43
EL-6B	190	Video	17A.mpeg	8589650	0	2			0		other	0
EL-6B	190	Response	2	8636096	46446	1
EL-6B	191	Video	17C.mpeg	8641140	0	2			0		other	0
EL-6B	191	Response	2	8688369	47229	2
EL-6B	193	Video	48A.mpeg	8700320	0	2			0		other	0
EL-6B	194	Video	48C.mpeg	8729576	0	1			0		other	0
EL-6B	194	Response	2	8758702	29126	1
EL-6B	196	Video	25A.mpeg	8771370	0	1			0		other	0
EL-6B	196	Response	2	8872493	101123	2
EL-6B	197	Video	25C.mpeg	8879532	0	1			0		other	0
EL-6B	197	Response	2	8914478	34946	1
EL-6B	199	Video	60A.mpeg	8927010	0	1			0		other	0
EL-6B	199	Response	2	8992434	65424	17
EL-6B	200	Video	60C.mpeg	8993713	0	1			0		other	0
EL-6B	201	Response	2	9033955	455	1
EL-6B	202	Video	8A.mpeg	9045202	0	2			0		other	0
EL-6B	202	Response	2	9087617	42415	2
EL-6B	203	Video	8C.mpeg	9122939	0	1			0		other	0
EL-6B	203	Response	2	9152263	29324	2
EL-6B	205	Video	13A.mpeg	9163730	0	1			0		other	0
EL-6B	206	Video	13C.mpeg	9213548	0	1			0		other	0
EL-6B	206	Response	2	9237850	24302	1
EL-6B	208	Video	1A.mpeg	9250159	0	1			0		other	0
EL-6B	209	Video	1C.mpeg	9363838	0	1			0		other	0
EL-6B	209	Response	2	9366077	2239	2
EL-6B	211	Video	18A.mpeg	9378382	0	1			0		other	0
EL-6B	211	Response	2	9413592	35210	2
EL-6B	211	Response	2	9469970	91588	2
EL-6B	212	Video	18C.mpeg	9475511	0	1			0		other	0
EL-6B	212	Response	2	9511629	36118	2
EL-6B	214	Video	5A.mpeg	9523490	0	1			0		other	0
EL-6B	214	Response	2	9586887	63397	41
EL-6B	215	Video	5C.mpeg	9590360	0	1			0		other	0
EL-6B	215	Response	2	9615569	25209	1
EL-6B	217	Video	39A.mpeg	9627640	0	1			0		other	0
EL-6B	217	Response	2	9682679	55039	39
EL-6B	218	Video	39C.mpeg	9697687	0	1			0		other	0
EL-6B	218	Response	2	9749021	51334	2
EL-6B	220	Video	42A.mpeg	9761213	0	1			0		other	0
EL-6B	220	Response	2	9824872	63659	2
EL-6B	221	Video	42C.mpeg	9827749	0	1			0		other	0
EL-6B	221	Response	2	9852729	24980	43
EL-6B	223	Video	27A.mpeg	9864862	0	1			0		other	0
EL-6B	223	Response	2	9925707	60845	2
EL-6B	224	Video	27C.mpeg	9927051	0	1			0		other	0
EL-6B	224	Response	2	9964277	37226	1
EL-6B	226	Video	45A.mpeg	9976535	0	1			0		other	0
EL-6B	227	Video	45C.mpeg	10013982	0	1			0		other	0
EL-6B	227	Response	2	10016880	2898	2
EL-6B	229	Video	58A.mpeg	10028192	0	1			0		other	0
EL-6B	230	Video	58C.mpeg	10057782	0	1			0		other	0
EL-6B	232	Video	20A.mpeg	10101247	0	1			0		other	0
EL-6B	233	Video	20C.mpeg	10182494	0	1			0		other	0
EL-6B	233	Response	2	10210986	28492	1
EL-6B	235	Video	4A.mpeg	10223452	0	1			0		other	0
EL-6B	236	Video	4C.mpeg	10347162	0	1			0		other	0
EL-6B	236	Response	2	10351145	3983	3
EL-6B	238	Video	15A.mpeg	10363043	0	1			0		other	0
EL-6B	238	Response	2	10411227	48184	1
EL-6B	239	Video	15C.mpeg	10417208	0	1			0		other	0
EL-6B	239	Response	2	10442759	25551	2
EL-6B	241	Video	35A.mpeg	10455324	0	1			0		other	0
EL-6B	241	Response	2	10517912	62588	45
EL-6B	242	Video	35C.mpeg	10523197	0	1			0		other	0
EL-6B	244	Video	3A.mpeg	10587058	0	1			0		other	0
EL-6B	245	Video	3C.mpeg	10674323	0	1			0		other	0
EL-6B	245	Response	2	10698181	23858	1
