Scenario - Test trials
Logfile written - 06/09/2017 12:20:29

Subject	Trial	Event Type	Code	Time	TTime	Uncertainty	Duration	Uncertainty	ReqTime	ReqDur	Stim Type	Pair Index

HD-13	1	Video	instructions	-4817	0	1			0		other	0
HD-13	2	Response	1	1222081	99130	1
HD-13	3	Video	P20A.mpeg	1228272	0	2			0		other	0
HD-13	4	Video	P20C.mpeg	1281769	0	1			0		other	0
HD-13	4	Response	1	1316676	34907	42
HD-13	6	Video	P11A.mpeg	1328745	0	1			0		other	0
HD-13	7	Video	P11C.mpeg	1373548	0	2			0		other	0
HD-13	7	Response	1	1418261	44713	44
HD-13	9	Video	P9A.mpeg	1430555	0	2			0		other	0
HD-13	10	Video	P9C.mpeg	1499432	0	1			0		other	0
HD-13	10	Response	1	1528927	29495	1
HD-13	12	Video	P15A.mpeg	1540223	0	1			0		other	0
HD-13	13	Video	P15C.mpeg	1587199	0	2			0		other	0
HD-13	13	Response	1	1627400	40201	2
HD-13	15	Video	P2A.mpeg	1639024	0	1			0		other	0
HD-13	16	Video	P2C.mpeg	1741169	0	1			0		other	0
HD-13	16	Response	1	1776237	35068	1
HD-13	18	Video	P6A.mpeg	1787643	0	2			0		other	0
HD-13	19	Video	P6C.mpeg	1825425	0	1			0		other	0
HD-13	19	Response	1	1843340	17915	1
HD-13	21	Video	P3A.mpeg	1855350	0	1			0		other	0
HD-13	22	Video	P3C.mpeg	1947464	0	1			0		other	0
HD-13	22	Response	1	1974897	27433	2
HD-13	24	Video	P7A.mpeg	1986249	0	1			0		other	0
HD-13	25	Video	P7C.mpeg	2028544	0	1			0		other	0
HD-13	25	Response	1	2060662	32118	44
HD-13	27	Video	P17A.mpeg	2073514	0	2			0		other	0
HD-13	28	Video	P17C.mpeg	2108789	0	1			0		other	0
HD-13	28	Response	1	2157077	48288	1
HD-13	30	Video	P8A.mpeg	2168470	0	2			0		other	0
HD-13	31	Video	P8C.mpeg	2194717	0	1			0		other	0
HD-13	31	Response	1	2216691	21974	2
HD-13	33	Video	P19A.mpeg	2228988	0	1			0		other	0
HD-13	34	Video	P19C.mpeg	2282485	0	1			0		other	0
HD-13	34	Response	1	2312193	29708	1
HD-13	36	Video	P14A.mpeg	2324613	0	1			0		other	0
HD-13	37	Video	P14C.mpeg	2409873	0	1			0		other	0
HD-13	37	Response	1	2427454	17581	2
HD-13	39	Video	P5A.mpeg	2440967	0	2			0		other	0
HD-13	40	Video	P5C.mpeg	2498476	0	1			0		other	0
HD-13	40	Response	1	2520193	21717	2
HD-13	42	Video	P18A.mpeg	2531911	0	1			0		other	0
HD-13	43	Video	P18C.mpeg	2657293	0	1			0		other	0
HD-13	43	Response	1	2676212	18919	1
HD-13	45	Video	P1A.mpeg	2689057	0	1			0		other	0
HD-13	46	Video	P1C.mpeg	2823132	0	1			0		other	0
HD-13	46	Response	1	2854508	31376	2
HD-13	48	Video	P16A.mpeg	2866096	0	1			0		other	0
HD-13	49	Video	P16C.mpeg	2896188	0	1			0		other	0
HD-13	49	Response	1	2913890	17702	2
HD-13	51	Video	P10A.mpeg	2926447	0	1			0		other	0
HD-13	52	Video	P10C.mpeg	3039792	0	1			0		other	0
HD-13	52	Response	1	3086628	46836	1
HD-13	54	Video	P4A.mpeg	3098471	0	1			0		other	0
HD-13	55	Video	P4C.mpeg	3238732	0	1			0		other	0
HD-13	55	Response	1	3270545	31813	1
HD-13	57	Video	P12A.mpeg	3282364	0	2			0		other	0
HD-13	58	Video	P12C.mpeg	3336028	0	1			0		other	0
HD-13	58	Response	1	3402756	66728	1
HD-13	60	Video	P13A.mpeg	3415437	0	1			0		other	0
HD-13	61	Video	P13C.mpeg	3456060	0	2			0		other	0
HD-13	61	Response	1	3528716	72656	1
HD-13	63	Video	instructions	3538980	0	1			0		other	0
HD-13	64	Response	1	4427043	350760	2
HD-13	65	Video	38A.mpeg	4433539	0	1			0		other	0
HD-13	66	Video	38C.mpeg	4478843	0	2			0		other	0
HD-13	66	Response	1	4515329	36486	2
HD-13	68	Video	11A.mpeg	4527826	0	1			0		other	0
HD-13	69	Video	11C.mpeg	4587173	0	2			0		other	0
HD-13	69	Response	1	4639187	52014	1
HD-13	71	Video	27A.mpeg	4652372	0	1			0		other	0
HD-13	72	Video	27C.mpeg	4714562	0	1			0		other	0
HD-13	72	Response	1	4740995	26433	2
HD-13	74	Video	40A.mpeg	4754015	0	1			0		other	0
HD-13	75	Video	40C.mpeg	4838105	0	1			0		other	0
HD-13	75	Response	1	4882509	44404	2
HD-13	77	Video	3A.mpeg	4894777	0	2			0		other	0
HD-13	78	Video	3C.mpeg	4982211	0	1			0		other	0
HD-13	78	Response	1	5003992	21781	44
HD-13	80	Video	28A.mpeg	5015980	0	1			0		other	0
HD-13	81	Video	28C.mpeg	5070814	0	1			0		other	0
HD-13	81	Response	1	5115154	44340	2
HD-13	83	Video	8A.mpeg	5126818	0	1			0		other	0
HD-13	84	Video	8C.mpeg	5204387	0	2			0		other	0
HD-13	84	Response	1	5226395	22008	1
HD-13	86	Video	36A.mpeg	5238491	0	2			0		other	0
HD-13	87	Video	36C.mpeg	5289814	0	2			0		other	0
HD-13	87	Response	1	5344363	54549	1
HD-13	89	Video	52A.mpeg	5356350	0	2			0		other	0
HD-13	90	Video	52C.mpeg	5424057	0	1			0		other	0
HD-13	90	Response	1	5457712	33655	2
HD-13	92	Video	29A.mpeg	5469696	0	1			0		other	0
HD-13	93	Video	29C.mpeg	5517341	0	1			0		other	0
HD-13	93	Response	1	5543304	25963	2
HD-13	95	Video	21A.mpeg	5555123	0	1			0		other	0
HD-13	96	Video	21C.mpeg	5640048	0	2			0		other	0
HD-13	96	Response	1	5659327	19279	2
HD-13	98	Video	1A.mpeg	5671477	0	1			0		other	0
HD-13	99	Video	1C.mpeg	5784990	0	1			0		other	0
HD-13	99	Response	1	5799516	14526	2
HD-13	101	Video	25A.mpeg	5812072	0	2			0		other	0
HD-13	102	Video	25C.mpeg	5920235	0	1			0		other	0
HD-13	102	Response	1	5952486	32251	2
HD-13	104	Video	12A.mpeg	5964871	0	1			0		other	0
HD-13	105	Video	12C.mpeg	6002319	0	1			0		other	0
HD-13	105	Response	1	6025409	23090	1
HD-13	107	Video	17A.mpeg	6038094	0	2			0		other	0
HD-13	108	Video	17C.mpeg	6089417	0	2			0		other	0
HD-13	108	Response	1	6134752	45335	2
HD-13	110	Video	22A.mpeg	6147093	0	1			0		other	0
HD-13	111	Video	22C.mpeg	6194905	0	2			0		other	0
HD-13	111	Response	1	6211948	17043	2
HD-13	113	Video	20A.mpeg	6224328	0	2			0		other	0
HD-13	114	Video	20C.mpeg	6305409	0	1			0		other	0
HD-13	114	Response	1	6331400	25991	1
HD-13	116	Video	19A.mpeg	6344862	0	2			0		other	0
HD-13	117	Video	19C.mpeg	6510367	0	1			0		other	0
HD-13	117	Response	1	6532441	22074	18
HD-13	119	Video	23A.mpeg	6545307	0	1			0		other	0
HD-13	120	Video	23C.mpeg	6662497	0	1			0		other	0
HD-13	120	Response	1	6675881	13384	43
HD-13	122	Video	7A.mpeg	6688409	0	1			0		other	0
HD-13	123	Video	7C.mpeg	6768319	0	2			0		other	0
HD-13	123	Response	1	6822829	54510	39
HD-13	125	Video	5A.mpeg	6834354	0	1			0		other	0
HD-13	126	Video	5C.mpeg	6901392	0	1			0		other	0
HD-13	126	Response	1	6916711	15319	1
HD-13	128	Video	59A.mpeg	6928641	0	1			0		other	0
HD-13	129	Video	59C.mpeg	6976453	0	2			0		other	0
HD-13	129	Response	1	6995192	18739	1
HD-13	131	Video	6A.mpeg	7007548	0	1			0		other	0
HD-13	132	Video	6C.mpeg	7056531	0	1			0		other	0
HD-13	132	Response	1	7077941	21410	3
HD-13	134	Video	42A.mpeg	7089632	0	1			0		other	0
HD-13	135	Video	42C.mpeg	7156168	0	1			0		other	0
HD-13	135	Response	1	7177154	20986	1
HD-13	137	Video	30A.mpeg	7189770	0	1			0		other	0
HD-13	138	Video	30C.mpeg	7235075	0	1			0		other	0
HD-13	138	Response	1	7249909	14834	2
HD-13	140	Video	44A.mpeg	7262325	0	1			0		other	0
HD-13	141	Video	44C.mpeg	7327022	0	1			0		other	0
HD-13	141	Response	1	7351096	24074	2
HD-13	143	Video	41A.mpeg	7362463	0	1			0		other	0
HD-13	144	Video	41C.mpeg	7422646	0	2			0		other	0
HD-13	144	Response	1	7442224	19578	2
HD-13	146	Video	10A.mpeg	7453908	0	2			0		other	0
HD-13	147	Video	10C.mpeg	7488179	0	2			0		other	0
HD-13	147	Response	1	7510081	21902	2
HD-13	149	Video	31A.mpeg	7521615	0	1			0		other	0
HD-13	150	Video	31C.mpeg	7594503	0	2			0		other	0
HD-13	150	Response	1	7620112	25609	1
HD-13	152	Video	16A.mpeg	7632452	0	1			0		other	0
HD-13	153	Video	16C.mpeg	7729916	0	1			0		other	0
HD-13	153	Response	1	7775107	45191	2
HD-13	155	Response	1	7795777	7851	1
HD-13	157	Video	56A.mpeg	7801300	0	1			0		other	0
HD-13	158	Video	56C.mpeg	7909965	0	1			0		other	0
HD-13	158	Response	1	7935546	25581	2
HD-13	160	Video	4A.mpeg	7947914	0	1			0		other	0
HD-13	161	Video	4C.mpeg	8071624	0	1			0		other	0
HD-13	161	Response	1	8114065	42441	1
HD-13	163	Video	32A.mpeg	8125287	0	1			0		other	0
HD-13	164	Video	32C.mpeg	8149862	0	1			0		other	0
HD-13	164	Response	1	8169569	19707	2
HD-13	166	Video	34A.mpeg	8182127	0	1			0		other	0
HD-13	167	Video	34C.mpeg	8282266	0	1			0		other	0
HD-13	167	Response	1	8322554	40288	2
HD-13	169	Video	43A.mpeg	8334424	0	2			0		other	0
HD-13	170	Video	43C.mpeg	8372708	0	1			0		other	0
HD-13	170	Response	1	8387552	14844	2
HD-13	172	Video	48A.mpeg	8399623	0	1			0		other	0
HD-13	173	Video	48C.mpeg	8428879	0	1			0		other	0
HD-13	173	Response	1	8456649	27770	2
HD-13	175	Video	9A.mpeg	8469168	0	2			0		other	0
HD-13	176	Video	9C.mpeg	8515643	0	2			0		other	0
HD-13	176	Response	1	8577609	61966	2
HD-13	178	Video	33A.mpeg	8589702	0	2			0		other	0
HD-13	179	Video	33C.mpeg	8638518	0	1			0		other	0
HD-13	179	Response	1	8656461	17943	2
HD-13	181	Video	47A.mpeg	8669111	0	1			0		other	0
HD-13	182	Video	47C.mpeg	8717592	0	1			0		other	0
HD-13	182	Response	1	8740025	22433	1
HD-13	184	Video	26A.mpeg	8751027	0	1			0		other	0
HD-13	185	Video	26C.mpeg	8778779	0	1			0		other	0
HD-13	185	Response	1	8795112	16333	2
HD-13	187	Video	14A.mpeg	8807700	0	1			0		other	0
HD-13	188	Video	14C.mpeg	8894799	0	23			0		other	0
HD-13	188	Response	1	8919999	25200	2
HD-13	190	Video	51A.mpeg	8931745	0	1			0		other	0
HD-13	191	Video	51C.mpeg	8994101	0	1			0		other	0
HD-13	191	Response	1	9039251	45150	2
HD-13	193	Video	2A.mpeg	9052446	0	1			0		other	0
HD-13	194	Video	2C.mpeg	9166961	0	1			0		other	0
HD-13	194	Response	1	9203363	36402	1
HD-13	196	Video	45A.mpeg	9215777	0	1			0		other	0
HD-13	197	Video	45C.mpeg	9253224	0	1			0		other	0
HD-13	197	Response	1	9289335	36111	1
HD-13	199	Video	18A.mpeg	9302541	0	1			0		other	0
HD-13	200	Video	18C.mpeg	9399503	0	22			0		other	0
HD-13	200	Response	1	9432870	33367	2
HD-13	202	Video	15A.mpeg	9444975	0	1			0		other	0
HD-13	203	Video	15C.mpeg	9499140	0	1			0		other	0
HD-13	203	Response	1	9520368	21228	2
HD-13	205	Video	13A.mpeg	9531907	0	1			0		other	0
HD-13	206	Video	13C.mpeg	9581558	0	1			0		other	0
HD-13	206	Response	1	9600839	19281	18
HD-13	208	Video	37A.mpeg	9611984	0	1			0		other	0
HD-13	209	Video	37C.mpeg	9644416	0	1			0		other	0
HD-13	209	Response	1	9672536	28120	1
HD-13	211	Video	50A.mpeg	9684538	0	1			0		other	0
HD-13	211	Response	1	9725313	40775	2
HD-13	212	Video	50C.mpeg	9726667	0	1			0		other	0
HD-13	212	Response	1	9753335	26668	2
HD-13	214	Video	55A.mpeg	9766287	0	1			0		other	0
HD-13	215	Video	55C.mpeg	9859404	0	2			0		other	0
HD-13	215	Response	1	9922646	63242	1
HD-13	217	Video	60A.mpeg	9934466	0	2			0		other	0
HD-13	218	Video	60C.mpeg	10001337	0	1			0		other	0
HD-13	218	Response	1	10023376	22039	1
HD-13	220	Video	35A.mpeg	10035106	0	2			0		other	0
HD-13	221	Video	35C.mpeg	10103147	0	2			0		other	0
HD-13	221	Response	1	10135418	32271	1
HD-13	223	Video	53A.mpeg	10147449	0	1			0		other	0
HD-13	224	Video	53C.mpeg	10178544	0	1			0		other	0
HD-13	224	Response	1	10210356	31812	2
HD-13	226	Video	49A.mpeg	10221508	0	2			0		other	0
HD-13	227	Video	49C.mpeg	10239061	0	1			0		other	0
HD-13	227	Response	1	10259365	20304	2
HD-13	229	Video	57A.mpeg	10271995	0	1			0		other	0
HD-13	230	Video	57C.mpeg	10320810	0	1			0		other	0
HD-13	230	Response	1	10340345	19535	1
HD-13	232	Video	24A.mpeg	10351905	0	1			0		other	0
HD-13	233	Video	24C.mpeg	10401723	0	2			0		other	0
HD-13	233	Response	1	10427636	25913	1
HD-13	235	Video	54A.mpeg	10439338	0	1			0		other	0
HD-13	236	Video	54C.mpeg	10515069	0	1			0		other	0
HD-13	236	Response	1	10552009	36940	2
HD-13	238	Video	46A.mpeg	10563550	0	1			0		other	0
HD-13	239	Video	46C.mpeg	10612365	0	2			0		other	0
HD-13	239	Response	1	10636623	24258	1
HD-13	241	Video	58A.mpeg	10647305	0	1			0		other	0
HD-13	242	Video	58C.mpeg	10676728	0	1			0		other	0
HD-13	242	Response	1	10695117	18389	2
HD-13	244	Video	39A.mpeg	10707321	0	1			0		other	0
HD-13	245	Video	39C.mpeg	10777535	0	1			0		other	0
HD-13	245	Response	1	10826166	48631	1
