Scenario - Test trials
Logfile written - 08/18/2017 10:21:49

Subject	Trial	Event Type	Code	Time	TTime	Uncertainty	Duration	Uncertainty	ReqTime	ReqDur	Stim Type	Pair Index

HD-35	1	Video	instructions	-5151	0	1			0		other	0
HD-35	1	Response	2	214471	219622	1
HD-35	2	Response	2	268973	53616	1
HD-35	3	Video	P6A.mpeg	275876	0	2			0		other	0
HD-35	3	Response	2	341226	65350	1
HD-35	4	Video	P6C.mpeg	375181	0	1			0		other	0
HD-35	6	Video	P1A.mpeg	423329	0	1			0		other	0
HD-35	7	Video	P1C.mpeg	454758	0	2			0		other	0
HD-35	7	Response	2	472183	17425	18
HD-35	9	Video	P9A.mpeg	484015	0	1			0		other	0
HD-35	10	Video	P9C.mpeg	561084	0	2			0		other	0
HD-35	10	Response	2	585839	24755	1
HD-35	12	Video	P18A.mpeg	596861	0	1			0		other	0
HD-35	13	Video	P18C.mpeg	619430	0	1			0		other	0
HD-35	13	Response	2	643949	24519	2
HD-35	15	Video	P19A.mpeg	655207	0	1			0		other	0
HD-35	16	Video	P19C.mpeg	761867	0	1			0		other	0
HD-35	16	Response	2	770482	8615	2
HD-35	18	Video	P2A.mpeg	782263	0	1			0		other	0
HD-35	19	Video	P2C.mpeg	828572	0	1			0		other	0
HD-35	19	Response	2	828914	342	1
HD-35	21	Video	P14A.mpeg	840609	0	1			0		other	0
HD-35	22	Video	P14C.mpeg	875716	0	2			0		other	0
HD-35	22	Response	2	908963	33247	1
HD-35	24	Video	P10A.mpeg	921022	0	1			0		other	0
HD-35	25	Video	P10C.mpeg	998928	0	1			0		other	0
HD-35	25	Response	2	1017012	18084	2
HD-35	27	Video	P16A.mpeg	1029020	0	1			0		other	0
HD-35	28	Video	P16C.mpeg	1099402	0	2			0		other	0
HD-35	28	Response	2	1121727	22325	35
HD-35	30	Video	P7A.mpeg	1132671	0	1			0		other	0
HD-35	31	Video	P7C.mpeg	1151730	0	1			0		other	0
HD-35	31	Response	2	1187601	35871	44
HD-35	33	Video	P3A.mpeg	1198874	0	1			0		other	0
HD-35	34	Video	P3C.mpeg	1229301	0	1			0		other	0
HD-35	34	Response	2	1252719	23418	2
HD-35	36	Video	P12A.mpeg	1264576	0	1			0		other	0
HD-35	37	Video	P12C.mpeg	1306203	0	2			0		other	0
HD-35	37	Response	2	1323019	16816	2
HD-35	39	Video	P13A.mpeg	1333454	0	1			0		other	0
HD-35	40	Video	P13C.mpeg	1350840	0	2			0		other	0
HD-35	40	Response	2	1376014	25174	2
HD-35	42	Video	P8A.mpeg	1388623	0	1			0		other	0
HD-35	43	Video	P8C.mpeg	1486089	0	1			0		other	0
HD-35	43	Response	2	1505092	19003	1
HD-35	45	Video	P11A.mpeg	1516348	0	1			0		other	0
HD-35	46	Video	P11C.mpeg	1543431	0	1			0		other	0
HD-35	46	Response	2	1580554	37123	45
HD-35	48	Video	P15A.mpeg	1592415	0	1			0		other	0
HD-35	49	Video	P15C.mpeg	1686202	0	2			0		other	0
HD-35	49	Response	2	1711221	25019	1
HD-35	51	Video	P20A.mpeg	1723149	0	1			0		other	0
HD-35	52	Video	P20C.mpeg	1759761	0	2			0		other	0
HD-35	52	Response	2	1793123	33362	2
HD-35	54	Video	P4A.mpeg	1804064	0	1			0		other	0
HD-35	55	Video	P4C.mpeg	1827469	0	1			0		other	0
HD-35	55	Response	2	1863511	36042	2
HD-35	57	Video	P5A.mpeg	1875951	0	1			0		other	0
HD-35	58	Video	P5C.mpeg	1964891	0	1			0		other	0
HD-35	58	Response	2	1980570	15679	46
HD-35	60	Video	P17A.mpeg	1992642	0	2			0		other	0
HD-35	61	Video	P17C.mpeg	2050152	0	1			0		other	0
HD-35	61	Response	2	2052079	1927	2
HD-35	63	Video	instructions	2061688	0	1			0		other	0
HD-35	64	Response	2	2702990	103988	2
HD-35	65	Video	59A.mpeg	2709842	0	2			0		other	0
HD-35	66	Video	59C.mpeg	2828874	0	1			0		other	0
HD-35	66	Response	2	2846267	17393	2
HD-35	68	Video	25A.mpeg	2858465	0	1			0		other	0
HD-35	69	Video	25C.mpeg	2930519	0	1			0		other	0
HD-35	69	Response	2	2956014	25495	2
HD-35	71	Video	42A.mpeg	2968135	0	1			0		other	0
HD-35	72	Video	42C.mpeg	3004914	0	1			0		other	0
HD-35	72	Response	2	3024761	19847	1
HD-35	74	Video	4A.mpeg	3036010	0	1			0		other	0
HD-35	75	Video	4C.mpeg	3055068	0	1			0		other	0
HD-35	75	Response	2	3087521	32453	2
HD-35	77	Video	3A.mpeg	3098869	0	1			0		other	0
HD-35	78	Video	3C.mpeg	3127457	0	1			0		other	0
HD-35	78	Response	2	3145726	18269	44
HD-35	80	Video	26A.mpeg	3157382	0	1			0		other	0
HD-35	81	Video	26C.mpeg	3230272	0	1			0		other	0
HD-35	81	Response	2	3244208	13936	2
HD-35	83	Video	30A.mpeg	3256519	0	1			0		other	0
HD-35	84	Video	30C.mpeg	3314196	0	1			0		other	0
HD-35	84	Response	2	3328261	14065	1
HD-35	86	Video	35A.mpeg	3340443	0	1			0		other	0
HD-35	87	Video	35C.mpeg	3384913	0	1			0		other	0
HD-35	87	Response	2	3404498	19585	2
HD-35	89	Video	41A.mpeg	3415340	0	1			0		other	0
HD-35	90	Video	41C.mpeg	3448441	0	1			0		other	0
HD-35	90	Response	2	3471729	23288	1
HD-35	92	Video	47A.mpeg	3483215	0	1			0		other	0
HD-35	93	Video	47C.mpeg	3523505	0	1			0		other	0
HD-35	93	Response	2	3540264	16759	2
HD-35	95	Video	24A.mpeg	3551758	0	1			0		other	0
HD-35	96	Video	24C.mpeg	3597231	0	1			0		other	0
HD-35	96	Response	2	3610211	12980	2
HD-35	98	Video	60A.mpeg	3621806	0	2			0		other	0
HD-35	99	Video	60C.mpeg	3672796	0	1			0		other	0
HD-35	99	Response	2	3693337	20541	2
HD-35	101	Video	48A.mpeg	3705563	0	1			0		other	0
HD-35	102	Video	48C.mpeg	3774776	0	1			0		other	0
HD-35	102	Response	2	3796457	21681	45
HD-35	104	Video	31A.mpeg	3809215	0	1			0		other	0
HD-35	105	Video	31C.mpeg	3912866	0	1			0		other	0
HD-35	105	Response	2	3927353	14487	2
HD-35	107	Video	55A.mpeg	3939280	0	1			0		other	0
HD-35	108	Video	55C.mpeg	3985756	0	1			0		other	0
HD-35	108	Response	2	4005977	20221	2
HD-35	110	Video	54A.mpeg	4017353	0	1			0		other	0
HD-35	111	Video	54C.mpeg	4096262	0	1			0		other	0
HD-35	111	Response	2	4129062	32800	2
HD-35	113	Video	1A.mpeg	4140564	0	1			0		other	0
HD-35	114	Video	1C.mpeg	4175338	0	1			0		other	0
HD-35	114	Response	2	4191262	15924	1
HD-35	116	Video	19A.mpeg	4203257	0	1			0		other	0
HD-35	117	Video	19C.mpeg	4259930	0	2			0		other	0
HD-35	117	Response	2	4274525	14595	3
HD-35	119	Video	7A.mpeg	4286512	0	1			0		other	0
HD-35	120	Video	7C.mpeg	4339341	0	1			0		other	0
HD-35	120	Response	2	4356708	17367	2
HD-35	122	Video	37A.mpeg	4368096	0	1			0		other	0
HD-35	123	Video	37C.mpeg	4407884	0	1			0		other	0
HD-35	123	Response	2	4420071	12187	3
HD-35	125	Video	56A.mpeg	4431289	0	2			0		other	0
HD-35	126	Video	56C.mpeg	4453023	0	1			0		other	0
HD-35	126	Response	2	4464700	11677	1
HD-35	128	Video	15A.mpeg	4476094	0	1			0		other	0
HD-35	129	Video	15C.mpeg	4503009	0	2			0		other	0
HD-35	129	Response	2	4512316	9307	1
HD-35	131	Video	27A.mpeg	4524241	0	1			0		other	0
HD-35	132	Video	27C.mpeg	4594624	0	1			0		other	0
HD-35	132	Response	2	4604071	9447	44
HD-35	134	Video	34A.mpeg	4616190	0	1			0		other	0
HD-35	135	Video	34C.mpeg	4678381	0	1			0		other	0
HD-35	135	Response	2	4691088	12707	2
HD-35	137	Video	11A.mpeg	4702454	0	2			0		other	0
HD-35	138	Video	11C.mpeg	4739903	0	1			0		other	0
HD-35	138	Response	2	4750691	10788	2
HD-35	140	Video	9A.mpeg	4762472	0	1			0		other	0
HD-35	141	Video	9C.mpeg	4807610	0	2			0		other	0
HD-35	141	Response	2	4821586	13976	1
HD-35	143	Video	2A.mpeg	4832520	0	1			0		other	0
HD-35	144	Video	2C.mpeg	4865120	0	1			0		other	0
HD-35	144	Response	2	4874128	9008	2
HD-35	146	Video	32A.mpeg	4885014	0	2			0		other	0
HD-35	147	Video	32C.mpeg	4915107	0	1			0		other	0
HD-35	147	Response	2	4934665	19558	1
HD-35	149	Video	33A.mpeg	4946202	0	1			0		other	0
HD-35	150	Video	33C.mpeg	5003043	0	1			0		other	0
HD-35	150	Response	2	5016756	13713	2
HD-35	152	Video	12A.mpeg	5029290	0	2			0		other	0
HD-35	153	Video	12C.mpeg	5060720	0	1			0		other	0
HD-35	153	Response	2	5073606	12886	1
HD-35	155	Response	2	5289196	203232	1
HD-35	157	Video	58A.mpeg	5294604	0	1			0		other	0
HD-35	158	Video	58C.mpeg	5423667	0	1			0		other	0
HD-35	158	Response	2	5453888	30221	46
HD-35	160	Video	52A.mpeg	5466130	0	2			0		other	0
HD-35	161	Video	52C.mpeg	5514111	0	1			0		other	0
HD-35	161	Response	2	5527104	12993	2
HD-35	163	Video	50A.mpeg	5538519	0	1			0		other	0
HD-35	164	Video	50C.mpeg	5572624	0	1			0		other	0
HD-35	164	Response	2	5589686	17062	1
HD-35	166	Video	20A.mpeg	5601379	0	1			0		other	0
HD-35	167	Video	20C.mpeg	5626957	0	1			0		other	0
HD-35	167	Response	2	5657577	30620	2
HD-35	169	Video	16A.mpeg	5669588	0	1			0		other	0
HD-35	170	Video	16C.mpeg	5747661	0	1			0		other	0
HD-35	170	Response	2	5762929	15268	2
HD-35	172	Video	28A.mpeg	5774075	0	1			0		other	0
HD-35	173	Video	28C.mpeg	5804167	0	1			0		other	0
HD-35	173	Response	2	5821329	17162	1
HD-35	175	Video	44A.mpeg	5832922	0	1			0		other	0
HD-35	176	Video	44C.mpeg	5871206	0	1			0		other	0
HD-35	176	Response	2	5886197	14991	1
HD-35	178	Video	23A.mpeg	5897621	0	1			0		other	0
HD-35	179	Video	23C.mpeg	5941756	0	1			0		other	0
HD-35	179	Response	2	5962523	20767	2
HD-35	181	Video	38A.mpeg	5974022	0	1			0		other	0
HD-35	182	Video	38C.mpeg	6013476	0	1			0		other	0
HD-35	182	Response	2	6028768	15292	1
HD-35	184	Video	6A.mpeg	6041061	0	1			0		other	0
HD-35	185	Video	6C.mpeg	6073828	0	1			0		other	0
HD-35	185	Response	2	6092515	18687	1
HD-35	187	Video	8A.mpeg	6104756	0	1			0		other	0
HD-35	188	Video	8C.mpeg	6167114	0	1			0		other	0
HD-35	188	Response	2	6179580	12466	2
HD-35	190	Video	49A.mpeg	6191689	0	1			0		other	0
HD-35	191	Video	49C.mpeg	6249199	0	1			0		other	0
HD-35	191	Response	2	6262421	13222	1
HD-35	193	Video	13A.mpeg	6274777	0	2			0		other	0
HD-35	194	Video	13C.mpeg	6330950	0	1			0		other	0
HD-35	194	Response	2	6333889	2939	35
HD-35	196	Video	53A.mpeg	6345327	0	1			0		other	0
HD-35	197	Video	53C.mpeg	6404174	0	2			0		other	0
HD-35	197	Response	2	6418708	14534	44
HD-35	199	Video	29A.mpeg	6431090	0	1			0		other	0
HD-35	200	Video	29C.mpeg	6498798	0	1			0		other	0
HD-35	200	Response	2	6513632	14834	2
HD-35	202	Video	10A.mpeg	6526048	0	1			0		other	0
HD-35	203	Video	10C.mpeg	6576369	0	1			0		other	0
HD-35	203	Response	2	6597337	20968	46
HD-35	205	Video	43A.mpeg	6609471	0	1			0		other	0
HD-35	206	Video	43C.mpeg	6646919	0	1			0		other	0
HD-35	206	Response	2	6666090	19171	2
HD-35	208	Video	51A.mpeg	6677179	0	1			0		other	0
HD-35	209	Video	51C.mpeg	6721314	0	1			0		other	0
HD-35	209	Response	2	6738217	16903	2
HD-35	211	Video	57A.mpeg	6751406	0	1			0		other	0
HD-35	212	Video	57C.mpeg	6853887	0	1			0		other	0
HD-35	212	Response	2	6867294	13407	2
HD-35	214	Video	18A.mpeg	6879298	0	2			0		other	0
HD-35	215	Video	18C.mpeg	6935304	0	1			0		other	0
HD-35	215	Response	2	6946195	10891	1
HD-35	217	Video	14A.mpeg	6958542	0	1			0		other	0
HD-35	218	Video	14C.mpeg	6991977	0	2			0		other	0
HD-35	218	Response	2	7012886	20909	2
HD-35	220	Video	39A.mpeg	7024410	0	1			0		other	0
HD-35	221	Video	39C.mpeg	7075567	0	1			0		other	0
HD-35	221	Response	2	7097583	22016	1
HD-35	223	Video	36A.mpeg	7109170	0	1			0		other	0
HD-35	224	Video	36C.mpeg	7160829	0	1			0		other	0
HD-35	224	Response	2	7172373	11544	2
HD-35	226	Video	17A.mpeg	7184234	0	1			0		other	0
HD-35	227	Video	17C.mpeg	7222685	0	1			0		other	0
HD-35	227	Response	2	7242071	19386	1
HD-35	229	Video	45A.mpeg	7253948	0	14			0		other	0
HD-35	230	Video	45C.mpeg	7309953	0	1			0		other	0
HD-35	230	Response	2	7325603	15650	2
HD-35	232	Video	5A.mpeg	7336534	0	1			0		other	0
HD-35	233	Video	5C.mpeg	7363952	0	1			0		other	0
HD-35	233	Response	2	7366278	2326	2
HD-35	235	Video	22A.mpeg	7377661	0	1			0		other	0
HD-35	235	Response	2	7416648	38987	48
HD-35	236	Video	22C.mpeg	7429653	0	2			0		other	0
HD-35	238	Video	46A.mpeg	7474959	0	1			0		other	0
HD-35	239	Video	46C.mpeg	7534642	0	1			0		other	0
HD-35	239	Response	2	7557918	23276	18
HD-35	241	Video	21A.mpeg	7570753	0	1			0		other	0
HD-35	242	Video	21C.mpeg	7625420	0	2			0		other	0
HD-35	242	Response	2	7639114	13694	2
HD-35	244	Video	40A.mpeg	7650999	0	1			0		other	0
HD-35	245	Video	40C.mpeg	7697642	0	1			0		other	0
HD-35	245	Response	2	7713112	15470	6
