Scenario - Test trials
Logfile written - 01/23/2015 10:22:48

Subject	Trial	Event Type	Code	Time	TTime	Uncertainty	Duration	Uncertainty	ReqTime	ReqDur	Stim Type	Pair Index

LL-18-2B	1	Video	instructions	-5151	0	1			0		other	0
LL-18-2B	1	Response	2	24445	29596	2
LL-18-2B	2	Response	2	903298	877523	1
LL-18-2B	3	Video	P11A.mpeg	909974	0	2			0		other	0
LL-18-2B	4	Video	P11C.mpeg	954945	0	1			0		other	0
LL-18-2B	4	Response	2	1003081	48136	1
LL-18-2B	6	Video	P8A.mpeg	1014794	0	2			0		other	0
LL-18-2B	7	Video	P8C.mpeg	1041041	0	1			0		other	0
LL-18-2B	7	Response	2	1060319	19278	2
LL-18-2B	9	Video	P18A.mpeg	1072136	0	1			0		other	0
LL-18-2B	10	Video	P18C.mpeg	1197519	0	1			0		other	0
LL-18-2B	10	Response	2	1222201	24682	2
LL-18-2B	12	Video	P15A.mpeg	1234298	0	1			0		other	0
LL-18-2B	13	Video	P15C.mpeg	1281275	0	1			0		other	0
LL-18-2B	13	Response	2	1316187	34912	1
LL-18-2B	15	Video	P7A.mpeg	1327415	0	2			0		other	0
LL-18-2B	16	Video	P7C.mpeg	1370046	0	1			0		other	0
LL-18-2B	16	Response	2	1406678	36632	1
LL-18-2B	18	Video	P20A.mpeg	1418694	0	1			0		other	0
LL-18-2B	19	Video	P20C.mpeg	1472024	0	1			0		other	0
LL-18-2B	19	Response	2	1509421	37397	2
LL-18-2B	21	Video	P12A.mpeg	1521675	0	1			0		other	0
LL-18-2B	22	Video	P12C.mpeg	1575005	0	1			0		other	0
LL-18-2B	22	Response	2	1597513	22508	2
LL-18-2B	24	Video	P10A.mpeg	1609777	0	2			0		other	0
LL-18-2B	25	Video	P10C.mpeg	1723123	0	2			0		other	0
LL-18-2B	25	Response	2	1769113	45990	2
LL-18-2B	27	Video	P19A.mpeg	1781301	0	1			0		other	0
LL-18-2B	28	Video	P19C.mpeg	1834798	0	1			0		other	0
LL-18-2B	28	Response	2	1865724	30926	1
LL-18-2B	30	Video	P3A.mpeg	1878097	0	1			0		other	0
LL-18-2B	31	Video	P3C.mpeg	1970211	0	1			0		other	0
LL-18-2B	31	Response	2	2001644	31433	2
LL-18-2B	33	Video	P4A.mpeg	2013677	0	1			0		other	0
LL-18-2B	34	Video	P4C.mpeg	2153939	0	1			0		other	0
LL-18-2B	34	Response	2	2181860	27921	1
LL-18-2B	36	Video	P2A.mpeg	2194563	0	1			0		other	0
LL-18-2B	37	Video	P2C.mpeg	2296708	0	1			0		other	0
LL-18-2B	37	Response	2	2330477	33769	2
LL-18-2B	39	Video	P14A.mpeg	2342514	0	1			0		other	0
LL-18-2B	40	Video	P14C.mpeg	2427774	0	2			0		other	0
LL-18-2B	40	Response	2	2455990	28216	45
LL-18-2B	42	Video	P5A.mpeg	2467563	0	1			0		other	0
LL-18-2B	43	Video	P5C.mpeg	2525072	0	1			0		other	0
LL-18-2B	43	Response	2	2544576	19504	2
LL-18-2B	45	Video	P16A.mpeg	2555163	0	2			0		other	0
LL-18-2B	46	Video	P16C.mpeg	2585088	0	1			0		other	0
LL-18-2B	46	Response	2	2599613	14525	1
LL-18-2B	48	Video	P17A.mpeg	2612338	0	1			0		other	0
LL-18-2B	49	Video	P17C.mpeg	2647612	0	1			0		other	0
LL-18-2B	49	Response	2	2670857	23245	2
LL-18-2B	51	Video	P6A.mpeg	2682051	0	1			0		other	0
LL-18-2B	52	Video	P6C.mpeg	2719666	0	1			0		other	0
LL-18-2B	52	Response	2	2737145	17479	2
LL-18-2B	54	Video	P1A.mpeg	2749757	0	2			0		other	0
LL-18-2B	55	Video	P1C.mpeg	2883833	0	2			0		other	0
LL-18-2B	55	Response	2	2902454	18621	2
LL-18-2B	57	Video	P9A.mpeg	2914761	0	1			0		other	0
LL-18-2B	58	Video	P9C.mpeg	2983638	0	1			0		other	0
LL-18-2B	58	Response	2	2997025	13387	2
LL-18-2B	60	Video	P13A.mpeg	3008547	0	1			0		other	0
LL-18-2B	61	Video	P13C.mpeg	3049171	0	2			0		other	0
LL-18-2B	61	Response	2	3094587	45416	2
LL-18-2B	63	Video	instructions	3104841	0	2			0		other	0
LL-18-2B	64	Response	2	3690682	47698	2
LL-18-2B	65	Video	56A.mpeg	3697149	0	2			0		other	0
LL-18-2B	66	Video	56C.mpeg	3805982	0	1			0		other	0
LL-18-2B	67	Response	2	3850436	5001	3861
LL-18-2B	68	Video	36A.mpeg	3856971	0	1			0		other	0
LL-18-2B	69	Video	36C.mpeg	3908127	0	1			0		other	0
LL-18-2B	69	Response	2	3964991	56864	2
LL-18-2B	71	Video	21A.mpeg	3976837	0	1			0		other	0
LL-18-2B	72	Video	21C.mpeg	4061930	0	1			0		other	0
LL-18-2B	72	Response	2	4077400	15470	2
LL-18-2B	74	Video	39A.mpeg	4090015	0	2			0		other	0
LL-18-2B	75	Video	39C.mpeg	4160063	0	1			0		other	0
LL-18-2B	75	Response	2	4203063	43000	2
LL-18-2B	77	Video	22A.mpeg	4214730	0	1			0		other	0
LL-18-2B	78	Video	22C.mpeg	4262375	0	1			0		other	0
LL-18-2B	78	Response	2	4277909	15534	1
LL-18-2B	80	Video	5A.mpeg	4290126	0	1			0		other	0
LL-18-2B	81	Video	5C.mpeg	4356997	0	1			0		other	0
LL-18-2B	81	Response	2	4374933	17936	2
LL-18-2B	83	Video	25A.mpeg	4387256	0	1			0		other	0
LL-18-2B	84	Video	25C.mpeg	4495420	0	1			0		other	0
LL-18-2B	84	Response	2	4539036	43616	2
LL-18-2B	86	Video	58A.mpeg	4550588	0	1			0		other	0
LL-18-2B	87	Video	58C.mpeg	4580178	0	2			0		other	0
LL-18-2B	87	Response	2	4593851	13673	2
LL-18-2B	89	Video	16A.mpeg	4606592	0	2			0		other	0
LL-18-2B	90	Video	16C.mpeg	4704391	0	1			0		other	0
LL-18-2B	90	Response	2	4727559	23168	1
LL-18-2B	92	Video	45A.mpeg	4739331	0	1			0		other	0
LL-18-2B	93	Video	45C.mpeg	4776779	0	1			0		other	0
LL-18-2B	93	Response	2	4841999	65220	1
LL-18-2B	95	Video	34A.mpeg	4854683	0	1			0		other	0
LL-18-2B	96	Video	34C.mpeg	4954822	0	1			0		other	0
LL-18-2B	96	Response	2	4992775	37953	1
LL-18-2B	98	Video	20A.mpeg	5004808	0	1			0		other	0
LL-18-2B	99	Video	20C.mpeg	5086056	0	1			0		other	0
LL-18-2B	99	Response	2	5111358	25302	2
LL-18-2B	101	Video	11A.mpeg	5123169	0	2			0		other	0
LL-18-2B	102	Video	11C.mpeg	5182517	0	1			0		other	0
LL-18-2B	102	Response	2	5222511	39994	1
LL-18-2B	104	Video	13A.mpeg	5234509	0	1			0		other	0
LL-18-2B	105	Video	13C.mpeg	5284161	0	1			0		other	0
LL-18-2B	105	Response	2	5311814	27653	2
LL-18-2B	107	Video	30A.mpeg	5323280	0	1			0		other	0
LL-18-2B	108	Video	30C.mpeg	5368752	0	2			0		other	0
LL-18-2B	108	Response	2	5388531	19779	2
LL-18-2B	110	Video	48A.mpeg	5400516	0	1			0		other	0
LL-18-2B	111	Video	48C.mpeg	5429772	0	1			0		other	0
LL-18-2B	111	Response	2	5447040	17268	1
LL-18-2B	113	Video	10A.mpeg	5458526	0	2			0		other	0
LL-18-2B	114	Video	10C.mpeg	5493132	0	1			0		other	0
LL-18-2B	114	Response	2	5506482	13350	18
LL-18-2B	116	Video	6A.mpeg	5518209	0	1			0		other	0
LL-18-2B	117	Video	6C.mpeg	5567191	0	2			0		other	0
LL-18-2B	117	Response	2	5583534	16343	1
LL-18-2B	119	Video	32A.mpeg	5594776	0	1			0		other	0
LL-18-2B	120	Video	32C.mpeg	5619685	0	1			0		other	0
LL-18-2B	120	Response	2	5641305	21620	1
LL-18-2B	122	Video	24A.mpeg	5652953	0	1			0		other	0
LL-18-2B	123	Video	24C.mpeg	5702772	0	1			0		other	0
LL-18-2B	123	Response	2	5721550	18778	2
LL-18-2B	125	Video	2A.mpeg	5733867	0	1			0		other	0
LL-18-2B	126	Video	2C.mpeg	5848383	0	1			0		other	0
LL-18-2B	126	Response	2	5871520	23137	1
LL-18-2B	128	Video	59A.mpeg	5883992	0	1			0		other	0
LL-18-2B	129	Video	59C.mpeg	5931637	0	2			0		other	0
LL-18-2B	129	Response	2	5961291	29654	1
LL-18-2B	131	Video	50A.mpeg	5972763	0	1			0		other	0
LL-18-2B	132	Video	50C.mpeg	6014891	0	2			0		other	0
LL-18-2B	132	Response	2	6038998	24107	2
LL-18-2B	134	Video	17A.mpeg	6050835	0	1			0		other	0
LL-18-2B	135	Video	17C.mpeg	6102158	0	1			0		other	0
LL-18-2B	135	Response	2	6130902	28744	2
LL-18-2B	137	Video	51A.mpeg	6142782	0	1			0		other	0
LL-18-2B	138	Video	51C.mpeg	6204972	0	1			0		other	0
LL-18-2B	138	Response	2	6252568	47596	1
LL-18-2B	140	Video	53A.mpeg	6264654	0	1			0		other	0
LL-18-2B	141	Video	53C.mpeg	6295916	0	1			0		other	0
LL-18-2B	141	Response	2	6331919	36003	2
LL-18-2B	143	Video	54A.mpeg	6343896	0	1			0		other	0
LL-18-2B	144	Video	54C.mpeg	6419627	0	1			0		other	0
LL-18-2B	144	Response	2	6454516	34889	2
LL-18-2B	146	Video	55A.mpeg	6467440	0	1			0		other	0
LL-18-2B	147	Video	55C.mpeg	6560724	0	2			0		other	0
LL-18-2B	147	Response	2	6590414	29690	2
LL-18-2B	149	Video	38A.mpeg	6602519	0	1			0		other	0
LL-18-2B	150	Video	38C.mpeg	6647824	0	1			0		other	0
LL-18-2B	150	Response	2	6685340	37516	2
LL-18-2B	152	Video	9A.mpeg	6698813	0	1			0		other	0
LL-18-2B	153	Video	9C.mpeg	6745455	0	1			0		other	0
LL-18-2B	153	Response	2	6795635	50180	47
LL-18-2B	155	Response	2	7192651	385508	2
LL-18-2B	157	Video	15A.mpeg	7198170	0	1			0		other	0
LL-18-2B	158	Video	15C.mpeg	7252336	0	1			0		other	0
LL-18-2B	158	Response	2	7282347	30011	2
LL-18-2B	160	Video	40A.mpeg	7294799	0	1			0		other	0
LL-18-2B	161	Video	40C.mpeg	7378889	0	1			0		other	0
LL-18-2B	161	Response	2	7423621	44732	2
LL-18-2B	163	Video	43A.mpeg	7435394	0	2			0		other	0
LL-18-2B	164	Video	43C.mpeg	7473845	0	1			0		other	0
LL-18-2B	164	Response	2	7488701	14856	1
LL-18-2B	166	Video	4A.mpeg	7501262	0	1			0		other	0
LL-18-2B	167	Video	4C.mpeg	7624973	0	1			0		other	0
LL-18-2B	167	Response	2	7671484	46511	2
LL-18-2B	169	Video	14A.mpeg	7683987	0	1			0		other	0
LL-18-2B	170	Video	14C.mpeg	7771253	0	1			0		other	0
LL-18-2B	170	Response	2	7798507	27254	2
LL-18-2B	172	Video	1A.mpeg	7810874	0	1			0		other	0
LL-18-2B	173	Video	1C.mpeg	7924722	0	1			0		other	0
LL-18-2B	173	Response	2	7941030	16308	1
LL-18-2B	175	Video	3A.mpeg	7953476	0	1			0		other	0
LL-18-2B	176	Video	3C.mpeg	8040910	0	1			0		other	0
LL-18-2B	176	Response	2	8065060	24150	18
LL-18-2B	178	Video	7A.mpeg	8076853	0	1			0		other	0
LL-18-2B	179	Video	7C.mpeg	8157265	0	1			0		other	0
LL-18-2B	179	Response	2	8183178	25913	1
LL-18-2B	181	Video	46A.mpeg	8195214	0	1			0		other	0
LL-18-2B	182	Video	46C.mpeg	8244197	0	1			0		other	0
LL-18-2B	182	Response	2	8280216	36019	2
LL-18-2B	184	Video	33A.mpeg	8291842	0	1			0		other	0
LL-18-2B	185	Video	33C.mpeg	8340825	0	1			0		other	0
LL-18-2B	185	Response	2	8367688	26863	2
LL-18-2B	187	Video	28A.mpeg	8380446	0	1			0		other	0
LL-18-2B	188	Video	28C.mpeg	8435280	0	1			0		other	0
LL-18-2B	188	Response	2	8459969	24689	2
LL-18-2B	190	Video	27A.mpeg	8472393	0	2			0		other	0
LL-18-2B	191	Video	27C.mpeg	8534583	0	1			0		other	0
LL-18-2B	191	Response	2	8559627	25044	2
LL-18-2B	193	Video	18A.mpeg	8572198	0	1			0		other	0
LL-18-2B	194	Video	18C.mpeg	8669328	0	1			0		other	0
LL-18-2B	194	Response	2	8700457	31129	2
LL-18-2B	196	Video	19A.mpeg	8713295	0	2			0		other	0
LL-18-2B	197	Video	19C.mpeg	8878634	0	1			0		other	0
LL-18-2B	197	Response	2	8904394	25760	18
LL-18-2B	199	Video	8A.mpeg	8916583	0	1			0		other	0
LL-18-2B	200	Video	8C.mpeg	8994320	0	1			0		other	0
LL-18-2B	200	Response	2	9018861	24541	1
LL-18-2B	202	Video	35A.mpeg	9031433	0	1			0		other	0
LL-18-2B	203	Video	35C.mpeg	9099307	0	1			0		other	0
LL-18-2B	203	Response	2	9113147	13840	1
LL-18-2B	205	Video	52A.mpeg	9125387	0	1			0		other	0
LL-18-2B	206	Video	52C.mpeg	9193261	0	1			0		other	0
LL-18-2B	206	Response	2	9228464	35203	2
LL-18-2B	208	Video	49A.mpeg	9238900	0	2			0		other	0
LL-18-2B	209	Video	49C.mpeg	9256621	0	1			0		other	0
LL-18-2B	209	Response	2	9274381	17760	44
LL-18-2B	211	Video	47A.mpeg	9286378	0	1			0		other	0
LL-18-2B	212	Video	47C.mpeg	9334860	0	1			0		other	0
LL-18-2B	212	Response	2	9342084	7224	2
LL-18-2B	214	Video	26A.mpeg	9353249	0	1			0		other	0
LL-18-2B	215	Video	26C.mpeg	9381000	0	2			0		other	0
LL-18-2B	215	Response	2	9400605	19605	2
LL-18-2B	217	Video	12A.mpeg	9412095	0	2			0		other	0
LL-18-2B	218	Video	12C.mpeg	9449543	0	1			0		other	0
LL-18-2B	218	Response	2	9472238	22695	2
LL-18-2B	220	Video	60A.mpeg	9484483	0	1			0		other	0
LL-18-2B	221	Video	60C.mpeg	9551354	0	1			0		other	0
LL-18-2B	221	Response	2	9571165	19811	2
LL-18-2B	223	Video	57A.mpeg	9582449	0	1			0		other	0
LL-18-2B	224	Video	57C.mpeg	9631264	0	2			0		other	0
LL-18-2B	224	Response	2	9648921	17657	1
LL-18-2B	226	Video	31A.mpeg	9661189	0	1			0		other	0
LL-18-2B	227	Video	31C.mpeg	9733911	0	1			0		other	0
LL-18-2B	227	Response	2	9752471	18560	2
LL-18-2B	229	Video	23A.mpeg	9765173	0	1			0		other	0
LL-18-2B	230	Video	23C.mpeg	9882531	0	2			0		other	0
LL-18-2B	230	Response	2	9897725	15194	1
LL-18-2B	232	Video	41A.mpeg	9909781	0	1			0		other	0
LL-18-2B	233	Video	41C.mpeg	9969965	0	1			0		other	0
LL-18-2B	233	Response	2	9981576	11611	2
LL-18-2B	235	Video	37A.mpeg	9993203	0	1			0		other	0
LL-18-2B	236	Video	37C.mpeg	10025802	0	1			0		other	0
LL-18-2B	236	Response	2	10047004	21202	2
LL-18-2B	238	Video	42A.mpeg	10059070	0	2			0		other	0
LL-18-2B	239	Video	42C.mpeg	10125607	0	1			0		other	0
LL-18-2B	239	Response	2	10147346	21739	2
LL-18-2B	241	Video	44A.mpeg	10159544	0	1			0		other	0
LL-18-2B	242	Video	44C.mpeg	10224241	0	1			0		other	0
LL-18-2B	242	Response	2	10240232	15991	2
LL-18-2B	244	Video	29A.mpeg	10251658	0	1			0		other	0
LL-18-2B	245	Video	29C.mpeg	10299471	0	1			0		other	0
LL-18-2B	245	Response	2	10327608	28137	3
