Scenario - Test trials
Logfile written - 01/07/2015 11:00:46

Subject	Trial	Event Type	Code	Time	TTime	Uncertainty	Duration	Uncertainty	ReqTime	ReqDur	Stim Type	Pair Index

LL-15	1	Video	instructions	-5319	0	1			0		other	0
LL-15	2	Response	2	1846222	723113	1
LL-15	3	Video	P18A.mpeg	1851990	0	1			0		other	0
LL-15	4	Video	P18C.mpeg	1977371	0	1			0		other	0
LL-15	4	Response	2	1978154	783	1
LL-15	6	Video	P14A.mpeg	1990745	0	1			0		other	0
LL-15	6	Response	2	2074152	83407	2
LL-15	7	Video	P14C.mpeg	2075837	0	1			0		other	0
LL-15	8	Response	2	2112290	3018	1
LL-15	9	Video	P1A.mpeg	2121308	0	1			0		other	0
LL-15	9	Response	2	2252398	131090	42
LL-15	10	Video	P1C.mpeg	2255382	0	1			0		other	0
LL-15	12	Video	P15A.mpeg	2313392	0	1			0		other	0
LL-15	13	Video	P15C.mpeg	2360368	0	1			0		other	0
LL-15	13	Response	2	2395266	34898	45
LL-15	15	Video	P10A.mpeg	2407344	0	1			0		other	0
LL-15	16	Video	P10C.mpeg	2520688	0	2			0		other	0
LL-15	16	Response	2	2559775	39087	1
LL-15	18	Video	P2A.mpeg	2572345	0	1			0		other	0
LL-15	19	Video	P2C.mpeg	2674489	0	1			0		other	0
LL-15	20	Response	2	2725715	2746	2
LL-15	21	Video	P3A.mpeg	2734839	0	1			0		other	0
LL-15	22	Video	P3C.mpeg	2826952	0	1			0		other	0
LL-15	22	Response	2	2854802	27850	2
LL-15	24	Video	P16A.mpeg	2866405	0	1			0		other	0
LL-15	24	Response	2	2893878	27473	28
LL-15	25	Video	P16C.mpeg	2896497	0	1			0		other	0
LL-15	25	Response	2	2914259	17762	2
LL-15	27	Video	P9A.mpeg	2926421	0	1			0		other	0
LL-15	28	Video	P9C.mpeg	2995130	0	1			0		other	0
LL-15	28	Response	2	3017215	22085	34
LL-15	30	Video	P6A.mpeg	3028899	0	1			0		other	0
LL-15	31	Video	P6C.mpeg	3066513	0	1			0		other	0
LL-15	31	Response	2	3082083	15570	1
LL-15	33	Video	P5A.mpeg	3093428	0	2			0		other	0
LL-15	34	Video	P5C.mpeg	3151271	0	1			0		other	0
LL-15	34	Response	2	3168388	17117	1
LL-15	36	Video	P11A.mpeg	3180861	0	1			0		other	0
LL-15	37	Video	P11C.mpeg	3225831	0	1			0		other	0
LL-15	37	Response	2	3267399	41568	2
LL-15	39	Video	P17A.mpeg	3279661	0	1			0		other	0
LL-15	40	Video	P17C.mpeg	3314768	0	1			0		other	0
LL-15	40	Response	2	3363176	48408	2
LL-15	42	Video	P20A.mpeg	3374950	0	2			0		other	0
LL-15	43	Video	P20C.mpeg	3428112	0	1			0		other	0
LL-15	43	Response	2	3462417	34305	2
LL-15	45	Video	P8A.mpeg	3473583	0	2			0		other	0
LL-15	46	Video	P8C.mpeg	3499830	0	1			0		other	0
LL-15	46	Response	2	3521755	21925	2
LL-15	48	Video	P4A.mpeg	3534268	0	1			0		other	0
LL-15	49	Video	P4C.mpeg	3674360	0	1			0		other	0
LL-15	49	Response	2	3704186	29826	2
LL-15	51	Video	P13A.mpeg	3715987	0	1			0		other	0
LL-15	51	Response	2	3754623	38636	2
LL-15	52	Video	P13C.mpeg	3756443	0	1			0		other	0
LL-15	52	Response	2	3828439	71996	2
LL-15	54	Video	P19A.mpeg	3840532	0	1			0		other	0
LL-15	55	Video	P19C.mpeg	3893860	0	1			0		other	0
LL-15	55	Response	2	3919399	25539	2
LL-15	57	Video	P7A.mpeg	3931140	0	1			0		other	0
LL-15	58	Video	P7C.mpeg	3973435	0	2			0		other	0
LL-15	58	Response	2	3989253	15818	2
LL-15	60	Video	P12A.mpeg	4001855	0	1			0		other	0
LL-15	61	Video	P12C.mpeg	4055351	0	1			0		other	0
LL-15	61	Response	2	4101232	45881	1
LL-15	63	Video	instructions	4111302	0	118			0		other	0
LL-15	64	Response	2	5040611	391122	1
LL-15	65	Video	31A.mpeg	5047030	0	2			0		other	0
LL-15	66	Video	31C.mpeg	5119919	0	1			0		other	0
LL-15	66	Response	2	5147243	27324	44
LL-15	68	Video	49A.mpeg	5158202	0	1			0		other	0
LL-15	69	Video	49C.mpeg	5175755	0	1			0		other	0
LL-15	69	Response	2	5191377	15622	1
LL-15	71	Video	58A.mpeg	5202336	0	1			0		other	0
LL-15	72	Video	58C.mpeg	5231758	0	2			0		other	0
LL-15	72	Response	2	5244590	12832	1
LL-15	74	Video	41A.mpeg	5256500	0	1			0		other	0
LL-15	75	Video	41C.mpeg	5316349	0	1			0		other	0
LL-15	75	Response	2	5327655	11306	2
LL-15	77	Video	35A.mpeg	5339419	0	1			0		other	0
LL-15	78	Video	35C.mpeg	5407459	0	1			0		other	0
LL-15	78	Response	2	5421066	13607	1
LL-15	80	Video	5A.mpeg	5432869	0	2			0		other	0
LL-15	81	Video	5C.mpeg	5499739	0	2			0		other	0
LL-15	81	Response	2	5516163	16424	1
LL-15	83	Video	21A.mpeg	5527992	0	1			0		other	0
LL-15	84	Video	21C.mpeg	5612749	0	1			0		other	0
LL-15	84	Response	2	5626365	13616	2
LL-15	86	Video	39A.mpeg	5638996	0	1			0		other	0
LL-15	87	Video	39C.mpeg	5708875	0	1			0		other	0
LL-15	87	Response	2	5757864	48989	1
LL-15	89	Video	57A.mpeg	5768723	0	1			0		other	0
LL-15	90	Video	57C.mpeg	5817705	0	2			0		other	0
LL-15	90	Response	2	5834650	16945	2
LL-15	92	Video	2A.mpeg	5846961	0	1			0		other	0
LL-15	92	Response	2	5960513	113552	2
LL-15	93	Video	2C.mpeg	5961475	0	2			0		other	0
LL-15	93	Response	2	5993910	32435	1
LL-15	95	Video	8A.mpeg	6005777	0	1			0		other	0
LL-15	96	Video	8C.mpeg	6083346	0	1			0		other	0
LL-15	96	Response	2	6104123	20777	3
LL-15	98	Video	22A.mpeg	6116112	0	1			0		other	0
LL-15	99	Video	22C.mpeg	6163590	0	1			0		other	0
LL-15	99	Response	2	6178075	14485	18
LL-15	101	Video	28A.mpeg	6190839	0	1			0		other	0
LL-15	102	Video	28C.mpeg	6245672	0	1			0		other	0
LL-15	102	Response	2	6290326	44654	2
LL-15	104	Video	40A.mpeg	6302512	0	1			0		other	0
LL-15	105	Video	40C.mpeg	6386433	0	1			0		other	0
LL-15	105	Response	2	6417411	30978	2
LL-15	107	Video	52A.mpeg	6429731	0	2			0		other	0
LL-15	108	Video	52C.mpeg	6497437	0	1			0		other	0
LL-15	108	Response	2	6531268	33831	2
LL-15	110	Video	59A.mpeg	6543243	0	1			0		other	0
LL-15	111	Video	59C.mpeg	6590721	0	1			0		other	0
LL-15	111	Response	2	6625733	35012	2
LL-15	113	Video	11A.mpeg	6638031	0	1			0		other	0
LL-15	114	Video	11C.mpeg	6697211	0	1			0		other	0
LL-15	114	Response	2	6735120	37909	2
LL-15	116	Video	54A.mpeg	6747363	0	1			0		other	0
LL-15	117	Video	54C.mpeg	6822926	0	1			0		other	0
LL-15	117	Response	2	6872221	49295	1
LL-15	119	Video	60A.mpeg	6884446	0	2			0		other	0
LL-15	120	Video	60C.mpeg	6951149	0	1			0		other	0
LL-15	120	Response	2	6973529	22380	1
LL-15	122	Video	17A.mpeg	6985420	0	1			0		other	0
LL-15	123	Video	17C.mpeg	7036575	0	1			0		other	0
LL-15	123	Response	2	7081452	44877	2
LL-15	125	Video	16A.mpeg	7093916	0	1			0		other	0
LL-15	126	Video	16C.mpeg	7191546	0	1			0		other	0
LL-15	126	Response	2	7237293	45747	2
LL-15	128	Video	42A.mpeg	7248887	0	1			0		other	0
LL-15	129	Video	42C.mpeg	7315255	0	1			0		other	0
LL-15	129	Response	2	7336451	21196	2
LL-15	131	Video	26A.mpeg	7349024	0	2			0		other	0
LL-15	132	Video	26C.mpeg	7376776	0	1			0		other	0
LL-15	132	Response	2	7394009	17233	1
LL-15	134	Video	37A.mpeg	7405195	0	1			0		other	0
LL-15	135	Video	37C.mpeg	7437794	0	1			0		other	0
LL-15	135	Response	2	7458865	21071	2
LL-15	137	Video	33A.mpeg	7469892	0	1			0		other	0
LL-15	138	Video	33C.mpeg	7519041	0	1			0		other	0
LL-15	138	Response	2	7537567	18526	1
LL-15	140	Video	19A.mpeg	7550470	0	1			0		other	0
LL-15	141	Video	19C.mpeg	7715806	0	1			0		other	0
LL-15	141	Response	2	7738439	22633	1
LL-15	143	Video	43A.mpeg	7750411	0	1			0		other	0
LL-15	144	Video	43C.mpeg	7788694	0	1			0		other	0
LL-15	144	Response	2	7802373	13679	1
LL-15	146	Video	15A.mpeg	7813770	0	1			0		other	0
LL-15	147	Video	15C.mpeg	7867934	0	2			0		other	0
LL-15	147	Response	2	7887734	19800	1
LL-15	149	Video	48A.mpeg	7899363	0	1			0		other	0
LL-15	150	Video	48C.mpeg	7928619	0	1			0		other	0
LL-15	150	Response	2	7957427	28808	2
LL-15	152	Video	18A.mpeg	7969911	0	1			0		other	0
LL-15	153	Video	18C.mpeg	8066872	0	1			0		other	0
LL-15	153	Response	2	8100388	33516	1
LL-15	155	Response	2	8368936	256258	1
LL-15	157	Video	14A.mpeg	8374306	0	1			0		other	0
LL-15	158	Video	14C.mpeg	8461237	0	1			0		other	0
LL-15	158	Response	2	8484914	23677	2
LL-15	160	Video	55A.mpeg	8497848	0	1			0		other	0
LL-15	161	Video	55C.mpeg	8590964	0	2			0		other	0
LL-15	161	Response	2	8647898	56934	1
LL-15	163	Video	24A.mpeg	8660008	0	1			0		other	0
LL-15	164	Video	24C.mpeg	8709658	0	2			0		other	0
LL-15	164	Response	2	8733613	23955	1
LL-15	166	Video	47A.mpeg	8745267	0	1			0		other	0
LL-15	167	Video	47C.mpeg	8793914	0	2			0		other	0
LL-15	167	Response	2	8815759	21845	2
LL-15	169	Video	46A.mpeg	8827851	0	1			0		other	0
LL-15	170	Video	46C.mpeg	8876499	0	1			0		other	0
LL-15	170	Response	2	8897966	21467	1
LL-15	172	Video	10A.mpeg	8910101	0	1			0		other	0
LL-15	173	Video	10C.mpeg	8944706	0	1			0		other	0
LL-15	173	Response	2	8965306	20600	2
LL-15	175	Video	53A.mpeg	8977138	0	1			0		other	0
LL-15	176	Video	53C.mpeg	9008399	0	2			0		other	0
LL-15	176	Response	2	9043139	34740	1
LL-15	178	Video	27A.mpeg	9054874	0	1			0		other	0
LL-15	179	Video	27C.mpeg	9116896	0	1			0		other	0
LL-15	179	Response	2	9144010	27114	2
LL-15	181	Video	44A.mpeg	9155680	0	1			0		other	0
LL-15	182	Video	44C.mpeg	9220377	0	1			0		other	0
LL-15	182	Response	2	9236581	16204	2
LL-15	184	Video	7A.mpeg	9248462	0	1			0		other	0
LL-15	185	Video	7C.mpeg	9328539	0	1			0		other	0
LL-15	185	Response	2	9375623	47084	1
LL-15	187	Video	30A.mpeg	9387217	0	2			0		other	0
LL-15	188	Video	30C.mpeg	9432688	0	2			0		other	0
LL-15	188	Response	2	9448566	15878	2
LL-15	190	Video	20A.mpeg	9461275	0	2			0		other	0
LL-15	191	Video	20C.mpeg	9542355	0	1			0		other	0
LL-15	191	Response	2	9568275	25920	2
LL-15	193	Video	56A.mpeg	9580471	0	1			0		other	0
LL-15	194	Video	56C.mpeg	9689301	0	2			0		other	0
LL-15	194	Response	2	9710183	20882	2
LL-15	196	Video	25A.mpeg	9722736	0	2			0		other	0
LL-15	197	Video	25C.mpeg	9830731	0	1			0		other	0
LL-15	197	Response	2	9852530	21799	2
LL-15	199	Video	45A.mpeg	9865002	0	1			0		other	0
LL-15	200	Video	45C.mpeg	9902616	0	1			0		other	0
LL-15	200	Response	2	9963852	61236	2
LL-15	202	Video	38A.mpeg	9975504	0	1			0		other	0
LL-15	203	Video	38C.mpeg	10020641	0	2			0		other	0
LL-15	203	Response	2	10059348	38707	42
LL-15	205	Video	36A.mpeg	10071128	0	1			0		other	0
LL-15	206	Video	36C.mpeg	10122284	0	1			0		other	0
LL-15	206	Response	2	10176755	54471	1
LL-15	208	Video	32A.mpeg	10187983	0	1			0		other	0
LL-15	209	Video	32C.mpeg	10212892	0	1			0		other	0
LL-15	209	Response	2	10238370	25478	1
LL-15	211	Video	6A.mpeg	10250507	0	1			0		other	0
LL-15	212	Video	6C.mpeg	10299154	0	2			0		other	0
LL-15	212	Response	2	10315556	16402	2
LL-15	214	Video	23A.mpeg	10327574	0	1			0		other	0
LL-15	215	Video	23C.mpeg	10444763	0	2			0		other	0
LL-15	215	Response	2	10459247	14484	1
LL-15	217	Video	12A.mpeg	10471344	0	1			0		other	0
LL-15	218	Video	12C.mpeg	10508457	0	1			0		other	0
LL-15	218	Response	2	10530204	21747	1
LL-15	220	Video	29A.mpeg	10542059	0	1			0		other	0
LL-15	221	Video	29C.mpeg	10589537	0	1			0		other	0
LL-15	221	Response	2	10612117	22580	29
LL-15	223	Video	13A.mpeg	10623640	0	1			0		other	0
LL-15	224	Video	13C.mpeg	10673291	0	1			0		other	0
LL-15	224	Response	2	10692449	19158	2
LL-15	226	Video	4A.mpeg	10704553	0	1			0		other	0
LL-15	227	Video	4C.mpeg	10828262	0	1			0		other	0
LL-15	227	Response	2	10839332	11070	2
LL-15	229	Video	1A.mpeg	10850998	0	1			0		other	0
LL-15	230	Video	1C.mpeg	10964509	0	1			0		other	0
LL-15	230	Response	2	10977306	12797	2
LL-15	232	Video	34A.mpeg	10990588	0	2			0		other	0
LL-15	233	Video	34C.mpeg	11090559	0	1			0		other	0
LL-15	233	Response	2	11129828	39269	1
LL-15	235	Video	3A.mpeg	11141881	0	2			0		other	0
LL-15	236	Video	3C.mpeg	11229147	0	1			0		other	0
LL-15	236	Response	2	11256014	26867	1
LL-15	238	Video	9A.mpeg	11268767	0	1			0		other	0
LL-15	239	Video	9C.mpeg	11315074	0	1			0		other	0
LL-15	239	Response	2	11377482	62408	1
LL-15	241	Video	50A.mpeg	11389133	0	1			0		other	0
LL-15	242	Video	50C.mpeg	11431261	0	1			0		other	0
LL-15	242	Response	2	11449705	18444	2
LL-15	244	Video	51A.mpeg	11461686	0	2			0		other	0
LL-15	245	Video	51C.mpeg	11523875	0	1			0		other	0
LL-15	245	Response	2	11567259	43384	19
