Scenario - Test trials
Logfile written - 01/07/2015 14:22:41

Subject	Trial	Event Type	Code	Time	TTime	Uncertainty	Duration	Uncertainty	ReqTime	ReqDur	Stim Type	Pair Index

LL-16	1	Video	instructions	-5152	0	2			0		other	0
LL-16	2	Response	2	1411424	288148	2
LL-16	3	Video	P15A.mpeg	1417670	0	2			0		other	0
LL-16	4	Video	P15C.mpeg	1464312	0	1			0		other	0
LL-16	4	Response	2	1503807	39495	1
LL-16	6	Video	P16A.mpeg	1515133	0	1			0		other	0
LL-16	6	Response	2	1544389	29256	2
LL-16	7	Video	P16C.mpeg	1545057	0	2			0		other	0
LL-16	9	Video	P7A.mpeg	1588356	0	1			0		other	0
LL-16	10	Video	P7C.mpeg	1630651	0	1			0		other	0
LL-16	10	Response	2	1660132	29481	2
LL-16	12	Video	P20A.mpeg	1671441	0	2			0		other	0
LL-16	13	Video	P20C.mpeg	1724937	0	1			0		other	0
LL-16	13	Response	2	1757208	32271	1
LL-16	15	Video	P4A.mpeg	1769406	0	1			0		other	0
LL-16	16	Video	P4C.mpeg	1909331	0	1			0		other	0
LL-16	16	Response	2	1939903	30572	2
LL-16	18	Video	P2A.mpeg	1952462	0	1			0		other	0
LL-16	19	Video	P2C.mpeg	2054606	0	1			0		other	0
LL-16	19	Response	2	2074981	20375	1
LL-16	21	Video	P10A.mpeg	2086870	0	1			0		other	0
LL-16	22	Video	P10C.mpeg	2200215	0	1			0		other	0
LL-16	22	Response	2	2242861	42646	1
LL-16	24	Video	P19A.mpeg	2254713	0	2			0		other	0
LL-16	25	Video	P19C.mpeg	2308209	0	2			0		other	0
LL-16	25	Response	2	2331296	23087	1
LL-16	27	Video	P17A.mpeg	2344319	0	1			0		other	0
LL-16	28	Video	P17C.mpeg	2379426	0	1			0		other	0
LL-16	28	Response	2	2401475	22049	2
LL-16	30	Video	P8A.mpeg	2412359	0	1			0		other	0
LL-16	31	Video	P8C.mpeg	2438606	0	1			0		other	0
LL-16	31	Response	2	2459569	20963	2
LL-16	33	Video	P1A.mpeg	2471372	0	1			0		other	0
LL-16	34	Video	P1C.mpeg	2605279	0	1			0		other	0
LL-16	34	Response	2	2618662	13383	43
LL-16	36	Video	P5A.mpeg	2630856	0	1			0		other	0
LL-16	37	Video	P5C.mpeg	2688532	0	1			0		other	0
LL-16	37	Response	2	2712866	24334	1
LL-16	39	Video	P18A.mpeg	2724976	0	1			0		other	0
LL-16	40	Video	P18C.mpeg	2850189	0	2			0		other	0
LL-16	40	Response	2	2866500	16311	2
LL-16	42	Video	P3A.mpeg	2878275	0	1			0		other	0
LL-16	43	Video	P3C.mpeg	2970221	0	1			0		other	0
LL-16	43	Response	2	2994163	23942	2
LL-16	45	Video	P9A.mpeg	3006330	0	2			0		other	0
LL-16	46	Video	P9C.mpeg	3075206	0	2			0		other	0
LL-16	46	Response	2	3085208	10002	1
LL-16	48	Video	P14A.mpeg	3097273	0	2			0		other	0
LL-16	49	Video	P14C.mpeg	3182532	0	2			0		other	0
LL-16	49	Response	2	3201885	19353	1
LL-16	51	Video	P6A.mpeg	3213794	0	1			0		other	0
LL-16	52	Video	P6C.mpeg	3251408	0	2			0		other	0
LL-16	52	Response	2	3265032	13624	2
LL-16	54	Video	P12A.mpeg	3277488	0	1			0		other	0
LL-16	55	Video	P12C.mpeg	3330816	0	1			0		other	0
LL-16	55	Response	2	3360423	29607	1
LL-16	57	Video	P13A.mpeg	3372777	0	1			0		other	0
LL-16	58	Video	P13C.mpeg	3413066	0	1			0		other	0
LL-16	58	Response	2	3483590	70524	2
LL-16	60	Video	P11A.mpeg	3495818	0	1			0		other	0
LL-16	61	Video	P11C.mpeg	3540620	0	1			0		other	0
LL-16	61	Response	2	3582141	41521	2
LL-16	63	Video	instructions	3591776	0	1			0		other	0
LL-16	64	Response	2	4303566	173822	2
LL-16	65	Video	45A.mpeg	4310626	0	2			0		other	0
LL-16	66	Video	45C.mpeg	4348241	0	1			0		other	0
LL-16	66	Response	2	4410207	61966	2
LL-16	68	Video	48A.mpeg	4421798	0	1			0		other	0
LL-16	69	Video	48C.mpeg	4451053	0	1			0		other	0
LL-16	69	Response	2	4480153	29100	2
LL-16	71	Video	26A.mpeg	4491844	0	1			0		other	0
LL-16	72	Video	26C.mpeg	4519595	0	1			0		other	0
LL-16	72	Response	2	4535555	15960	2
LL-16	74	Video	13A.mpeg	4546844	0	1			0		other	0
LL-16	74	Response	2	4592589	45745	2
LL-16	75	Video	13C.mpeg	4596328	0	1			0		other	0
LL-16	75	Response	2	4630262	33934	2
LL-16	77	Video	56A.mpeg	4642301	0	1			0		other	0
LL-16	78	Video	56C.mpeg	4751132	0	1			0		other	0
LL-16	78	Response	2	4774291	23159	2
LL-16	80	Video	24A.mpeg	4785737	0	1			0		other	0
LL-16	81	Video	24C.mpeg	4835220	0	1			0		other	0
LL-16	81	Response	2	4857439	22219	19
LL-16	83	Video	37A.mpeg	4869324	0	1			0		other	0
LL-16	84	Video	37C.mpeg	4901756	0	1			0		other	0
LL-16	84	Response	2	4922689	20933	1
LL-16	86	Video	32A.mpeg	4933519	0	1			0		other	0
LL-16	87	Video	32C.mpeg	4958261	0	1			0		other	0
LL-16	87	Response	2	4975438	17177	2
LL-16	89	Video	58A.mpeg	4986513	0	2			0		other	0
LL-16	90	Video	58C.mpeg	5016270	0	2			0		other	0
LL-16	90	Response	2	5032011	15741	2
LL-16	92	Video	36A.mpeg	5043687	0	1			0		other	0
LL-16	93	Video	36C.mpeg	5094842	0	2			0		other	0
LL-16	93	Response	2	5149493	54651	1
LL-16	95	Video	30A.mpeg	5161378	0	1			0		other	0
LL-16	96	Video	30C.mpeg	5206682	0	1			0		other	0
LL-16	96	Response	2	5225835	19153	1
LL-16	98	Video	15A.mpeg	5237944	0	1			0		other	0
LL-16	99	Video	15C.mpeg	5292108	0	2			0		other	0
LL-16	99	Response	2	5311701	19593	1
LL-16	101	Video	1A.mpeg	5323704	0	2			0		other	0
LL-16	102	Video	1C.mpeg	5437383	0	1			0		other	0
LL-16	102	Response	2	5452114	14731	1
LL-16	104	Video	60A.mpeg	5463797	0	1			0		other	0
LL-16	105	Video	60C.mpeg	5530499	0	2			0		other	0
LL-16	105	Response	2	5552981	22482	1
LL-16	107	Video	40A.mpeg	5564937	0	2			0		other	0
LL-16	108	Video	40C.mpeg	5648859	0	1			0		other	0
LL-16	108	Response	2	5676142	27283	2
LL-16	110	Video	55A.mpeg	5688981	0	1			0		other	0
LL-16	111	Video	55C.mpeg	5782264	0	1			0		other	0
LL-16	111	Response	2	5812222	29958	1
LL-16	113	Video	3A.mpeg	5824058	0	1			0		other	0
LL-16	114	Video	3C.mpeg	5911156	0	1			0		other	0
LL-16	114	Response	2	5934344	23188	2
LL-16	116	Video	20A.mpeg	5946931	0	1			0		other	0
LL-16	117	Video	20C.mpeg	6028011	0	1			0		other	0
LL-16	117	Response	2	6051989	23978	1
LL-16	119	Video	2A.mpeg	6063619	0	1			0		other	0
LL-16	120	Video	2C.mpeg	6178134	0	1			0		other	0
LL-16	120	Response	2	6208575	30441	18
LL-16	122	Video	17A.mpeg	6220429	0	1			0		other	0
LL-16	123	Video	17C.mpeg	6271584	0	2			0		other	0
LL-16	123	Response	2	6313470	41886	1
LL-16	125	Video	49A.mpeg	6323910	0	1			0		other	0
LL-16	126	Video	49C.mpeg	6341463	0	1			0		other	0
LL-16	126	Response	2	6357065	15602	1
LL-16	128	Video	38A.mpeg	6369047	0	1			0		other	0
LL-16	129	Video	38C.mpeg	6414351	0	2			0		other	0
LL-16	129	Response	2	6436134	21783	1
LL-16	131	Video	50A.mpeg	6447452	0	1			0		other	0
LL-16	132	Video	50C.mpeg	6489413	0	1			0		other	0
LL-16	132	Response	2	6508490	19077	2
LL-16	134	Video	44A.mpeg	6520507	0	1			0		other	0
LL-16	135	Video	44C.mpeg	6585204	0	1			0		other	0
LL-16	135	Response	2	6605790	20586	2
LL-16	137	Video	29A.mpeg	6617636	0	1			0		other	0
LL-16	138	Video	29C.mpeg	6665280	0	2			0		other	0
LL-16	138	Response	2	6683848	18568	2
LL-16	140	Video	59A.mpeg	6695706	0	1			0		other	0
LL-16	141	Video	59C.mpeg	6743351	0	1			0		other	0
LL-16	141	Response	2	6776745	33394	2
LL-16	143	Video	33A.mpeg	6787987	0	1			0		other	0
LL-16	144	Video	33C.mpeg	6836802	0	1			0		other	0
LL-16	144	Response	2	6858559	21757	2
LL-16	146	Video	10A.mpeg	6869902	0	1			0		other	0
LL-16	147	Video	10C.mpeg	6904340	0	1			0		other	0
LL-16	147	Response	2	6916053	11713	2
LL-16	149	Video	57A.mpeg	6927076	0	1			0		other	0
LL-16	150	Video	57C.mpeg	6976058	0	1			0		other	0
LL-16	150	Response	2	6990591	14533	18
LL-16	152	Video	47A.mpeg	7002639	0	1			0		other	0
LL-16	153	Video	47C.mpeg	7050952	0	1			0		other	0
LL-16	153	Response	2	7073069	22117	1
LL-16	155	Response	2	7228106	142716	2
LL-16	157	Video	8A.mpeg	7233507	0	1			0		other	0
LL-16	158	Video	8C.mpeg	7311076	0	1			0		other	0
LL-16	158	Response	2	7334830	23754	1
LL-16	160	Video	54A.mpeg	7347353	0	1			0		other	0
LL-16	161	Video	54C.mpeg	7422916	0	1			0		other	0
LL-16	161	Response	2	7459925	37009	46
LL-16	163	Video	22A.mpeg	7471731	0	1			0		other	0
LL-16	164	Video	22C.mpeg	7519375	0	2			0		other	0
LL-16	164	Response	2	7530522	11147	2
LL-16	166	Video	7A.mpeg	7542947	0	1			0		other	0
LL-16	167	Video	7C.mpeg	7623024	0	1			0		other	0
LL-16	167	Response	2	7668013	44989	2
LL-16	169	Video	12A.mpeg	7679529	0	1			0		other	0
LL-16	170	Video	12C.mpeg	7716641	0	2			0		other	0
LL-16	170	Response	2	7742235	25594	1
LL-16	172	Video	27A.mpeg	7754089	0	1			0		other	0
LL-16	173	Video	27C.mpeg	7816110	0	2			0		other	0
LL-16	173	Response	2	7840080	23970	2
LL-16	175	Video	19A.mpeg	7853056	0	1			0		other	0
LL-16	176	Video	19C.mpeg	8018392	0	1			0		other	0
LL-16	176	Response	2	8041212	22820	2
LL-16	178	Video	5A.mpeg	8052829	0	2			0		other	0
LL-16	179	Video	5C.mpeg	8119532	0	1			0		other	0
LL-16	179	Response	2	8134413	14881	2
LL-16	181	Video	16A.mpeg	8146949	0	1			0		other	0
LL-16	182	Video	16C.mpeg	8244746	0	1			0		other	0
LL-16	182	Response	2	8291014	46268	1
LL-16	184	Video	42A.mpeg	8302588	0	1			0		other	0
LL-16	185	Video	42C.mpeg	8369124	0	1			0		other	0
LL-16	185	Response	2	8384290	15166	1
LL-16	187	Video	28A.mpeg	8396373	0	1			0		other	0
LL-16	188	Video	28C.mpeg	8451039	0	2			0		other	0
LL-16	188	Response	2	8496334	45295	2
LL-16	190	Video	39A.mpeg	8508715	0	1			0		other	0
LL-16	191	Video	39C.mpeg	8578594	0	1			0		other	0
LL-16	191	Response	2	8624219	45625	2
LL-16	193	Video	53A.mpeg	8635934	0	2			0		other	0
LL-16	194	Video	53C.mpeg	8667196	0	1			0		other	0
LL-16	194	Response	2	8706732	39536	2
LL-16	196	Video	18A.mpeg	8719355	0	1			0		other	0
LL-16	197	Video	18C.mpeg	8816316	0	1			0		other	0
LL-16	197	Response	2	8858157	41841	2
LL-16	199	Video	11A.mpeg	8870313	0	1			0		other	0
LL-16	200	Video	11C.mpeg	8929493	0	1			0		other	0
LL-16	200	Response	2	8966254	36761	2
LL-16	202	Video	52A.mpeg	8978475	0	1			0		other	0
LL-16	203	Video	52C.mpeg	9046348	0	1			0		other	0
LL-16	203	Response	2	9080565	34217	2
LL-16	205	Video	21A.mpeg	9091987	0	1			0		other	0
LL-16	206	Video	21C.mpeg	9176911	0	2			0		other	0
LL-16	206	Response	2	9189924	13013	1
LL-16	208	Video	51A.mpeg	9202991	0	1			0		other	0
LL-16	209	Video	51C.mpeg	9265180	0	1			0		other	0
LL-16	209	Response	2	9310360	45180	2
LL-16	211	Video	41A.mpeg	9321685	0	1			0		other	0
LL-16	212	Video	41C.mpeg	9381533	0	1			0		other	0
LL-16	212	Response	2	9400049	18516	1
LL-16	214	Video	14A.mpeg	9412126	0	1			0		other	0
LL-16	215	Video	14C.mpeg	9498889	0	2			0		other	0
LL-16	215	Response	2	9520910	22021	2
LL-16	217	Video	31A.mpeg	9532826	0	1			0		other	0
LL-16	218	Video	31C.mpeg	9605714	0	1			0		other	0
LL-16	218	Response	2	9631539	25825	2
LL-16	220	Video	34A.mpeg	9644332	0	1			0		other	0
LL-16	221	Video	34C.mpeg	9744302	0	1			0		other	0
LL-16	221	Response	2	9780257	35955	1
LL-16	223	Video	9A.mpeg	9792615	0	2			0		other	0
LL-16	224	Video	9C.mpeg	9838923	0	1			0		other	0
LL-16	224	Response	2	9896025	57102	2
LL-16	226	Video	4A.mpeg	9908300	0	1			0		other	0
LL-16	227	Video	4C.mpeg	10032009	0	2			0		other	0
LL-16	227	Response	2	10045813	13804	46
LL-16	229	Video	35A.mpeg	10058256	0	1			0		other	0
LL-16	230	Video	35C.mpeg	10126296	0	1			0		other	0
LL-16	230	Response	2	10160469	34173	2
LL-16	232	Video	46A.mpeg	10171935	0	1			0		other	0
LL-16	233	Video	46C.mpeg	10220749	0	2			0		other	0
LL-16	233	Response	2	10244638	23889	2
LL-16	235	Video	25A.mpeg	10256859	0	1			0		other	0
LL-16	236	Video	25C.mpeg	10364854	0	1			0		other	0
LL-16	236	Response	2	10387223	22369	2
LL-16	238	Video	6A.mpeg	10398623	0	1			0		other	0
LL-16	239	Video	6C.mpeg	10447605	0	2			0		other	0
LL-16	239	Response	2	10465546	17941	2
LL-16	241	Video	43A.mpeg	10477195	0	1			0		other	0
LL-16	242	Video	43C.mpeg	10515645	0	2			0		other	0
LL-16	242	Response	2	10530216	14571	2
LL-16	244	Video	23A.mpeg	10542226	0	1			0		other	0
LL-16	245	Video	23C.mpeg	10659583	0	1			0		other	0
LL-16	245	Response	2	10672002	12419	1
