Scenario - Test trials
Logfile written - 01/12/2015 10:02:15

Subject	Trial	Event Type	Code	Time	TTime	Uncertainty	Duration	Uncertainty	ReqTime	ReqDur	Stim Type	Pair Index

LL-20B	1	Video	instructions	-4984	0	1			0		other	0
LL-20B	1	Response	2	-2736	2248	2
LL-20B	2	Response	2	96236	98378	1
LL-20B	3	Video	P19A.mpeg	102344	0	2			0		other	0
LL-20B	4	Video	P19C.mpeg	155675	0	1			0		other	0
LL-20B	4	Response	2	181942	26267	2
LL-20B	6	Video	P12A.mpeg	193792	0	1			0		other	0
LL-20B	7	Video	P12C.mpeg	247289	0	2			0		other	0
LL-20B	7	Response	2	277233	29944	2
LL-20B	9	Video	P11A.mpeg	289753	0	1			0		other	0
LL-20B	10	Video	P11C.mpeg	334557	0	2			0		other	0
LL-20B	10	Response	2	372773	38216	2
LL-20B	12	Video	P3A.mpeg	385380	0	1			0		other	0
LL-20B	13	Video	P3C.mpeg	477496	0	2			0		other	0
LL-20B	13	Response	2	503954	26458	1
LL-20B	15	Video	P2A.mpeg	516282	0	1			0		other	0
LL-20B	16	Video	P2C.mpeg	618262	0	1			0		other	0
LL-20B	16	Response	2	636763	18501	1
LL-20B	18	Video	P10A.mpeg	648856	0	1			0		other	0
LL-20B	19	Video	P10C.mpeg	762204	0	1			0		other	0
LL-20B	19	Response	2	792407	30203	2
LL-20B	21	Video	P14A.mpeg	804500	0	1			0		other	0
LL-20B	22	Video	P14C.mpeg	889929	0	2			0		other	0
LL-20B	22	Response	2	904978	15049	2
LL-20B	24	Video	P5A.mpeg	916678	0	1			0		other	0
LL-20B	25	Video	P5C.mpeg	974355	0	1			0		other	0
LL-20B	25	Response	2	980462	6107	2
LL-20B	27	Video	P8A.mpeg	991909	0	1			0		other	0
LL-20B	28	Video	P8C.mpeg	1018156	0	2			0		other	0
LL-20B	28	Response	2	1026732	8576	2
LL-20B	30	Video	P13A.mpeg	1039054	0	1			0		other	0
LL-20B	31	Video	P13C.mpeg	1079679	0	1			0		other	0
LL-20B	31	Response	2	1091948	12269	2
LL-20B	33	Video	P1A.mpeg	1104087	0	1			0		other	0
LL-20B	34	Video	P1C.mpeg	1238332	0	2			0		other	0
LL-20B	34	Response	2	1248390	10058	2
LL-20B	36	Video	P9A.mpeg	1260567	0	2			0		other	0
LL-20B	37	Video	P9C.mpeg	1329613	0	1			0		other	0
LL-20B	37	Response	2	1336728	7115	2
LL-20B	39	Video	P20A.mpeg	1349005	0	2			0		other	0
LL-20B	40	Video	P20C.mpeg	1402503	0	1			0		other	0
LL-20B	40	Response	2	1424631	22128	35
LL-20B	42	Video	P17A.mpeg	1436775	0	1			0		other	0
LL-20B	43	Video	P17C.mpeg	1472050	0	1			0		other	0
LL-20B	43	Response	2	1493306	21256	2
LL-20B	45	Video	P7A.mpeg	1504650	0	1			0		other	0
LL-20B	46	Video	P7C.mpeg	1547114	0	1			0		other	0
LL-20B	46	Response	2	1561473	14359	2
LL-20B	48	Video	P6A.mpeg	1573361	0	1			0		other	0
LL-20B	49	Video	P6C.mpeg	1611144	0	1			0		other	0
LL-20B	49	Response	2	1618387	7243	2
LL-20B	51	Video	P18A.mpeg	1629701	0	1			0		other	0
LL-20B	52	Video	P18C.mpeg	1755086	0	1			0		other	0
LL-20B	52	Response	2	1766671	11585	1
LL-20B	54	Video	P4A.mpeg	1778992	0	2			0		other	0
LL-20B	55	Video	P4C.mpeg	1919089	0	1			0		other	0
LL-20B	55	Response	2	1937832	18743	2
LL-20B	57	Video	P15A.mpeg	1949516	0	1			0		other	0
LL-20B	58	Video	P15C.mpeg	1996326	0	2			0		other	0
LL-20B	58	Response	2	2029051	32725	2
LL-20B	60	Video	P16A.mpeg	2040295	0	1			0		other	0
LL-20B	61	Video	P16C.mpeg	2070220	0	1			0		other	0
LL-20B	61	Response	2	2087115	16895	43
LL-20B	63	Video	instructions	2096969	0	1			0		other	0
LL-20B	64	Response	2	2820852	185564	1
LL-20B	65	Video	49A.mpeg	2826208	0	1			0		other	0
LL-20B	66	Video	49C.mpeg	2843595	0	1			0		other	0
LL-20B	66	Response	2	2859441	15846	1
LL-20B	68	Video	54A.mpeg	2871346	0	2			0		other	0
LL-20B	69	Video	54C.mpeg	2946912	0	1			0		other	0
LL-20B	69	Response	2	2997539	50627	2
LL-20B	71	Video	48A.mpeg	3009437	0	1			0		other	0
LL-20B	72	Video	48C.mpeg	3038526	0	2			0		other	0
LL-20B	72	Response	2	3052266	13740	18
LL-20B	74	Video	4A.mpeg	3064774	0	1			0		other	0
LL-20B	75	Video	4C.mpeg	3188487	0	1			0		other	0
LL-20B	75	Response	2	3197334	8847	2
LL-20B	77	Video	14A.mpeg	3210053	0	1			0		other	0
LL-20B	78	Video	14C.mpeg	3297154	0	1			0		other	0
LL-20B	78	Response	2	3318848	21694	2
LL-20B	80	Video	31A.mpeg	3330590	0	1			0		other	0
LL-20B	81	Video	31C.mpeg	3403480	0	2			0		other	0
LL-20B	81	Response	2	3430546	27066	1
LL-20B	83	Video	26A.mpeg	3441932	0	1			0		other	0
LL-20B	84	Video	26C.mpeg	3469684	0	1			0		other	0
LL-20B	84	Response	2	3485432	15748	1
LL-20B	86	Video	12A.mpeg	3497101	0	1			0		other	0
LL-20B	87	Video	12C.mpeg	3534382	0	1			0		other	0
LL-20B	87	Response	2	3560652	26270	3
LL-20B	89	Video	45A.mpeg	3573001	0	1			0		other	0
LL-20B	90	Video	45C.mpeg	3610615	0	3			0		other	0
LL-20B	90	Response	2	3646832	36217	3
LL-20B	92	Video	57A.mpeg	3658263	0	1			0		other	0
LL-20B	93	Video	57C.mpeg	3707079	0	1			0		other	0
LL-20B	93	Response	2	3721269	14190	2
LL-20B	95	Video	29A.mpeg	3732658	0	1			0		other	0
LL-20B	96	Video	29C.mpeg	3780137	0	1			0		other	0
LL-20B	96	Response	2	3803366	23229	1
LL-20B	98	Video	55A.mpeg	3816582	0	1			0		other	0
LL-20B	99	Video	55C.mpeg	3909868	0	2			0		other	0
LL-20B	99	Response	2	3926750	16882	2
LL-20B	101	Video	19A.mpeg	3940128	0	1			0		other	0
LL-20B	102	Video	19C.mpeg	4105469	0	1			0		other	0
LL-20B	102	Response	2	4123656	18187	2
LL-20B	104	Video	24A.mpeg	4135060	0	1			0		other	0
LL-20B	105	Video	24C.mpeg	4184545	0	1			0		other	0
LL-20B	105	Response	2	4193084	8539	2
LL-20B	107	Video	43A.mpeg	4204941	0	1			0		other	0
LL-20B	108	Video	43C.mpeg	4243392	0	2			0		other	0
LL-20B	108	Response	2	4259277	15885	2
LL-20B	110	Video	35A.mpeg	4271980	0	1			0		other	0
LL-20B	111	Video	35C.mpeg	4339855	0	2			0		other	0
LL-20B	111	Response	2	4350980	11125	2
LL-20B	113	Video	16A.mpeg	4363929	0	1			0		other	0
LL-20B	114	Video	16C.mpeg	4461562	0	2			0		other	0
LL-20B	114	Response	2	4507167	45605	2
LL-20B	116	Video	5A.mpeg	4519407	0	1			0		other	0
LL-20B	117	Video	5C.mpeg	4586111	0	2			0		other	0
LL-20B	117	Response	2	4603747	17636	2
LL-20B	119	Video	27A.mpeg	4616538	0	1			0		other	0
LL-20B	120	Video	27C.mpeg	4678562	0	1			0		other	0
LL-20B	120	Response	2	4703920	25358	1
LL-20B	122	Video	58A.mpeg	4715174	0	2			0		other	0
LL-20B	123	Video	58C.mpeg	4744932	0	2			0		other	0
LL-20B	123	Response	2	4752366	7434	2
LL-20B	125	Video	32A.mpeg	4763489	0	2			0		other	0
LL-20B	126	Video	32C.mpeg	4788232	0	1			0		other	0
LL-20B	126	Response	2	4807442	19210	1
LL-20B	128	Video	9A.mpeg	4820163	0	2			0		other	0
LL-20B	129	Video	9C.mpeg	4866639	0	2			0		other	0
LL-20B	129	Response	2	4930062	63423	2
LL-20B	131	Video	22A.mpeg	4941870	0	2			0		other	0
LL-20B	132	Video	22C.mpeg	4989517	0	1			0		other	0
LL-20B	132	Response	2	5007550	18033	2
LL-20B	134	Video	28A.mpeg	5020111	0	1			0		other	0
LL-20B	135	Video	28C.mpeg	5074779	0	1			0		other	0
LL-20B	135	Response	2	5105501	30722	2
LL-20B	137	Video	2A.mpeg	5117577	0	1			0		other	0
LL-20B	138	Video	2C.mpeg	5232095	0	1			0		other	0
LL-20B	138	Response	2	5263436	31341	2
LL-20B	140	Video	17A.mpeg	5275395	0	1			0		other	0
LL-20B	141	Video	17C.mpeg	5326719	0	1			0		other	0
LL-20B	141	Response	2	5369815	43096	1
LL-20B	143	Video	10A.mpeg	5381219	0	2			0		other	0
LL-20B	144	Video	10C.mpeg	5415659	0	1			0		other	0
LL-20B	144	Response	2	5425358	9699	2
LL-20B	146	Video	50A.mpeg	5436556	0	1			0		other	0
LL-20B	147	Video	50C.mpeg	5478685	0	2			0		other	0
LL-20B	147	Response	2	5497281	18596	2
LL-20B	149	Video	15A.mpeg	5508611	0	1			0		other	0
LL-20B	150	Video	15C.mpeg	5562777	0	1			0		other	0
LL-20B	150	Response	2	5575728	12951	29
LL-20B	152	Video	20A.mpeg	5588021	0	1			0		other	0
LL-20B	153	Video	20C.mpeg	5669271	0	1			0		other	0
LL-20B	153	Response	2	5692009	22738	1
LL-20B	155	Response	2	5826511	123136	2
LL-20B	157	Video	52A.mpeg	5831937	0	1			0		other	0
LL-20B	158	Video	52C.mpeg	5899812	0	1			0		other	0
LL-20B	158	Response	2	5932772	32960	2
LL-20B	160	Video	42A.mpeg	5944616	0	1			0		other	0
LL-20B	161	Video	42C.mpeg	6010986	0	2			0		other	0
LL-20B	161	Response	2	6032048	21062	2
LL-20B	163	Video	40A.mpeg	6044088	0	1			0		other	0
LL-20B	164	Video	40C.mpeg	6128180	0	1			0		other	0
LL-20B	164	Response	2	6134312	6132	2
LL-20B	166	Video	37A.mpeg	6146068	0	1			0		other	0
LL-20B	167	Video	37C.mpeg	6178668	0	1			0		other	0
LL-20B	167	Response	2	6196613	17945	2
LL-20B	169	Video	30A.mpeg	6207924	0	2			0		other	0
LL-20B	170	Video	30C.mpeg	6253230	0	1			0		other	0
LL-20B	170	Response	2	6269240	16010	1
LL-20B	172	Video	1A.mpeg	6281651	0	1			0		other	0
LL-20B	172	Response	2	6393051	111400	2
LL-20B	173	Video	1C.mpeg	6395500	0	2			0		other	0
LL-20B	173	Response	2	6413356	17856	1
LL-20B	175	Video	11A.mpeg	6425258	0	2			0		other	0
LL-20B	176	Video	11C.mpeg	6484440	0	1			0		other	0
LL-20B	176	Response	2	6500769	16329	2
LL-20B	178	Video	8A.mpeg	6512526	0	2			0		other	0
LL-20B	179	Video	8C.mpeg	6590098	0	1			0		other	0
LL-20B	179	Response	2	6610506	20408	1
LL-20B	181	Video	18A.mpeg	6623200	0	1			0		other	0
LL-20B	182	Video	18C.mpeg	6720164	0	1			0		other	0
LL-20B	182	Response	2	6745987	25823	2
LL-20B	184	Video	41A.mpeg	6757779	0	2			0		other	0
LL-20B	185	Video	41C.mpeg	6817964	0	1			0		other	0
LL-20B	185	Response	2	6825212	7248	2
LL-20B	187	Video	59A.mpeg	6837524	0	1			0		other	0
LL-20B	188	Video	59C.mpeg	6885003	0	2			0		other	0
LL-20B	188	Response	2	6893609	8606	3
LL-20B	190	Video	36A.mpeg	6905901	0	1			0		other	0
LL-20B	191	Video	36C.mpeg	6957058	0	1			0		other	0
LL-20B	191	Response	2	6987201	30143	1
LL-20B	193	Video	21A.mpeg	6999187	0	1			0		other	0
LL-20B	194	Video	21C.mpeg	7084115	0	1			0		other	0
LL-20B	194	Response	2	7098999	14884	2
LL-20B	196	Video	13A.mpeg	7111365	0	1			0		other	0
LL-20B	197	Video	13C.mpeg	7161185	0	1			0		other	0
LL-20B	197	Response	2	7168631	7446	2
LL-20B	199	Video	60A.mpeg	7180578	0	1			0		other	0
LL-20B	200	Video	60C.mpeg	7247450	0	1			0		other	0
LL-20B	200	Response	2	7269097	21647	2
LL-20B	202	Video	38A.mpeg	7281220	0	1			0		other	0
LL-20B	203	Video	38C.mpeg	7326526	0	1			0		other	0
LL-20B	203	Response	2	7364972	38446	2
LL-20B	205	Video	53A.mpeg	7376847	0	1			0		other	0
LL-20B	206	Video	53C.mpeg	7408110	0	1			0		other	0
LL-20B	206	Response	2	7446571	38461	45
LL-20B	208	Video	6A.mpeg	7458264	0	1			0		other	0
LL-20B	209	Video	6C.mpeg	7507080	0	1			0		other	0
LL-20B	209	Response	2	7526930	19850	3
LL-20B	211	Video	44A.mpeg	7539513	0	1			0		other	0
LL-20B	212	Video	44C.mpeg	7604212	0	1			0		other	0
LL-20B	212	Response	2	7638932	34720	2
LL-20B	214	Video	7A.mpeg	7651356	0	2			0		other	0
LL-20B	215	Video	7C.mpeg	7731436	0	1			0		other	0
LL-20B	215	Response	2	7778265	46829	2
LL-20B	217	Video	33A.mpeg	7789781	0	2			0		other	0
LL-20B	218	Video	33C.mpeg	7838765	0	1			0		other	0
LL-20B	218	Response	2	7858054	19289	2
LL-20B	220	Video	25A.mpeg	7870864	0	1			0		other	0
LL-20B	221	Video	25C.mpeg	7979029	0	1			0		other	0
LL-20B	221	Response	2	8002983	23954	1
LL-20B	223	Video	23A.mpeg	8015642	0	1			0		other	0
LL-20B	224	Video	23C.mpeg	8132835	0	1			0		other	0
LL-20B	224	Response	2	8148655	15820	3
LL-20B	226	Video	46A.mpeg	8160419	0	2			0		other	0
LL-20B	227	Video	46C.mpeg	8209236	0	1			0		other	0
LL-20B	227	Response	2	8232862	23626	1
LL-20B	229	Video	51A.mpeg	8245180	0	1			0		other	0
LL-20B	230	Video	51C.mpeg	8307538	0	1			0		other	0
LL-20B	230	Response	2	8353146	45608	2
LL-20B	232	Video	39A.mpeg	8365215	0	1			0		other	0
LL-20B	233	Video	39C.mpeg	8435263	0	2			0		other	0
LL-20B	233	Response	2	8484745	49482	2
LL-20B	235	Video	56A.mpeg	8497287	0	1			0		other	0
LL-20B	236	Video	56C.mpeg	8606121	0	1			0		other	0
LL-20B	236	Response	2	8624268	18147	19
LL-20B	238	Video	3A.mpeg	8636548	0	1			0		other	0
LL-20B	239	Video	3C.mpeg	8723816	0	1			0		other	0
LL-20B	239	Response	2	8746563	22747	3
LL-20B	241	Video	34A.mpeg	8759760	0	1			0		other	0
LL-20B	242	Video	34C.mpeg	8859733	0	1			0		other	0
LL-20B	242	Response	2	8899459	39726	2
LL-20B	244	Video	47A.mpeg	8911058	0	1			0		other	0
LL-20B	245	Video	47C.mpeg	8959707	0	1			0		other	0
LL-20B	245	Response	2	8966214	6507	1
