Scenario - Test trials
Logfile written - 01/14/2015 16:38:59

Subject	Trial	Event Type	Code	Time	TTime	Uncertainty	Duration	Uncertainty	ReqTime	ReqDur	Stim Type	Pair Index

LL-28B	1	Video	instructions	-5152	0	2			0		other	0
LL-28B	1	Response	2	13149	18301	2
LL-28B	2	Response	2	72503	58431	2
LL-28B	3	Video	P14A.mpeg	78602	0	1			0		other	0
LL-28B	4	Video	P14C.mpeg	113875	0	2			0		other	0
LL-28B	4	Response	2	141986	28111	2
LL-28B	6	Video	P17A.mpeg	154332	0	1			0		other	0
LL-28B	7	Video	P17C.mpeg	212007	0	1			0		other	0
LL-28B	7	Response	2	227821	15814	2
LL-28B	9	Video	P6A.mpeg	240593	0	2			0		other	0
LL-28B	10	Video	P6C.mpeg	339895	0	1			0		other	0
LL-28B	10	Response	2	362578	22683	2
LL-28B	12	Video	P16A.mpeg	374500	0	1			0		other	0
LL-28B	13	Video	P16C.mpeg	445047	0	1			0		other	0
LL-28B	13	Response	2	485976	40929	18
LL-28B	15	Video	P10A.mpeg	498041	0	2			0		other	0
LL-28B	16	Video	P10C.mpeg	576112	0	1			0		other	0
LL-28B	16	Response	2	594980	18868	1
LL-28B	18	Video	P8A.mpeg	607708	0	1			0		other	0
LL-28B	19	Video	P8C.mpeg	705170	0	1			0		other	0
LL-28B	19	Response	2	739658	34488	2
LL-28B	21	Video	P11A.mpeg	751812	0	1			0		other	0
LL-28B	22	Video	P11C.mpeg	778727	0	1			0		other	0
LL-28B	22	Response	2	835134	56407	1
LL-28B	24	Video	P9A.mpeg	847937	0	1			0		other	0
LL-28B	25	Video	P9C.mpeg	925004	0	1			0		other	0
LL-28B	25	Response	2	944719	19715	2
LL-28B	27	Video	P7A.mpeg	956098	0	2			0		other	0
LL-28B	28	Video	P7C.mpeg	975156	0	1			0		other	0
LL-28B	28	Response	2	1003438	28282	34
LL-28B	30	Video	P18A.mpeg	1015111	0	1			0		other	0
LL-28B	31	Video	P18C.mpeg	1037679	0	2			0		other	0
LL-28B	31	Response	2	1063426	25747	1
LL-28B	33	Video	P13A.mpeg	1074458	0	1			0		other	0
LL-28B	34	Video	P13C.mpeg	1091844	0	1			0		other	0
LL-28B	34	Response	2	1113999	22155	2
LL-28B	36	Video	P4A.mpeg	1125279	0	1			0		other	0
LL-28B	37	Video	P4C.mpeg	1148683	0	1			0		other	0
LL-28B	37	Response	2	1177575	28892	2
LL-28B	39	Video	P20A.mpeg	1190644	0	1			0		other	0
LL-28B	40	Video	P20C.mpeg	1227422	0	1			0		other	0
LL-28B	40	Response	2	1248807	21385	3
LL-28B	42	Video	P15A.mpeg	1261191	0	1			0		other	0
LL-28B	43	Video	P15C.mpeg	1354976	0	1			0		other	0
LL-28B	43	Response	2	1378870	23894	2
LL-28B	45	Video	P1A.mpeg	1389915	0	1			0		other	0
LL-28B	46	Video	P1C.mpeg	1421344	0	1			0		other	0
LL-28B	46	Response	2	1438670	17326	2
LL-28B	48	Video	P12A.mpeg	1450098	0	1			0		other	0
LL-28B	49	Video	P12C.mpeg	1491724	0	1			0		other	0
LL-28B	49	Response	2	1549947	58223	2
LL-28B	51	Video	P3A.mpeg	1561269	0	1			0		other	0
LL-28B	52	Video	P3C.mpeg	1591694	0	1			0		other	0
LL-28B	52	Response	2	1607141	15447	2
LL-28B	54	Video	P2A.mpeg	1619445	0	1			0		other	0
LL-28B	55	Video	P2C.mpeg	1665752	0	2			0		other	0
LL-28B	55	Response	2	1701325	35573	2
LL-28B	57	Video	P5A.mpeg	1713899	0	1			0		other	0
LL-28B	58	Video	P5C.mpeg	1802835	0	1			0		other	0
LL-28B	58	Response	2	1824459	21624	2
LL-28B	60	Video	P19A.mpeg	1836771	0	2			0		other	0
LL-28B	61	Video	P19C.mpeg	1943261	0	2			0		other	0
LL-28B	61	Response	2	1958597	15336	2
LL-28B	63	Video	instructions	1968338	0	1			0		other	0
LL-28B	63	Response	2	2129003	160665	1
LL-28B	64	Response	2	2168925	38930	2
LL-28B	65	Video	9A.mpeg	2174965	0	1			0		other	0
LL-28B	66	Video	9C.mpeg	2220269	0	1			0		other	0
LL-28B	66	Response	2	2239936	19667	19
LL-28B	68	Video	4A.mpeg	2251865	0	1			0		other	0
LL-28B	69	Video	4C.mpeg	2270923	0	1			0		other	0
LL-28B	69	Response	2	2302672	31749	18
LL-28B	71	Video	27A.mpeg	2315224	0	1			0		other	0
LL-28B	72	Video	27C.mpeg	2385771	0	1			0		other	0
LL-28B	72	Response	2	2409055	23284	2
LL-28B	74	Video	47A.mpeg	2421379	0	1			0		other	0
LL-28B	75	Video	47C.mpeg	2462003	0	1			0		other	0
LL-28B	75	Response	2	2486359	24356	2
LL-28B	77	Video	50A.mpeg	2498446	0	2			0		other	0
LL-28B	78	Video	50C.mpeg	2532550	0	1			0		other	0
LL-28B	78	Response	2	2566423	33873	2
LL-28B	80	Video	5A.mpeg	2578356	0	1			0		other	0
LL-28B	81	Video	5C.mpeg	2605438	0	1			0		other	0
LL-28B	81	Response	2	2628776	23338	1
LL-28B	83	Video	19A.mpeg	2640879	0	1			0		other	0
LL-28B	84	Video	19C.mpeg	2697718	0	1			0		other	0
LL-28B	84	Response	2	2710303	12585	2
LL-28B	86	Video	10A.mpeg	2722125	0	2			0		other	0
LL-28B	87	Video	10C.mpeg	2772779	0	1			0		other	0
LL-28B	87	Response	2	2808675	35896	1
LL-28B	89	Video	26A.mpeg	2821427	0	1			0		other	0
LL-28B	90	Video	26C.mpeg	2893813	0	1			0		other	0
LL-28B	90	Response	2	2909283	15470	44
LL-28B	92	Video	6A.mpeg	2921230	0	1			0		other	0
LL-28B	93	Video	6C.mpeg	2953996	0	1			0		other	0
LL-28B	93	Response	2	2986540	32544	18
LL-28B	95	Video	44A.mpeg	2998798	0	2			0		other	0
LL-28B	96	Video	44C.mpeg	3037416	0	1			0		other	0
LL-28B	96	Response	2	3055589	18173	18
LL-28B	98	Video	51A.mpeg	3067173	0	1			0		other	0
LL-28B	99	Video	51C.mpeg	3111307	0	1			0		other	0
LL-28B	99	Response	2	3126143	14836	19
LL-28B	101	Video	31A.mpeg	3138556	0	1			0		other	0
LL-28B	102	Video	31C.mpeg	3242538	0	1			0		other	0
LL-28B	102	Response	2	3257342	14804	2
LL-28B	104	Video	13A.mpeg	3269620	0	2			0		other	0
LL-28B	105	Video	13C.mpeg	3325791	0	1			0		other	0
LL-28B	105	Response	2	3339933	14142	3
LL-28B	107	Video	49A.mpeg	3352037	0	2			0		other	0
LL-28B	108	Video	49C.mpeg	3409712	0	2			0		other	0
LL-28B	108	Response	2	3426719	17007	2
LL-28B	110	Video	36A.mpeg	3437965	0	1			0		other	0
LL-28B	111	Video	36C.mpeg	3489789	0	1			0		other	0
LL-28B	111	Response	2	3501267	11478	2
LL-28B	113	Video	3A.mpeg	3512357	0	1			0		other	0
LL-28B	114	Video	3C.mpeg	3540944	0	1			0		other	0
LL-28B	114	Response	2	3554319	13375	1
LL-28B	116	Video	2A.mpeg	3565519	0	1			0		other	0
LL-28B	117	Video	2C.mpeg	3598285	0	1			0		other	0
LL-28B	117	Response	2	3613044	14759	1
LL-28B	119	Video	60A.mpeg	3625534	0	1			0		other	0
LL-28B	120	Video	60C.mpeg	3676522	0	1			0		other	0
LL-28B	120	Response	2	3692810	16288	2
LL-28B	122	Video	41A.mpeg	3704106	0	1			0		other	0
LL-28B	123	Video	41C.mpeg	3737206	0	2			0		other	0
LL-28B	123	Response	2	3752620	15414	2
LL-28B	125	Video	43A.mpeg	3764623	0	1			0		other	0
LL-28B	126	Video	43C.mpeg	3802070	0	1			0		other	0
LL-28B	126	Response	2	3829899	27829	2
LL-28B	128	Video	12A.mpeg	3841523	0	1			0		other	0
LL-28B	129	Video	12C.mpeg	3872952	0	1			0		other	0
LL-28B	129	Response	2	3888163	15211	2
LL-28B	131	Video	1A.mpeg	3899867	0	1			0		other	0
LL-28B	132	Video	1C.mpeg	3934639	0	1			0		other	0
LL-28B	132	Response	2	3954089	19450	2
LL-28B	134	Video	11A.mpeg	3965399	0	1			0		other	0
LL-28B	135	Video	11C.mpeg	4002846	0	1			0		other	0
LL-28B	135	Response	2	4017678	14832	1
LL-28B	137	Video	25A.mpeg	4029259	0	2			0		other	0
LL-28B	138	Video	25C.mpeg	4101312	0	1			0		other	0
LL-28B	138	Response	2	4117746	16434	2
LL-28B	140	Video	57A.mpeg	4130400	0	1			0		other	0
LL-28B	141	Video	57C.mpeg	4232878	0	1			0		other	0
LL-28B	141	Response	2	4260170	27292	2
LL-28B	143	Video	48A.mpeg	4272665	0	1			0		other	0
LL-28B	144	Video	48C.mpeg	4341875	0	1			0		other	0
LL-28B	144	Response	2	4396048	54173	2
LL-28B	146	Video	56A.mpeg	4407574	0	2			0		other	0
LL-28B	147	Video	56C.mpeg	4429474	0	1			0		other	0
LL-28B	147	Response	2	4445431	15957	3
LL-28B	149	Video	55A.mpeg	4457559	0	2			0		other	0
LL-28B	150	Video	55C.mpeg	4504034	0	1			0		other	0
LL-28B	150	Response	2	4522304	18270	2
LL-28B	152	Video	38A.mpeg	4533958	0	1			0		other	0
LL-28B	153	Video	38C.mpeg	4573578	0	2			0		other	0
LL-28B	153	Response	2	4601047	27469	1
LL-28B	155	Response	2	5096576	484882	2
LL-28B	157	Video	32A.mpeg	5102016	0	1			0		other	0
LL-28B	158	Video	32C.mpeg	5132107	0	1			0		other	0
LL-28B	158	Response	2	5146916	14809	1
LL-28B	160	Video	22A.mpeg	5158688	0	1			0		other	0
LL-28B	161	Video	22C.mpeg	5210846	0	1			0		other	0
LL-28B	161	Response	2	5225787	14941	18
LL-28B	163	Video	52A.mpeg	5237761	0	1			0		other	0
LL-28B	164	Video	52C.mpeg	5285740	0	1			0		other	0
LL-28B	164	Response	2	5317704	31964	1
LL-28B	166	Video	20A.mpeg	5329539	0	2			0		other	0
LL-28B	167	Video	20C.mpeg	5355117	0	1			0		other	0
LL-28B	167	Response	2	5371551	16434	36
LL-28B	169	Video	37A.mpeg	5382868	0	1			0		other	0
LL-28B	170	Video	37C.mpeg	5422655	0	2			0		other	0
LL-28B	170	Response	2	5433335	10680	2
LL-28B	172	Video	34A.mpeg	5445725	0	2			0		other	0
LL-28B	173	Video	34C.mpeg	5507580	0	1			0		other	0
LL-28B	173	Response	2	5529932	22352	2
LL-28B	175	Video	29A.mpeg	5542018	0	1			0		other	0
LL-28B	176	Video	29C.mpeg	5609890	0	2			0		other	0
LL-28B	176	Response	2	5642085	32195	2
LL-28B	178	Video	59A.mpeg	5654693	0	1			0		other	0
LL-28B	179	Video	59C.mpeg	5773888	0	1			0		other	0
LL-28B	179	Response	2	5787629	13741	1
LL-28B	181	Video	54A.mpeg	5799967	0	2			0		other	0
LL-28B	182	Video	54C.mpeg	5879041	0	1			0		other	0
LL-28B	182	Response	2	5914453	35412	2
LL-28B	184	Video	23A.mpeg	5926518	0	1			0		other	0
LL-28B	185	Video	23C.mpeg	5970652	0	1			0		other	0
LL-28B	185	Response	2	5993190	22538	1
LL-28B	187	Video	39A.mpeg	6004588	0	2			0		other	0
LL-28B	188	Video	39C.mpeg	6055911	0	1			0		other	0
LL-28B	188	Response	2	6072597	16686	2
LL-28B	190	Video	15A.mpeg	6084330	0	2			0		other	0
LL-28B	191	Video	15C.mpeg	6111413	0	1			0		other	0
LL-28B	191	Response	2	6128000	16587	2
LL-28B	193	Video	35A.mpeg	6139999	0	2			0		other	0
LL-28B	194	Video	35C.mpeg	6184468	0	1			0		other	0
LL-28B	194	Response	2	6217372	32904	2
LL-28B	196	Video	21A.mpeg	6229437	0	2			0		other	0
LL-28B	197	Video	21C.mpeg	6284271	0	1			0		other	0
LL-28B	197	Response	2	6306849	22578	45
LL-28B	199	Video	53A.mpeg	6318374	0	1			0		other	0
LL-28B	200	Video	53C.mpeg	6377387	0	1			0		other	0
LL-28B	200	Response	2	6393831	16444	2
LL-28B	202	Video	17A.mpeg	6405305	0	1			0		other	0
LL-28B	203	Video	17C.mpeg	6443755	0	1			0		other	0
LL-28B	203	Response	2	6468469	24714	2
LL-28B	205	Video	46A.mpeg	6480700	0	1			0		other	0
LL-28B	206	Video	46C.mpeg	6540214	0	1			0		other	0
LL-28B	206	Response	2	6549034	8820	2
LL-28B	208	Video	14A.mpeg	6561445	0	1			0		other	0
LL-28B	209	Video	14C.mpeg	6595047	0	1			0		other	0
LL-28B	209	Response	2	6614941	19894	2
LL-28B	211	Video	33A.mpeg	6626643	0	1			0		other	0
LL-28B	212	Video	33C.mpeg	6683482	0	2			0		other	0
LL-28B	212	Response	2	6702056	18574	2
LL-28B	214	Video	40A.mpeg	6713741	0	1			0		other	0
LL-28B	215	Video	40C.mpeg	6760550	0	1			0		other	0
LL-28B	215	Response	2	6777468	16918	1
LL-28B	217	Video	28A.mpeg	6788969	0	1			0		other	0
LL-28B	218	Video	28C.mpeg	6818893	0	1			0		other	0
LL-28B	218	Response	2	6842084	23191	1
LL-28B	220	Video	58A.mpeg	6854836	0	1			0		other	0
LL-28B	221	Video	58C.mpeg	6984228	0	2			0		other	0
LL-28B	221	Response	2	6999041	14813	2
LL-28B	223	Video	7A.mpeg	7011311	0	1			0		other	0
LL-28B	224	Video	7C.mpeg	7064305	0	1			0		other	0
LL-28B	224	Response	2	7081069	16764	2
LL-28B	226	Video	42A.mpeg	7093226	0	1			0		other	0
LL-28B	227	Video	42C.mpeg	7130004	0	2			0		other	0
LL-28B	227	Response	2	7160503	30499	1
LL-28B	229	Video	30A.mpeg	7172634	0	1			0		other	0
LL-28B	230	Video	30C.mpeg	7230142	0	1			0		other	0
LL-28B	230	Response	2	7247342	17200	2
LL-28B	232	Video	16A.mpeg	7259230	0	1			0		other	0
LL-28B	233	Video	16C.mpeg	7337300	0	1			0		other	0
LL-28B	233	Response	2	7348511	11211	2
LL-28B	235	Video	8A.mpeg	7360704	0	2			0		other	0
LL-28B	236	Video	8C.mpeg	7423060	0	2			0		other	0
LL-28B	236	Response	2	7430566	7506	2
LL-28B	238	Video	18A.mpeg	7443288	0	2			0		other	0
LL-28B	239	Video	18C.mpeg	7499125	0	1			0		other	0
LL-28B	239	Response	2	7508852	9727	19
LL-28B	241	Video	45A.mpeg	7521192	0	1			0		other	0
LL-28B	242	Video	45C.mpeg	7577362	0	1			0		other	0
LL-28B	242	Response	2	7588574	11212	2
LL-28B	244	Video	24A.mpeg	7600934	0	1			0		other	0
LL-28B	245	Video	24C.mpeg	7646572	0	1			0		other	0
LL-28B	245	Response	2	7662537	15965	1
