Scenario - Test trials
Logfile written - 01/14/2015 14:41:53

Subject	Trial	Event Type	Code	Time	TTime	Uncertainty	Duration	Uncertainty	ReqTime	ReqDur	Stim Type	Pair Index

LL-26B	1	Video	instructions	-4984	0	1			0		other	0
LL-26B	1	Response	2	16498	21482	2
LL-26B	2	Response	2	82063	64480	2
LL-26B	3	Video	P11A.mpeg	88298	0	1			0		other	0
LL-26B	4	Video	P11C.mpeg	133268	0	1			0		other	0
LL-26B	4	Response	2	175246	41978	2
LL-26B	6	Video	P12A.mpeg	187265	0	1			0		other	0
LL-26B	7	Video	P12C.mpeg	240761	0	1			0		other	0
LL-26B	7	Response	2	295780	55019	2
LL-26B	9	Video	P8A.mpeg	307463	0	1			0		other	0
LL-26B	9	Response	2	332735	25272	2
LL-26B	10	Video	P8C.mpeg	333877	0	1			0		other	0
LL-26B	10	Response	2	357909	24032	1
LL-26B	12	Video	P7A.mpeg	369819	0	1			0		other	0
LL-26B	13	Video	P7C.mpeg	412114	0	1			0		other	0
LL-26B	13	Response	2	443165	31051	44
LL-26B	15	Video	P1A.mpeg	456248	0	1			0		other	0
LL-26B	16	Video	P1C.mpeg	590322	0	1			0		other	0
LL-26B	16	Response	2	619412	29090	2
LL-26B	18	Video	P5A.mpeg	631446	0	2			0		other	0
LL-26B	19	Video	P5C.mpeg	689121	0	2			0		other	0
LL-26B	19	Response	2	708581	19460	1
LL-26B	21	Video	P14A.mpeg	720383	0	1			0		other	0
LL-26B	22	Video	P14C.mpeg	805642	0	1			0		other	0
LL-26B	22	Response	2	818975	13333	2
LL-26B	24	Video	P4A.mpeg	831052	0	1			0		other	0
LL-26B	25	Video	P4C.mpeg	971311	0	1			0		other	0
LL-26B	25	Response	2	990122	18811	2
LL-26B	27	Video	P20A.mpeg	1002238	0	2			0		other	0
LL-26B	28	Video	P20C.mpeg	1055567	0	1			0		other	0
LL-26B	28	Response	2	1083063	27496	1
LL-26B	30	Video	P15A.mpeg	1095187	0	2			0		other	0
LL-26B	31	Video	P15C.mpeg	1141996	0	1			0		other	0
LL-26B	31	Response	2	1169430	27434	1
LL-26B	33	Video	P2A.mpeg	1182285	0	1			0		other	0
LL-26B	34	Video	P2C.mpeg	1284428	0	2			0		other	0
LL-26B	34	Response	2	1315650	31222	1
LL-26B	36	Video	P19A.mpeg	1327058	0	1			0		other	0
LL-26B	37	Video	P19C.mpeg	1380721	0	1			0		other	0
LL-26B	37	Response	2	1400283	19562	2
LL-26B	39	Video	P9A.mpeg	1411982	0	1			0		other	0
LL-26B	40	Video	P9C.mpeg	1481025	0	1			0		other	0
LL-26B	40	Response	2	1503850	22825	43
LL-26B	42	Video	P10A.mpeg	1516299	0	1			0		other	0
LL-26B	43	Video	P10C.mpeg	1629643	0	1			0		other	0
LL-26B	43	Response	2	1669583	39940	1
LL-26B	45	Video	P17A.mpeg	1681968	0	1			0		other	0
LL-26B	46	Video	P17C.mpeg	1717409	0	1			0		other	0
LL-26B	46	Response	2	1738745	21336	2
LL-26B	48	Video	P6A.mpeg	1750175	0	1			0		other	0
LL-26B	49	Video	P6C.mpeg	1787622	0	2			0		other	0
LL-26B	49	Response	2	1802077	14455	2
LL-26B	51	Video	P16A.mpeg	1813033	0	1			0		other	0
LL-26B	52	Video	P16C.mpeg	1842957	0	1			0		other	0
LL-26B	52	Response	2	1859985	17028	1
LL-26B	54	Video	P13A.mpeg	1872380	0	1			0		other	0
LL-26B	55	Video	P13C.mpeg	1913003	0	1			0		other	0
LL-26B	55	Response	2	1982736	69733	9
LL-26B	57	Video	P18A.mpeg	1994918	0	1			0		other	0
LL-26B	58	Video	P18C.mpeg	2120299	0	1			0		other	0
LL-26B	58	Response	2	2137436	17137	2
LL-26B	60	Video	P3A.mpeg	2149889	0	1			0		other	0
LL-26B	61	Video	P3C.mpeg	2242001	0	2			0		other	0
LL-26B	61	Response	2	2266091	24090	2
LL-26B	63	Video	instructions	2276097	0	129			0		other	0
LL-26B	63	Response	2	2391940	115843	1
LL-26B	64	Response	2	2449708	56748	2
LL-26B	65	Video	57A.mpeg	2455817	0	1			0		other	0
LL-26B	66	Video	57C.mpeg	2504632	0	1			0		other	0
LL-26B	66	Response	2	2517086	12454	19
LL-26B	68	Video	16A.mpeg	2530042	0	1			0		other	0
LL-26B	69	Video	16C.mpeg	2627839	0	1			0		other	0
LL-26B	69	Response	2	2673987	46148	2
LL-26B	71	Video	47A.mpeg	2685849	0	1			0		other	0
LL-26B	72	Video	47C.mpeg	2734329	0	1			0		other	0
LL-26B	72	Response	2	2756402	22073	2
LL-26B	74	Video	45A.mpeg	2768767	0	1			0		other	0
LL-26B	75	Video	45C.mpeg	2806381	0	1			0		other	0
LL-26B	75	Response	2	2821656	15275	1
LL-26B	77	Video	2A.mpeg	2833798	0	1			0		other	0
LL-26B	78	Video	2C.mpeg	2948312	0	1			0		other	0
LL-26B	78	Response	2	2979633	31321	3
LL-26B	80	Video	53A.mpeg	2991443	0	1			0		other	0
LL-26B	81	Video	53C.mpeg	3022537	0	1			0		other	0
LL-26B	81	Response	2	3057639	35102	1
LL-26B	83	Video	25A.mpeg	3070516	0	1			0		other	0
LL-26B	84	Video	25C.mpeg	3178511	0	1			0		other	0
LL-26B	84	Response	2	3211574	33063	3
LL-26B	86	Video	29A.mpeg	3224483	0	2			0		other	0
LL-26B	87	Video	29C.mpeg	3271961	0	1			0		other	0
LL-26B	87	Response	2	3294049	22088	34
LL-26B	89	Video	34A.mpeg	3307067	0	2			0		other	0
LL-26B	90	Video	34C.mpeg	3407205	0	1			0		other	0
LL-26B	90	Response	2	3446432	39227	2
LL-26B	92	Video	20A.mpeg	3458694	0	2			0		other	0
LL-26B	93	Video	20C.mpeg	3539941	0	1			0		other	0
LL-26B	93	Response	2	3553659	13718	47
LL-26B	95	Video	7A.mpeg	3566020	0	1			0		other	0
LL-26B	96	Video	7C.mpeg	3646264	0	1			0		other	0
LL-26B	96	Response	2	3690989	44725	3
LL-26B	98	Video	31A.mpeg	3703604	0	2			0		other	0
LL-26B	99	Video	31C.mpeg	3776492	0	1			0		other	0
LL-26B	99	Response	2	3803919	27427	40
LL-26B	101	Video	33A.mpeg	3816447	0	1			0		other	0
LL-26B	102	Video	33C.mpeg	3865429	0	1			0		other	0
LL-26B	102	Response	2	3879906	14477	19
LL-26B	104	Video	9A.mpeg	3893013	0	1			0		other	0
LL-26B	105	Video	9C.mpeg	3939487	0	1			0		other	0
LL-26B	105	Response	2	4002020	62533	2
LL-26B	107	Video	46A.mpeg	4014047	0	1			0		other	0
LL-26B	108	Video	46C.mpeg	4063029	0	1			0		other	0
LL-26B	108	Response	2	4085275	22246	2
LL-26B	110	Video	41A.mpeg	4098302	0	2			0		other	0
LL-26B	111	Video	41C.mpeg	4158485	0	1			0		other	0
LL-26B	111	Response	2	4172806	14321	2
LL-26B	113	Video	36A.mpeg	4185400	0	1			0		other	0
LL-26B	114	Video	36C.mpeg	4236890	0	1			0		other	0
LL-26B	114	Response	2	4291095	54205	3
LL-26B	116	Video	19A.mpeg	4304595	0	1			0		other	0
LL-26B	117	Video	19C.mpeg	4470098	0	1			0		other	0
LL-26B	117	Response	2	4490345	20247	2
LL-26B	119	Video	56A.mpeg	4503198	0	1			0		other	0
LL-26B	120	Video	56C.mpeg	4612028	0	2			0		other	0
LL-26B	120	Response	2	4631768	19740	1
LL-26B	122	Video	50A.mpeg	4643290	0	1			0		other	0
LL-26B	123	Video	50C.mpeg	4685418	0	1			0		other	0
LL-26B	123	Response	2	4705437	20019	2
LL-26B	125	Video	40A.mpeg	4717682	0	2			0		other	0
LL-26B	126	Video	40C.mpeg	4801604	0	1			0		other	0
LL-26B	126	Response	2	4829256	27652	1
LL-26B	128	Video	1A.mpeg	4841224	0	1			0		other	0
LL-26B	129	Video	1C.mpeg	4954902	0	2			0		other	0
LL-26B	129	Response	2	4968898	13996	2
LL-26B	131	Video	8A.mpeg	4980982	0	1			0		other	0
LL-26B	132	Video	8C.mpeg	5058717	0	2			0		other	0
LL-26B	132	Response	2	5079879	21162	2
LL-26B	134	Video	13A.mpeg	5091818	0	1			0		other	0
LL-26B	135	Video	13C.mpeg	5141469	0	1			0		other	0
LL-26B	135	Response	2	5160739	19270	44
LL-26B	137	Video	59A.mpeg	5173399	0	1			0		other	0
LL-26B	138	Video	59C.mpeg	5221044	0	1			0		other	0
LL-26B	138	Response	2	5229372	8328	2
LL-26B	140	Video	11A.mpeg	5241272	0	1			0		other	0
LL-26B	141	Video	11C.mpeg	5300451	0	1			0		other	0
LL-26B	141	Response	2	5344053	43602	1
LL-26B	143	Video	52A.mpeg	5356789	0	1			0		other	0
LL-26B	144	Video	52C.mpeg	5424662	0	1			0		other	0
LL-26B	144	Response	2	5458202	33540	1
LL-26B	146	Video	32A.mpeg	5469464	0	1			0		other	0
LL-26B	147	Video	32C.mpeg	5494373	0	1			0		other	0
LL-26B	147	Response	2	5516770	22397	1
LL-26B	149	Video	10A.mpeg	5528644	0	1			0		other	0
LL-26B	150	Video	10C.mpeg	5563082	0	1			0		other	0
LL-26B	150	Response	2	5579767	16685	2
LL-26B	152	Video	58A.mpeg	5592003	0	1			0		other	0
LL-26B	153	Video	58C.mpeg	5621593	0	1			0		other	0
LL-26B	153	Response	2	5636125	14532	1
LL-26B	155	Response	2	5669055	20213	2
LL-26B	157	Video	14A.mpeg	5674587	0	1			0		other	0
LL-26B	158	Video	14C.mpeg	5761684	0	2			0		other	0
LL-26B	158	Response	2	5785264	23580	2
LL-26B	160	Video	5A.mpeg	5797460	0	1			0		other	0
LL-26B	161	Video	5C.mpeg	5864329	0	1			0		other	0
LL-26B	161	Response	2	5878863	14534	2
LL-26B	163	Video	60A.mpeg	5891244	0	2			0		other	0
LL-26B	164	Video	60C.mpeg	5957947	0	1			0		other	0
LL-26B	164	Response	2	5980000	22053	1
LL-26B	166	Video	48A.mpeg	5992050	0	1			0		other	0
LL-26B	167	Video	48C.mpeg	6021473	0	1			0		other	0
LL-26B	167	Response	2	6049597	28124	1
LL-26B	169	Video	37A.mpeg	6061595	0	1			0		other	0
LL-26B	170	Video	37C.mpeg	6094194	0	1			0		other	0
LL-26B	170	Response	2	6112425	18231	45
LL-26B	172	Video	43A.mpeg	6124118	0	1			0		other	0
LL-26B	173	Video	43C.mpeg	6162568	0	1			0		other	0
LL-26B	173	Response	2	6172785	10217	18
LL-26B	175	Video	44A.mpeg	6185136	0	2			0		other	0
LL-26B	176	Video	44C.mpeg	6249833	0	1			0		other	0
LL-26B	176	Response	2	6269664	19831	2
LL-26B	178	Video	4A.mpeg	6282097	0	2			0		other	0
LL-26B	179	Video	4C.mpeg	6405973	0	1			0		other	0
LL-26B	179	Response	2	6419101	13128	2
LL-26B	181	Video	15A.mpeg	6431217	0	1			0		other	0
LL-26B	182	Video	15C.mpeg	6485381	0	1			0		other	0
LL-26B	182	Response	2	6497378	11997	1
LL-26B	184	Video	27A.mpeg	6509621	0	1			0		other	0
LL-26B	185	Video	27C.mpeg	6571810	0	1			0		other	0
LL-26B	185	Response	2	6596347	24537	45
LL-26B	187	Video	12A.mpeg	6608254	0	1			0		other	0
LL-26B	188	Video	12C.mpeg	6645701	0	1			0		other	0
LL-26B	188	Response	2	6659713	14012	1
LL-26B	190	Video	26A.mpeg	6671947	0	1			0		other	0
LL-26B	191	Video	26C.mpeg	6700033	0	1			0		other	0
LL-26B	191	Response	2	6716736	16703	2
LL-26B	193	Video	18A.mpeg	6730124	0	1			0		other	0
LL-26B	194	Video	18C.mpeg	6827252	0	1			0		other	0
LL-26B	194	Response	2	6860975	33723	2
LL-26B	196	Video	23A.mpeg	6873559	0	1			0		other	0
LL-26B	197	Video	23C.mpeg	6990748	0	1			0		other	0
LL-26B	197	Response	2	7002585	11837	3
LL-26B	199	Video	17A.mpeg	7014654	0	1			0		other	0
LL-26B	200	Video	17C.mpeg	7065977	0	1			0		other	0
LL-26B	200	Response	2	7088260	22283	2
LL-26B	202	Video	51A.mpeg	7100749	0	1			0		other	0
LL-26B	203	Video	51C.mpeg	7163105	0	1			0		other	0
LL-26B	203	Response	2	7185368	22263	3
LL-26B	205	Video	21A.mpeg	7197041	0	1			0		other	0
LL-26B	206	Video	21C.mpeg	7281965	0	2			0		other	0
LL-26B	206	Response	2	7295785	13820	3
LL-26B	208	Video	3A.mpeg	7308546	0	1			0		other	0
LL-26B	209	Video	3C.mpeg	7395978	0	1			0		other	0
LL-26B	209	Response	2	7416376	20398	2
LL-26B	211	Video	42A.mpeg	7428076	0	1			0		other	0
LL-26B	212	Video	42C.mpeg	7494611	0	1			0		other	0
LL-26B	212	Response	2	7509775	15164	2
LL-26B	214	Video	28A.mpeg	7521860	0	1			0		other	0
LL-26B	215	Video	28C.mpeg	7576693	0	2			0		other	0
LL-26B	215	Response	2	7602915	26222	51
LL-26B	217	Video	38A.mpeg	7615311	0	1			0		other	0
LL-26B	218	Video	38C.mpeg	7660615	0	1			0		other	0
LL-26B	218	Response	2	7669662	9047	17
LL-26B	220	Video	39A.mpeg	7682515	0	1			0		other	0
LL-26B	221	Video	39C.mpeg	7752560	0	2			0		other	0
LL-26B	221	Response	2	7798713	46153	1
LL-26B	223	Video	55A.mpeg	7811740	0	1			0		other	0
LL-26B	224	Video	55C.mpeg	7905023	0	2			0		other	0
LL-26B	224	Response	2	7935935	30912	2
LL-26B	226	Video	49A.mpeg	7947151	0	1			0		other	0
LL-26B	227	Video	49C.mpeg	7964704	0	2			0		other	0
LL-26B	227	Response	2	7980015	15311	2
LL-26B	229	Video	24A.mpeg	7991619	0	2			0		other	0
LL-26B	230	Video	24C.mpeg	8041437	0	1			0		other	0
LL-26B	230	Response	2	8065221	23784	2
LL-26B	232	Video	30A.mpeg	8077213	0	1			0		other	0
LL-26B	233	Video	30C.mpeg	8122517	0	1			0		other	0
LL-26B	233	Response	2	8136096	13579	1
LL-26B	235	Video	6A.mpeg	8147259	0	1			0		other	0
LL-26B	236	Video	6C.mpeg	8196241	0	1			0		other	0
LL-26B	236	Response	2	8206351	10110	2
LL-26B	238	Video	54A.mpeg	8218976	0	1			0		other	0
LL-26B	239	Video	54C.mpeg	8294706	0	1			0		other	0
LL-26B	239	Response	2	8329056	34350	2
LL-26B	241	Video	22A.mpeg	8340846	0	1			0		other	0
LL-26B	242	Video	22C.mpeg	8388324	0	1			0		other	0
LL-26B	242	Response	2	8401975	13651	2
LL-26B	244	Video	35A.mpeg	8414737	0	1			0		other	0
LL-26B	245	Video	35C.mpeg	8482610	0	1			0		other	0
LL-26B	245	Response	2	8515377	32767	2
