Scenario - Test trials
Logfile written - 01/14/2015 15:33:32

Subject	Trial	Event Type	Code	Time	TTime	Uncertainty	Duration	Uncertainty	ReqTime	ReqDur	Stim Type	Pair Index

LL-27	1	Video	instructions	-4817	0	1			0		other	0
LL-27	2	Response	2	1672641	549034	2
LL-27	3	Video	P7A.mpeg	1678792	0	1			0		other	0
LL-27	4	Video	P7C.mpeg	1721254	0	1			0		other	0
LL-27	4	Response	2	1751457	30203	1
LL-27	6	Video	P9A.mpeg	1763215	0	1			0		other	0
LL-27	7	Video	P9C.mpeg	1832091	0	1			0		other	0
LL-27	7	Response	2	1834801	2710	2
LL-27	9	Video	P13A.mpeg	1846635	0	1			0		other	0
LL-27	10	Video	P13C.mpeg	1887258	0	1			0		other	0
LL-27	10	Response	2	1957555	70297	2
LL-27	12	Video	P11A.mpeg	1970009	0	1			0		other	0
LL-27	13	Video	P11C.mpeg	2014812	0	1			0		other	0
LL-27	13	Response	2	2058141	43329	2
LL-27	15	Video	P6A.mpeg	2069812	0	1			0		other	0
LL-27	16	Video	P6C.mpeg	2107426	0	1			0		other	0
LL-27	16	Response	2	2124592	17166	2
LL-27	18	Video	P4A.mpeg	2137016	0	1			0		other	0
LL-27	19	Video	P4C.mpeg	2277275	0	1			0		other	0
LL-27	19	Response	2	2296051	18776	1
LL-27	21	Video	P12A.mpeg	2307701	0	1			0		other	0
LL-27	22	Video	P12C.mpeg	2361029	0	2			0		other	0
LL-27	22	Response	2	2415764	54735	2
LL-27	24	Video	P18A.mpeg	2427732	0	1			0		other	0
LL-27	25	Video	P18C.mpeg	2552945	0	1			0		other	0
LL-27	25	Response	2	2573496	20551	46
LL-27	27	Video	P16A.mpeg	2584708	0	1			0		other	0
LL-27	28	Video	P16C.mpeg	2614800	0	1			0		other	0
LL-27	28	Response	2	2632172	17372	2
LL-27	30	Video	P2A.mpeg	2644724	0	1			0		other	0
LL-27	31	Video	P2C.mpeg	2746700	0	1			0		other	0
LL-27	31	Response	2	2777616	30916	2
LL-27	33	Video	P5A.mpeg	2789329	0	2			0		other	0
LL-27	34	Video	P5C.mpeg	2846837	0	1			0		other	0
LL-27	34	Response	2	2866547	19710	1
LL-27	36	Video	P10A.mpeg	2878935	0	1			0		other	0
LL-27	37	Video	P10C.mpeg	2992279	0	1			0		other	0
LL-27	37	Response	2	3036967	44688	2
LL-27	39	Video	P17A.mpeg	3049619	0	2			0		other	0
LL-27	40	Video	P17C.mpeg	3084893	0	1			0		other	0
LL-27	40	Response	2	3138297	53404	34
LL-27	42	Video	P15A.mpeg	3150593	0	1			0		other	0
LL-27	43	Video	P15C.mpeg	3197401	0	2			0		other	0
LL-27	43	Response	2	3233338	35937	1
LL-27	45	Video	P8A.mpeg	3244879	0	1			0		other	0
LL-27	46	Video	P8C.mpeg	3271125	0	1			0		other	0
LL-27	46	Response	2	3289626	18501	1
LL-27	48	Video	P20A.mpeg	3301718	0	1			0		other	0
LL-27	49	Video	P20C.mpeg	3355046	0	2			0		other	0
LL-27	49	Response	2	3385918	30872	2
LL-27	51	Video	P14A.mpeg	3398010	0	1			0		other	0
LL-27	52	Video	P14C.mpeg	3483269	0	1			0		other	0
LL-27	52	Response	2	3499099	15830	18
LL-27	54	Video	P19A.mpeg	3511689	0	1			0		other	0
LL-27	55	Video	P19C.mpeg	3565184	0	1			0		other	0
LL-27	55	Response	2	3588131	22947	18
LL-27	57	Video	P1A.mpeg	3600792	0	2			0		other	0
LL-27	58	Video	P1C.mpeg	3735033	0	1			0		other	0
LL-27	58	Response	2	3750251	15218	2
LL-27	60	Video	P3A.mpeg	3762617	0	1			0		other	0
LL-27	61	Video	P3C.mpeg	3854730	0	1			0		other	0
LL-27	61	Response	2	3879878	25148	2
LL-27	63	Video	instructions	3889818	0	198			0		other	0
LL-27	64	Response	2	4699819	271682	1
LL-27	65	Video	7A.mpeg	4706482	0	1			0		other	0
LL-27	66	Video	7C.mpeg	4786558	0	1			0		other	0
LL-27	66	Response	2	4833468	46910	2
LL-27	68	Video	13A.mpeg	4845905	0	1			0		other	0
LL-27	69	Video	13C.mpeg	4895388	0	2			0		other	0
LL-27	69	Response	2	4915718	20330	2
LL-27	71	Video	37A.mpeg	4927151	0	2			0		other	0
LL-27	72	Video	37C.mpeg	4959583	0	1			0		other	0
LL-27	72	Response	2	4978214	18631	14
LL-27	74	Video	20A.mpeg	4990343	0	1			0		other	0
LL-27	74	Response	2	5070555	80212	1
LL-27	75	Video	20C.mpeg	5071590	0	1			0		other	0
LL-27	75	Response	2	5099920	28330	2
LL-27	77	Video	58A.mpeg	5111377	0	1			0		other	0
LL-27	78	Video	58C.mpeg	5140967	0	1			0		other	0
LL-27	78	Response	2	5155119	14152	3
LL-27	80	Video	2A.mpeg	5167381	0	1			0		other	0
LL-27	81	Video	2C.mpeg	5281895	0	1			0		other	0
LL-27	81	Response	2	5312821	30926	2
LL-27	83	Video	51A.mpeg	5325193	0	1			0		other	0
LL-27	84	Video	51C.mpeg	5387549	0	1			0		other	0
LL-27	84	Response	2	5417256	29707	1
LL-27	86	Video	25A.mpeg	5430011	0	1			0		other	0
LL-27	87	Video	25C.mpeg	5538006	0	1			0		other	0
LL-27	87	Response	2	5570218	32212	29
LL-27	89	Video	60A.mpeg	5582975	0	2			0		other	0
LL-27	90	Video	60C.mpeg	5649678	0	1			0		other	0
LL-27	90	Response	2	5671926	22248	2
LL-27	92	Video	54A.mpeg	5684116	0	1			0		other	0
LL-27	93	Video	54C.mpeg	5759678	0	2			0		other	0
LL-27	93	Response	2	5786207	26529	1
LL-27	95	Video	23A.mpeg	5798463	0	1			0		other	0
LL-27	96	Video	23C.mpeg	5915819	0	1			0		other	0
LL-27	96	Response	2	5930772	14953	36
LL-27	98	Video	1A.mpeg	5943235	0	2			0		other	0
LL-27	99	Video	1C.mpeg	6056914	0	1			0		other	0
LL-27	99	Response	2	6071334	14420	2
LL-27	101	Video	14A.mpeg	6083829	0	1			0		other	0
LL-27	102	Video	14C.mpeg	6170759	0	2			0		other	0
LL-27	102	Response	2	6193988	23229	1
LL-27	104	Video	16A.mpeg	6206869	0	1			0		other	0
LL-27	105	Video	16C.mpeg	6304666	0	1			0		other	0
LL-27	105	Response	2	6350319	45653	2
LL-27	107	Video	18A.mpeg	6362675	0	1			0		other	0
LL-27	108	Video	18C.mpeg	6459803	0	2			0		other	0
LL-27	108	Response	2	6490254	30451	1
LL-27	110	Video	21A.mpeg	6502266	0	1			0		other	0
LL-27	111	Video	21C.mpeg	6587190	0	1			0		other	0
LL-27	111	Response	2	6602925	15735	2
LL-27	113	Video	34A.mpeg	6615610	0	1			0		other	0
LL-27	114	Video	34C.mpeg	6715747	0	1			0		other	0
LL-27	114	Response	2	6756469	40722	2
LL-27	116	Video	8A.mpeg	6768407	0	1			0		other	0
LL-27	117	Video	8C.mpeg	6846310	0	1			0		other	0
LL-27	117	Response	2	6869884	23574	2
LL-27	119	Video	56A.mpeg	6882587	0	1			0		other	0
LL-27	120	Video	56C.mpeg	6991584	0	1			0		other	0
LL-27	120	Response	2	7011722	20138	2
LL-27	122	Video	35A.mpeg	7024517	0	2			0		other	0
LL-27	123	Video	35C.mpeg	7092557	0	1			0		other	0
LL-27	123	Response	2	7109855	17298	2
LL-27	125	Video	52A.mpeg	7122314	0	1			0		other	0
LL-27	126	Video	52C.mpeg	7190020	0	1			0		other	0
LL-27	126	Response	2	7223539	33519	2
LL-27	128	Video	41A.mpeg	7235491	0	1			0		other	0
LL-27	129	Video	41C.mpeg	7295507	0	1			0		other	0
LL-27	129	Response	2	7313121	17614	2
LL-27	131	Video	11A.mpeg	7325264	0	1			0		other	0
LL-27	132	Video	11C.mpeg	7384443	0	1			0		other	0
LL-27	132	Response	2	7436675	52232	18
LL-27	134	Video	42A.mpeg	7449307	0	1			0		other	0
LL-27	135	Video	42C.mpeg	7515842	0	1			0		other	0
LL-27	135	Response	2	7532889	17047	13
LL-27	137	Video	53A.mpeg	7545097	0	2			0		other	0
LL-27	138	Video	53C.mpeg	7576359	0	1			0		other	0
LL-27	138	Response	2	7608451	32092	30
LL-27	140	Video	44A.mpeg	7621162	0	1			0		other	0
LL-27	141	Video	44C.mpeg	7686025	0	1			0		other	0
LL-27	141	Response	2	7709216	23191	1
LL-27	143	Video	22A.mpeg	7721633	0	2			0		other	0
LL-27	144	Video	22C.mpeg	7769278	0	1			0		other	0
LL-27	144	Response	2	7783442	14164	18
LL-27	146	Video	57A.mpeg	7795524	0	1			0		other	0
LL-27	147	Video	57C.mpeg	7844339	0	1			0		other	0
LL-27	147	Response	2	7858927	14588	1
LL-27	149	Video	9A.mpeg	7871923	0	1			0		other	0
LL-27	150	Video	9C.mpeg	7918397	0	1			0		other	0
LL-27	150	Response	2	7981138	62741	1
LL-27	152	Video	24A.mpeg	7993124	0	1			0		other	0
LL-27	153	Video	24C.mpeg	8042775	0	1			0		other	0
LL-27	153	Response	2	8067002	24227	2
LL-27	155	Response	2	8109361	30644	2
LL-27	157	Video	26A.mpeg	8114827	0	1			0		other	0
LL-27	158	Video	26C.mpeg	8142745	0	1			0		other	0
LL-27	158	Response	2	8161192	18447	1
LL-27	160	Video	15A.mpeg	8174006	0	2			0		other	0
LL-27	161	Video	15C.mpeg	8228338	0	1			0		other	0
LL-27	161	Response	2	8247478	19140	1
LL-27	163	Video	47A.mpeg	8259600	0	1			0		other	0
LL-27	164	Video	47C.mpeg	8308247	0	1			0		other	0
LL-27	164	Response	2	8330446	22199	33
LL-27	166	Video	55A.mpeg	8344022	0	2			0		other	0
LL-27	167	Video	55C.mpeg	8437306	0	1			0		other	0
LL-27	167	Response	2	8478826	41520	1
LL-27	169	Video	17A.mpeg	8491303	0	1			0		other	0
LL-27	170	Video	17C.mpeg	8542625	0	1			0		other	0
LL-27	170	Response	2	8586490	43865	2
LL-27	172	Video	4A.mpeg	8598629	0	1			0		other	0
LL-27	173	Video	4C.mpeg	8722505	0	1			0		other	0
LL-27	173	Response	2	8724579	2074	2
LL-27	175	Video	48A.mpeg	8735878	0	2			0		other	0
LL-27	176	Video	48C.mpeg	8764967	0	1			0		other	0
LL-27	176	Response	2	8794544	29577	2
LL-27	178	Video	46A.mpeg	8806593	0	1			0		other	0
LL-27	179	Video	46C.mpeg	8855408	0	1			0		other	0
LL-27	179	Response	2	8881469	26061	1
LL-27	181	Video	50A.mpeg	8893356	0	2			0		other	0
LL-27	182	Video	50C.mpeg	8935317	0	1			0		other	0
LL-27	182	Response	2	8954569	19252	2
LL-27	184	Video	38A.mpeg	8967247	0	2			0		other	0
LL-27	185	Video	38C.mpeg	9012552	0	1			0		other	0
LL-27	185	Response	2	9048381	35829	3
LL-27	187	Video	30A.mpeg	9060196	0	1			0		other	0
LL-27	188	Video	30C.mpeg	9105333	0	1			0		other	0
LL-27	188	Response	2	9123194	17861	17
LL-27	190	Video	29A.mpeg	9135090	0	1			0		other	0
LL-27	191	Video	29C.mpeg	9182735	0	1			0		other	0
LL-27	191	Response	2	9206309	23574	1
LL-27	193	Video	3A.mpeg	9219012	0	1			0		other	0
LL-27	194	Video	3C.mpeg	9306276	0	2			0		other	0
LL-27	194	Response	2	9334179	27903	2
LL-27	196	Video	59A.mpeg	9346398	0	1			0		other	0
LL-27	197	Video	59C.mpeg	9394210	0	27			0		other	0
LL-27	197	Response	2	9427565	33355	44
LL-27	199	Video	28A.mpeg	9440350	0	1			0		other	0
LL-27	200	Video	28C.mpeg	9495350	0	2			0		other	0
LL-27	200	Response	2	9540257	44907	2
LL-27	202	Video	32A.mpeg	9552524	0	1			0		other	0
LL-27	203	Video	32C.mpeg	9577266	0	1			0		other	0
LL-27	203	Response	2	9600707	23441	1
LL-27	205	Video	27A.mpeg	9613041	0	1			0		other	0
LL-27	206	Video	27C.mpeg	9675062	0	2			0		other	0
LL-27	206	Response	2	9702844	27782	48
LL-27	208	Video	36A.mpeg	9715017	0	1			0		other	0
LL-27	209	Video	36C.mpeg	9766172	0	1			0		other	0
LL-27	209	Response	2	9820553	54381	2
LL-27	211	Video	33A.mpeg	9832373	0	2			0		other	0
LL-27	212	Video	33C.mpeg	9881188	0	1			0		other	0
LL-27	212	Response	2	9898780	17592	1
LL-27	214	Video	40A.mpeg	9911614	0	1			0		other	0
LL-27	215	Video	40C.mpeg	9995702	0	2			0		other	0
LL-27	215	Response	2	10022783	27081	2
LL-27	217	Video	49A.mpeg	10033651	0	1			0		other	0
LL-27	218	Video	49C.mpeg	10051037	0	1			0		other	0
LL-27	218	Response	2	10065823	14786	2
LL-27	220	Video	45A.mpeg	10077785	0	1			0		other	0
LL-27	221	Video	45C.mpeg	10115399	0	1			0		other	0
LL-27	221	Response	2	10178571	63172	2
LL-27	223	Video	5A.mpeg	10190460	0	1			0		other	0
LL-27	223	Response	2	10255006	64546	18
LL-27	224	Video	5C.mpeg	10257163	0	1			0		other	0
LL-27	224	Response	2	10277374	20211	2
LL-27	226	Video	19A.mpeg	10289929	0	1			0		other	0
LL-27	227	Video	19C.mpeg	10455097	0	1			0		other	0
LL-27	227	Response	2	10473973	18876	44
LL-27	229	Video	31A.mpeg	10485857	0	1			0		other	0
LL-27	230	Video	31C.mpeg	10558745	0	1			0		other	0
LL-27	230	Response	2	10585494	26749	1
LL-27	232	Video	43A.mpeg	10597529	0	1			0		other	0
LL-27	233	Video	43C.mpeg	10635979	0	1			0		other	0
LL-27	233	Response	2	10649740	13761	34
LL-27	235	Video	10A.mpeg	10661557	0	1			0		other	0
LL-27	236	Video	10C.mpeg	10696162	0	1			0		other	0
LL-27	236	Response	2	10712831	16669	1
LL-27	238	Video	12A.mpeg	10724414	0	1			0		other	0
LL-27	239	Video	12C.mpeg	10761694	0	1			0		other	0
LL-27	239	Response	2	10786236	24542	36
LL-27	241	Video	39A.mpeg	10798807	0	1			0		other	0
LL-27	242	Video	39C.mpeg	10868852	0	2			0		other	0
LL-27	242	Response	2	10918934	50082	2
LL-27	244	Video	6A.mpeg	10930874	0	1			0		other	0
LL-27	245	Video	6C.mpeg	10979856	0	1			0		other	0
LL-27	245	Response	2	10995203	15347	2
